This is pdfTeX, Version 3.14159265-2.6-1.40.20 (TeX Live 2019/Debian) (preloaded format=pdflatex 2020.11.25)  7 DEC 2021 16:01
entering extended mode
 restricted \write18 enabled.
 %&-line parsing enabled.
**"Anal geom.tex"
(./Anal geom.tex
LaTeX2e <2020-02-02> patch level 2
L3 programming layer <2020-02-14>
(/usr/share/texlive/texmf-dist/tex/latex/extsizes/extarticle.cls
Document Class: extarticle 1996/10/08 v1.0 Non Standard LaTeX document class
(/usr/share/texlive/texmf-dist/tex/latex/extsizes/size14.clo
File: size14.clo 1999/11/11 v1.4a NON-Standard LaTeX file (size option)
)
(/usr/share/texlive/texmf-dist/tex/latex/base/exscale.sty
Package: exscale 2018/09/24 v2.1i Standard LaTeX package exscale
LaTeX Font Info:    Redeclaring symbol font `largesymbols' on input line 57.
LaTeX Font Info:    Overwriting symbol font `largesymbols' in version `normal'
(Font)                  OMX/cmex/m/n --> OMX/cmex/m/n on input line 57.
LaTeX Font Info:    Overwriting symbol font `largesymbols' in version `bold'
(Font)                  OMX/cmex/m/n --> OMX/cmex/m/n on input line 57.
\big@size=\dimen134
)
\c@part=\count167
\c@section=\count168
\c@subsection=\count169
\c@subsubsection=\count170
\c@paragraph=\count171
\c@subparagraph=\count172
\c@figure=\count173
\c@table=\count174
\abovecaptionskip=\skip47
\belowcaptionskip=\skip48
\bibindent=\dimen135
)
(/usr/share/texlive/texmf-dist/tex/latex/geometry/geometry.sty
Package: geometry 2020/01/02 v5.9 Page Geometry

(/usr/share/texlive/texmf-dist/tex/latex/graphics/keyval.sty
Package: keyval 2014/10/28 v1.15 key=value parser (DPC)
\KV@toks@=\toks14
)
(/usr/share/texlive/texmf-dist/tex/generic/iftex/ifvtex.sty
Package: ifvtex 2019/10/25 v1.7 ifvtex legacy package. Use iftex instead.

(/usr/share/texlive/texmf-dist/tex/generic/iftex/iftex.sty
Package: iftex 2019/11/07 v1.0c TeX engine tests
))
\Gm@cnth=\count175
\Gm@cntv=\count176
\c@Gm@tempcnt=\count177
\Gm@bindingoffset=\dimen136
\Gm@wd@mp=\dimen137
\Gm@odd@mp=\dimen138
\Gm@even@mp=\dimen139
\Gm@layoutwidth=\dimen140
\Gm@layoutheight=\dimen141
\Gm@layouthoffset=\dimen142
\Gm@layoutvoffset=\dimen143
\Gm@dimlist=\toks15
)
(/usr/share/texlive/texmf-dist/tex/latex/amsfonts/amsfonts.sty
Package: amsfonts 2013/01/14 v3.01 Basic AMSFonts support
\@emptytoks=\toks16
\symAMSa=\mathgroup4
\symAMSb=\mathgroup5
LaTeX Font Info:    Redeclaring math symbol \hbar on input line 98.
LaTeX Font Info:    Overwriting math alphabet `\mathfrak' in version `bold'
(Font)                  U/euf/m/n --> U/euf/b/n on input line 106.
)
(/usr/share/texlive/texmf-dist/tex/latex/amsmath/amsmath.sty
Package: amsmath 2020/01/20 v2.17e AMS math features
\@mathmargin=\skip49

For additional information on amsmath, use the `?' option.
(/usr/share/texlive/texmf-dist/tex/latex/amsmath/amstext.sty
Package: amstext 2000/06/29 v2.01 AMS text

(/usr/share/texlive/texmf-dist/tex/latex/amsmath/amsgen.sty
File: amsgen.sty 1999/11/30 v2.0 generic functions
\@emptytoks=\toks17
\ex@=\dimen144
))
(/usr/share/texlive/texmf-dist/tex/latex/amsmath/amsbsy.sty
Package: amsbsy 1999/11/29 v1.2d Bold Symbols
\pmbraise@=\dimen145
)
(/usr/share/texlive/texmf-dist/tex/latex/amsmath/amsopn.sty
Package: amsopn 2016/03/08 v2.02 operator names
)
\inf@bad=\count178
LaTeX Info: Redefining \frac on input line 227.
\uproot@=\count179
\leftroot@=\count180
LaTeX Info: Redefining \overline on input line 389.
\classnum@=\count181
\DOTSCASE@=\count182
LaTeX Info: Redefining \ldots on input line 486.
LaTeX Info: Redefining \dots on input line 489.
LaTeX Info: Redefining \cdots on input line 610.
\Mathstrutbox@=\box45
\strutbox@=\box46
\big@size=\dimen146
LaTeX Font Info:    Redeclaring font encoding OML on input line 733.
LaTeX Font Info:    Redeclaring font encoding OMS on input line 734.
\macc@depth=\count183
\c@MaxMatrixCols=\count184
\dotsspace@=\muskip16
\c@parentequation=\count185
\dspbrk@lvl=\count186
\tag@help=\toks18
\row@=\count187
\column@=\count188
\maxfields@=\count189
\andhelp@=\toks19
\eqnshift@=\dimen147
\alignsep@=\dimen148
\tagshift@=\dimen149
\tagwidth@=\dimen150
\totwidth@=\dimen151
\lineht@=\dimen152
\@envbody=\toks20
\multlinegap=\skip50
\multlinetaggap=\skip51
\mathdisplay@stack=\toks21
LaTeX Info: Redefining \[ on input line 2859.
LaTeX Info: Redefining \] on input line 2860.
)
(/usr/share/texlive/texmf-dist/tex/latex/amsfonts/amssymb.sty
Package: amssymb 2013/01/14 v3.01 AMS font symbols
)
(/usr/share/texlive/texmf-dist/tex/latex/hyphenat/hyphenat.sty
Package: hyphenat 2009/09/02 v2.3c hyphenation utilities
\langwohyphens=\language85
LaTeX Info: Redefining \_ on input line 43.
)
(/usr/share/texlive/texmf-dist/tex/latex/fancyhdr/fancyhdr.sty
Package: fancyhdr 2019/01/31 v3.10 Extensive control of page headers and footer
s
\f@nch@headwidth=\skip52
\f@nch@O@elh=\skip53
\f@nch@O@erh=\skip54
\f@nch@O@olh=\skip55
\f@nch@O@orh=\skip56
\f@nch@O@elf=\skip57
\f@nch@O@erf=\skip58
\f@nch@O@olf=\skip59
\f@nch@O@orf=\skip60
)
(/usr/share/texlive/texmf-dist/tex/latex/base/inputenc.sty
Package: inputenc 2018/08/11 v1.3c Input encoding file
\inpenc@prehook=\toks22
\inpenc@posthook=\toks23
)
(/usr/share/texlive/texmf-dist/tex/generic/babel/babel.sty
Package: babel 2020/02/14 3.40 The Babel package

(/usr/share/texlive/texmf-dist/tex/generic/babel/switch.def
File: switch.def 2020/02/14 3.40 Babel switching mechanism
)
(/usr/share/texlive/texmf-dist/tex/generic/babel-english/english.ldf
Language: english 2017/06/06 v3.3r English support from the babel system

(/usr/share/texlive/texmf-dist/tex/generic/babel/babel.def
File: babel.def 2020/02/14 3.40 Babel common definitions
\babel@savecnt=\count190
\U@D=\dimen153

(/usr/share/texlive/texmf-dist/tex/generic/babel/txtbabel.def)
\bbl@readstream=\read2
\bbl@dirlevel=\count191
)
Package babel Info: \l@canadian = using hyphenrules for english
(babel)             (\language0) on input line 102.
Package babel Info: \l@australian = using hyphenrules for ukenglish
(babel)             (\language49) on input line 105.
Package babel Info: \l@newzealand = using hyphenrules for ukenglish
(babel)             (\language49) on input line 108.
)
(/usr/share/texlive/texmf-dist/tex/generic/babel-ukrainian/ukraineb.ldf
Language: ukraineb 2018/04/11 1.4c Ukrainian support for the Babel system


Package babel Warning: No Cyrillic font encoding has been loaded so far.
(babel)                A font encoding should be declared before babel.
(babel)                Default `T2A' encoding will be loaded  on input line 79.


(/usr/share/texlive/texmf-dist/tex/latex/cyrillic/t2aenc.def
File: t2aenc.def 2005/09/27 v1.0i Cyrillic encoding definition file
Now handling font encoding T2A ...
... processing UTF-8 mapping file for font encoding T2A

(/usr/share/texlive/texmf-dist/tex/latex/base/t2aenc.dfu
File: t2aenc.dfu 2019/11/14 v1.2k UTF-8 support for inputenc
   defining Unicode char U+00A4 (decimal 164)
   defining Unicode char U+00A7 (decimal 167)
   defining Unicode char U+00AB (decimal 171)
   defining Unicode char U+00BB (decimal 187)
   defining Unicode char U+0131 (decimal 305)
   defining Unicode char U+0237 (decimal 567)
   defining Unicode char U+0400 (decimal 1024)
   defining Unicode char U+0401 (decimal 1025)
   defining Unicode char U+0402 (decimal 1026)
   defining Unicode char U+0403 (decimal 1027)
   defining Unicode char U+0404 (decimal 1028)
   defining Unicode char U+0405 (decimal 1029)
   defining Unicode char U+0406 (decimal 1030)
   defining Unicode char U+0407 (decimal 1031)
   defining Unicode char U+0408 (decimal 1032)
   defining Unicode char U+0409 (decimal 1033)
   defining Unicode char U+040A (decimal 1034)
   defining Unicode char U+040B (decimal 1035)
   defining Unicode char U+040C (decimal 1036)
   defining Unicode char U+040D (decimal 1037)
   defining Unicode char U+040E (decimal 1038)
   defining Unicode char U+040F (decimal 1039)
   defining Unicode char U+0410 (decimal 1040)
   defining Unicode char U+0411 (decimal 1041)
   defining Unicode char U+0412 (decimal 1042)
   defining Unicode char U+0413 (decimal 1043)
   defining Unicode char U+0414 (decimal 1044)
   defining Unicode char U+0415 (decimal 1045)
   defining Unicode char U+0416 (decimal 1046)
   defining Unicode char U+0417 (decimal 1047)
   defining Unicode char U+0418 (decimal 1048)
   defining Unicode char U+0419 (decimal 1049)
   defining Unicode char U+041A (decimal 1050)
   defining Unicode char U+041B (decimal 1051)
   defining Unicode char U+041C (decimal 1052)
   defining Unicode char U+041D (decimal 1053)
   defining Unicode char U+041E (decimal 1054)
   defining Unicode char U+041F (decimal 1055)
   defining Unicode char U+0420 (decimal 1056)
   defining Unicode char U+0421 (decimal 1057)
   defining Unicode char U+0422 (decimal 1058)
   defining Unicode char U+0423 (decimal 1059)
   defining Unicode char U+0424 (decimal 1060)
   defining Unicode char U+0425 (decimal 1061)
   defining Unicode char U+0426 (decimal 1062)
   defining Unicode char U+0427 (decimal 1063)
   defining Unicode char U+0428 (decimal 1064)
   defining Unicode char U+0429 (decimal 1065)
   defining Unicode char U+042A (decimal 1066)
   defining Unicode char U+042B (decimal 1067)
   defining Unicode char U+042C (decimal 1068)
   defining Unicode char U+042D (decimal 1069)
   defining Unicode char U+042E (decimal 1070)
   defining Unicode char U+042F (decimal 1071)
   defining Unicode char U+0430 (decimal 1072)
   defining Unicode char U+0431 (decimal 1073)
   defining Unicode char U+0432 (decimal 1074)
   defining Unicode char U+0433 (decimal 1075)
   defining Unicode char U+0434 (decimal 1076)
   defining Unicode char U+0435 (decimal 1077)
   defining Unicode char U+0436 (decimal 1078)
   defining Unicode char U+0437 (decimal 1079)
   defining Unicode char U+0438 (decimal 1080)
   defining Unicode char U+0439 (decimal 1081)
   defining Unicode char U+043A (decimal 1082)
   defining Unicode char U+043B (decimal 1083)
   defining Unicode char U+043C (decimal 1084)
   defining Unicode char U+043D (decimal 1085)
   defining Unicode char U+043E (decimal 1086)
   defining Unicode char U+043F (decimal 1087)
   defining Unicode char U+0440 (decimal 1088)
   defining Unicode char U+0441 (decimal 1089)
   defining Unicode char U+0442 (decimal 1090)
   defining Unicode char U+0443 (decimal 1091)
   defining Unicode char U+0444 (decimal 1092)
   defining Unicode char U+0445 (decimal 1093)
   defining Unicode char U+0446 (decimal 1094)
   defining Unicode char U+0447 (decimal 1095)
   defining Unicode char U+0448 (decimal 1096)
   defining Unicode char U+0449 (decimal 1097)
   defining Unicode char U+044A (decimal 1098)
   defining Unicode char U+044B (decimal 1099)
   defining Unicode char U+044C (decimal 1100)
   defining Unicode char U+044D (decimal 1101)
   defining Unicode char U+044E (decimal 1102)
   defining Unicode char U+044F (decimal 1103)
   defining Unicode char U+0450 (decimal 1104)
   defining Unicode char U+0451 (decimal 1105)
   defining Unicode char U+0452 (decimal 1106)
   defining Unicode char U+0453 (decimal 1107)
   defining Unicode char U+0454 (decimal 1108)
   defining Unicode char U+0455 (decimal 1109)
   defining Unicode char U+0456 (decimal 1110)
   defining Unicode char U+0457 (decimal 1111)
   defining Unicode char U+0458 (decimal 1112)
   defining Unicode char U+0459 (decimal 1113)
   defining Unicode char U+045A (decimal 1114)
   defining Unicode char U+045B (decimal 1115)
   defining Unicode char U+045C (decimal 1116)
   defining Unicode char U+045D (decimal 1117)
   defining Unicode char U+045E (decimal 1118)
   defining Unicode char U+045F (decimal 1119)
   defining Unicode char U+0490 (decimal 1168)
   defining Unicode char U+0491 (decimal 1169)
   defining Unicode char U+0492 (decimal 1170)
   defining Unicode char U+0493 (decimal 1171)
   defining Unicode char U+0496 (decimal 1174)
   defining Unicode char U+0497 (decimal 1175)
   defining Unicode char U+0498 (decimal 1176)
   defining Unicode char U+0499 (decimal 1177)
   defining Unicode char U+049A (decimal 1178)
   defining Unicode char U+049B (decimal 1179)
   defining Unicode char U+049C (decimal 1180)
   defining Unicode char U+049D (decimal 1181)
   defining Unicode char U+04A0 (decimal 1184)
   defining Unicode char U+04A1 (decimal 1185)
   defining Unicode char U+04A2 (decimal 1186)
   defining Unicode char U+04A3 (decimal 1187)
   defining Unicode char U+04A4 (decimal 1188)
   defining Unicode char U+04A5 (decimal 1189)
   defining Unicode char U+04AA (decimal 1194)
   defining Unicode char U+04AB (decimal 1195)
   defining Unicode char U+04AE (decimal 1198)
   defining Unicode char U+04AF (decimal 1199)
   defining Unicode char U+04B0 (decimal 1200)
   defining Unicode char U+04B1 (decimal 1201)
   defining Unicode char U+04B2 (decimal 1202)
   defining Unicode char U+04B3 (decimal 1203)
   defining Unicode char U+04B6 (decimal 1206)
   defining Unicode char U+04B7 (decimal 1207)
   defining Unicode char U+04B8 (decimal 1208)
   defining Unicode char U+04B9 (decimal 1209)
   defining Unicode char U+04BA (decimal 1210)
   defining Unicode char U+04BB (decimal 1211)
   defining Unicode char U+04C0 (decimal 1216)
   defining Unicode char U+04C1 (decimal 1217)
   defining Unicode char U+04C2 (decimal 1218)
   defining Unicode char U+04D0 (decimal 1232)
   defining Unicode char U+04D1 (decimal 1233)
   defining Unicode char U+04D2 (decimal 1234)
   defining Unicode char U+04D3 (decimal 1235)
   defining Unicode char U+04D4 (decimal 1236)
   defining Unicode char U+04D5 (decimal 1237)
   defining Unicode char U+04D6 (decimal 1238)
   defining Unicode char U+04D7 (decimal 1239)
   defining Unicode char U+04D8 (decimal 1240)
   defining Unicode char U+04D9 (decimal 1241)
   defining Unicode char U+04DA (decimal 1242)
   defining Unicode char U+04DB (decimal 1243)
   defining Unicode char U+04DC (decimal 1244)
   defining Unicode char U+04DD (decimal 1245)
   defining Unicode char U+04DE (decimal 1246)
   defining Unicode char U+04DF (decimal 1247)
   defining Unicode char U+04E2 (decimal 1250)
   defining Unicode char U+04E3 (decimal 1251)
   defining Unicode char U+04E4 (decimal 1252)
   defining Unicode char U+04E5 (decimal 1253)
   defining Unicode char U+04E6 (decimal 1254)
   defining Unicode char U+04E7 (decimal 1255)
   defining Unicode char U+04E8 (decimal 1256)
   defining Unicode char U+04E9 (decimal 1257)
   defining Unicode char U+04EC (decimal 1260)
   defining Unicode char U+04ED (decimal 1261)
   defining Unicode char U+04EE (decimal 1262)
   defining Unicode char U+04EF (decimal 1263)
   defining Unicode char U+04F0 (decimal 1264)
   defining Unicode char U+04F1 (decimal 1265)
   defining Unicode char U+04F2 (decimal 1266)
   defining Unicode char U+04F3 (decimal 1267)
   defining Unicode char U+04F4 (decimal 1268)
   defining Unicode char U+04F5 (decimal 1269)
   defining Unicode char U+04F8 (decimal 1272)
   defining Unicode char U+04F9 (decimal 1273)
   defining Unicode char U+200C (decimal 8204)
   defining Unicode char U+2013 (decimal 8211)
   defining Unicode char U+2014 (decimal 8212)
   defining Unicode char U+2018 (decimal 8216)
   defining Unicode char U+2019 (decimal 8217)
   defining Unicode char U+201C (decimal 8220)
   defining Unicode char U+201D (decimal 8221)
   defining Unicode char U+201E (decimal 8222)
   defining Unicode char U+2030 (decimal 8240)
   defining Unicode char U+2031 (decimal 8241)
   defining Unicode char U+2116 (decimal 8470)
   defining Unicode char U+2329 (decimal 9001)
   defining Unicode char U+232A (decimal 9002)
   defining Unicode char U+2423 (decimal 9251)
   defining Unicode char U+27E8 (decimal 10216)
   defining Unicode char U+27E9 (decimal 10217)
   defining Unicode char U+FB00 (decimal 64256)
   defining Unicode char U+FB01 (decimal 64257)
   defining Unicode char U+FB02 (decimal 64258)
   defining Unicode char U+FB03 (decimal 64259)
   defining Unicode char U+FB04 (decimal 64260)
   defining Unicode char U+FB05 (decimal 64261)
   defining Unicode char U+FB06 (decimal 64262)
))
Package babel Info: Making " an active character on input line 118.
Package babel Info: Default for \cyrdash is provided on input line 161.
))
(/usr/share/texlive/texmf-dist/tex/latex/pgfplots/pgfplots.sty
(/usr/share/texlive/texmf-dist/tex/generic/pgfplots/pgfplots.revision.tex)
Package: pgfplots 2018/03/28 v1.16 Data Visualization (1.16)

(/usr/share/texlive/texmf-dist/tex/latex/graphics/graphicx.sty
Package: graphicx 2019/11/30 v1.2a Enhanced LaTeX Graphics (DPC,SPQR)

(/usr/share/texlive/texmf-dist/tex/latex/graphics/graphics.sty
Package: graphics 2019/11/30 v1.4a Standard LaTeX Graphics (DPC,SPQR)

(/usr/share/texlive/texmf-dist/tex/latex/graphics/trig.sty
Package: trig 2016/01/03 v1.10 sin cos tan (DPC)
)
(/usr/share/texlive/texmf-dist/tex/latex/graphics-cfg/graphics.cfg
File: graphics.cfg 2016/06/04 v1.11 sample graphics configuration
)
Package graphics Info: Driver file: pdftex.def on input line 105.

(/usr/share/texlive/texmf-dist/tex/latex/graphics-def/pdftex.def
File: pdftex.def 2018/01/08 v1.0l Graphics/color driver for pdftex
))
\Gin@req@height=\dimen154
\Gin@req@width=\dimen155
)
(/usr/share/texlive/texmf-dist/tex/latex/pgf/frontendlayer/tikz.sty
(/usr/share/texlive/texmf-dist/tex/latex/pgf/basiclayer/pgf.sty
(/usr/share/texlive/texmf-dist/tex/latex/pgf/utilities/pgfrcs.sty
(/usr/share/texlive/texmf-dist/tex/generic/pgf/utilities/pgfutil-common.tex
\pgfutil@everybye=\toks24
\pgfutil@tempdima=\dimen156
\pgfutil@tempdimb=\dimen157

(/usr/share/texlive/texmf-dist/tex/generic/pgf/utilities/pgfutil-common-lists.t
ex)) (/usr/share/texlive/texmf-dist/tex/generic/pgf/utilities/pgfutil-latex.def
\pgfutil@abb=\box47
(/usr/share/texlive/texmf-dist/tex/latex/ms/everyshi.sty
Package: everyshi 2001/05/15 v3.00 EveryShipout Package (MS)
))
(/usr/share/texlive/texmf-dist/tex/generic/pgf/utilities/pgfrcs.code.tex
(/usr/share/texlive/texmf-dist/tex/generic/pgf/pgf.revision.tex)
Package: pgfrcs 2020/01/08 v3.1.5b (3.1.5b)
))
Package: pgf 2020/01/08 v3.1.5b (3.1.5b)

(/usr/share/texlive/texmf-dist/tex/latex/pgf/basiclayer/pgfcore.sty
(/usr/share/texlive/texmf-dist/tex/latex/pgf/systemlayer/pgfsys.sty
(/usr/share/texlive/texmf-dist/tex/generic/pgf/systemlayer/pgfsys.code.tex
Package: pgfsys 2020/01/08 v3.1.5b (3.1.5b)

(/usr/share/texlive/texmf-dist/tex/generic/pgf/utilities/pgfkeys.code.tex
\pgfkeys@pathtoks=\toks25
\pgfkeys@temptoks=\toks26

(/usr/share/texlive/texmf-dist/tex/generic/pgf/utilities/pgfkeysfiltered.code.t
ex
\pgfkeys@tmptoks=\toks27
))
\pgf@x=\dimen158
\pgf@y=\dimen159
\pgf@xa=\dimen160
\pgf@ya=\dimen161
\pgf@xb=\dimen162
\pgf@yb=\dimen163
\pgf@xc=\dimen164
\pgf@yc=\dimen165
\pgf@xd=\dimen166
\pgf@yd=\dimen167
\w@pgf@writea=\write3
\r@pgf@reada=\read3
\c@pgf@counta=\count192
\c@pgf@countb=\count193
\c@pgf@countc=\count194
\c@pgf@countd=\count195
\t@pgf@toka=\toks28
\t@pgf@tokb=\toks29
\t@pgf@tokc=\toks30
\pgf@sys@id@count=\count196
 (/usr/share/texlive/texmf-dist/tex/generic/pgf/systemlayer/pgf.cfg
File: pgf.cfg 2020/01/08 v3.1.5b (3.1.5b)
)
Driver file for pgf: pgfsys-pdftex.def

(/usr/share/texlive/texmf-dist/tex/generic/pgf/systemlayer/pgfsys-pdftex.def
File: pgfsys-pdftex.def 2020/01/08 v3.1.5b (3.1.5b)

(/usr/share/texlive/texmf-dist/tex/generic/pgf/systemlayer/pgfsys-common-pdf.de
f
File: pgfsys-common-pdf.def 2020/01/08 v3.1.5b (3.1.5b)
)))
(/usr/share/texlive/texmf-dist/tex/generic/pgf/systemlayer/pgfsyssoftpath.code.
tex
File: pgfsyssoftpath.code.tex 2020/01/08 v3.1.5b (3.1.5b)
\pgfsyssoftpath@smallbuffer@items=\count197
\pgfsyssoftpath@bigbuffer@items=\count198
)
(/usr/share/texlive/texmf-dist/tex/generic/pgf/systemlayer/pgfsysprotocol.code.
tex
File: pgfsysprotocol.code.tex 2020/01/08 v3.1.5b (3.1.5b)
)) (/usr/share/texlive/texmf-dist/tex/latex/xcolor/xcolor.sty
Package: xcolor 2016/05/11 v2.12 LaTeX color extensions (UK)

(/usr/share/texlive/texmf-dist/tex/latex/graphics-cfg/color.cfg
File: color.cfg 2016/01/02 v1.6 sample color configuration
)
Package xcolor Info: Driver file: pdftex.def on input line 225.
Package xcolor Info: Model `cmy' substituted by `cmy0' on input line 1348.
Package xcolor Info: Model `hsb' substituted by `rgb' on input line 1352.
Package xcolor Info: Model `RGB' extended on input line 1364.
Package xcolor Info: Model `HTML' substituted by `rgb' on input line 1366.
Package xcolor Info: Model `Hsb' substituted by `hsb' on input line 1367.
Package xcolor Info: Model `tHsb' substituted by `hsb' on input line 1368.
Package xcolor Info: Model `HSB' substituted by `hsb' on input line 1369.
Package xcolor Info: Model `Gray' substituted by `gray' on input line 1370.
Package xcolor Info: Model `wave' substituted by `hsb' on input line 1371.
)
(/usr/share/texlive/texmf-dist/tex/generic/pgf/basiclayer/pgfcore.code.tex
Package: pgfcore 2020/01/08 v3.1.5b (3.1.5b)

(/usr/share/texlive/texmf-dist/tex/generic/pgf/math/pgfmath.code.tex
(/usr/share/texlive/texmf-dist/tex/generic/pgf/math/pgfmathcalc.code.tex
(/usr/share/texlive/texmf-dist/tex/generic/pgf/math/pgfmathutil.code.tex)
(/usr/share/texlive/texmf-dist/tex/generic/pgf/math/pgfmathparser.code.tex
\pgfmath@dimen=\dimen168
\pgfmath@count=\count199
\pgfmath@box=\box48
\pgfmath@toks=\toks31
\pgfmath@stack@operand=\toks32
\pgfmath@stack@operation=\toks33
)
(/usr/share/texlive/texmf-dist/tex/generic/pgf/math/pgfmathfunctions.code.tex
(/usr/share/texlive/texmf-dist/tex/generic/pgf/math/pgfmathfunctions.basic.code
.tex)
(/usr/share/texlive/texmf-dist/tex/generic/pgf/math/pgfmathfunctions.trigonomet
ric.code.tex)
(/usr/share/texlive/texmf-dist/tex/generic/pgf/math/pgfmathfunctions.random.cod
e.tex)
(/usr/share/texlive/texmf-dist/tex/generic/pgf/math/pgfmathfunctions.comparison
.code.tex)
(/usr/share/texlive/texmf-dist/tex/generic/pgf/math/pgfmathfunctions.base.code.
tex)
(/usr/share/texlive/texmf-dist/tex/generic/pgf/math/pgfmathfunctions.round.code
.tex)
(/usr/share/texlive/texmf-dist/tex/generic/pgf/math/pgfmathfunctions.misc.code.
tex)
(/usr/share/texlive/texmf-dist/tex/generic/pgf/math/pgfmathfunctions.integerari
thmetics.code.tex)))
(/usr/share/texlive/texmf-dist/tex/generic/pgf/math/pgfmathfloat.code.tex
\c@pgfmathroundto@lastzeros=\count266
))
(/usr/share/texlive/texmf-dist/tex/generic/pgf/math/pgfint.code.tex)
(/usr/share/texlive/texmf-dist/tex/generic/pgf/basiclayer/pgfcorepoints.code.te
x
File: pgfcorepoints.code.tex 2020/01/08 v3.1.5b (3.1.5b)
\pgf@picminx=\dimen169
\pgf@picmaxx=\dimen170
\pgf@picminy=\dimen171
\pgf@picmaxy=\dimen172
\pgf@pathminx=\dimen173
\pgf@pathmaxx=\dimen174
\pgf@pathminy=\dimen175
\pgf@pathmaxy=\dimen176
\pgf@xx=\dimen177
\pgf@xy=\dimen178
\pgf@yx=\dimen179
\pgf@yy=\dimen180
\pgf@zx=\dimen181
\pgf@zy=\dimen182
)
(/usr/share/texlive/texmf-dist/tex/generic/pgf/basiclayer/pgfcorepathconstruct.
code.tex
File: pgfcorepathconstruct.code.tex 2020/01/08 v3.1.5b (3.1.5b)
\pgf@path@lastx=\dimen183
\pgf@path@lasty=\dimen184
)
(/usr/share/texlive/texmf-dist/tex/generic/pgf/basiclayer/pgfcorepathusage.code
.tex
File: pgfcorepathusage.code.tex 2020/01/08 v3.1.5b (3.1.5b)
\pgf@shorten@end@additional=\dimen185
\pgf@shorten@start@additional=\dimen186
)
(/usr/share/texlive/texmf-dist/tex/generic/pgf/basiclayer/pgfcorescopes.code.te
x
File: pgfcorescopes.code.tex 2020/01/08 v3.1.5b (3.1.5b)
\pgfpic=\box49
\pgf@hbox=\box50
\pgf@layerbox@main=\box51
\pgf@picture@serial@count=\count267
)
(/usr/share/texlive/texmf-dist/tex/generic/pgf/basiclayer/pgfcoregraphicstate.c
ode.tex
File: pgfcoregraphicstate.code.tex 2020/01/08 v3.1.5b (3.1.5b)
\pgflinewidth=\dimen187
)
(/usr/share/texlive/texmf-dist/tex/generic/pgf/basiclayer/pgfcoretransformation
s.code.tex
File: pgfcoretransformations.code.tex 2020/01/08 v3.1.5b (3.1.5b)
\pgf@pt@x=\dimen188
\pgf@pt@y=\dimen189
\pgf@pt@temp=\dimen190
)
(/usr/share/texlive/texmf-dist/tex/generic/pgf/basiclayer/pgfcorequick.code.tex
File: pgfcorequick.code.tex 2020/01/08 v3.1.5b (3.1.5b)
)
(/usr/share/texlive/texmf-dist/tex/generic/pgf/basiclayer/pgfcoreobjects.code.t
ex
File: pgfcoreobjects.code.tex 2020/01/08 v3.1.5b (3.1.5b)
)
(/usr/share/texlive/texmf-dist/tex/generic/pgf/basiclayer/pgfcorepathprocessing
.code.tex
File: pgfcorepathprocessing.code.tex 2020/01/08 v3.1.5b (3.1.5b)
)
(/usr/share/texlive/texmf-dist/tex/generic/pgf/basiclayer/pgfcorearrows.code.te
x
File: pgfcorearrows.code.tex 2020/01/08 v3.1.5b (3.1.5b)
\pgfarrowsep=\dimen191
)
(/usr/share/texlive/texmf-dist/tex/generic/pgf/basiclayer/pgfcoreshade.code.tex
File: pgfcoreshade.code.tex 2020/01/08 v3.1.5b (3.1.5b)
\pgf@max=\dimen192
\pgf@sys@shading@range@num=\count268
\pgf@shadingcount=\count269
)
(/usr/share/texlive/texmf-dist/tex/generic/pgf/basiclayer/pgfcoreimage.code.tex
File: pgfcoreimage.code.tex 2020/01/08 v3.1.5b (3.1.5b)

(/usr/share/texlive/texmf-dist/tex/generic/pgf/basiclayer/pgfcoreexternal.code.
tex
File: pgfcoreexternal.code.tex 2020/01/08 v3.1.5b (3.1.5b)
\pgfexternal@startupbox=\box52
))
(/usr/share/texlive/texmf-dist/tex/generic/pgf/basiclayer/pgfcorelayers.code.te
x
File: pgfcorelayers.code.tex 2020/01/08 v3.1.5b (3.1.5b)
)
(/usr/share/texlive/texmf-dist/tex/generic/pgf/basiclayer/pgfcoretransparency.c
ode.tex
File: pgfcoretransparency.code.tex 2020/01/08 v3.1.5b (3.1.5b)
)
(/usr/share/texlive/texmf-dist/tex/generic/pgf/basiclayer/pgfcorepatterns.code.
tex
File: pgfcorepatterns.code.tex 2020/01/08 v3.1.5b (3.1.5b)
)
(/usr/share/texlive/texmf-dist/tex/generic/pgf/basiclayer/pgfcorerdf.code.tex
File: pgfcorerdf.code.tex 2020/01/08 v3.1.5b (3.1.5b)
)))
(/usr/share/texlive/texmf-dist/tex/generic/pgf/modules/pgfmoduleshapes.code.tex
File: pgfmoduleshapes.code.tex 2020/01/08 v3.1.5b (3.1.5b)
\pgfnodeparttextbox=\box53
) (/usr/share/texlive/texmf-dist/tex/generic/pgf/modules/pgfmoduleplot.code.tex
File: pgfmoduleplot.code.tex 2020/01/08 v3.1.5b (3.1.5b)
)
(/usr/share/texlive/texmf-dist/tex/latex/pgf/compatibility/pgfcomp-version-0-65
.sty
Package: pgfcomp-version-0-65 2020/01/08 v3.1.5b (3.1.5b)
\pgf@nodesepstart=\dimen193
\pgf@nodesepend=\dimen194
)
(/usr/share/texlive/texmf-dist/tex/latex/pgf/compatibility/pgfcomp-version-1-18
.sty
Package: pgfcomp-version-1-18 2020/01/08 v3.1.5b (3.1.5b)
)) (/usr/share/texlive/texmf-dist/tex/latex/pgf/utilities/pgffor.sty
(/usr/share/texlive/texmf-dist/tex/latex/pgf/utilities/pgfkeys.sty
(/usr/share/texlive/texmf-dist/tex/generic/pgf/utilities/pgfkeys.code.tex))
(/usr/share/texlive/texmf-dist/tex/latex/pgf/math/pgfmath.sty
(/usr/share/texlive/texmf-dist/tex/generic/pgf/math/pgfmath.code.tex))
(/usr/share/texlive/texmf-dist/tex/generic/pgf/utilities/pgffor.code.tex
Package: pgffor 2020/01/08 v3.1.5b (3.1.5b)

(/usr/share/texlive/texmf-dist/tex/generic/pgf/math/pgfmath.code.tex)
\pgffor@iter=\dimen195
\pgffor@skip=\dimen196
\pgffor@stack=\toks34
\pgffor@toks=\toks35
))
(/usr/share/texlive/texmf-dist/tex/generic/pgf/frontendlayer/tikz/tikz.code.tex
Package: tikz 2020/01/08 v3.1.5b (3.1.5b)

(/usr/share/texlive/texmf-dist/tex/generic/pgf/libraries/pgflibraryplothandlers
.code.tex
File: pgflibraryplothandlers.code.tex 2020/01/08 v3.1.5b (3.1.5b)
\pgf@plot@mark@count=\count270
\pgfplotmarksize=\dimen197
)
\tikz@lastx=\dimen198
\tikz@lasty=\dimen199
\tikz@lastxsaved=\dimen256
\tikz@lastysaved=\dimen257
\tikz@lastmovetox=\dimen258
\tikz@lastmovetoy=\dimen259
\tikzleveldistance=\dimen260
\tikzsiblingdistance=\dimen261
\tikz@figbox=\box54
\tikz@figbox@bg=\box55
\tikz@tempbox=\box56
\tikz@tempbox@bg=\box57
\tikztreelevel=\count271
\tikznumberofchildren=\count272
\tikznumberofcurrentchild=\count273
\tikz@fig@count=\count274

(/usr/share/texlive/texmf-dist/tex/generic/pgf/modules/pgfmodulematrix.code.tex
File: pgfmodulematrix.code.tex 2020/01/08 v3.1.5b (3.1.5b)
\pgfmatrixcurrentrow=\count275
\pgfmatrixcurrentcolumn=\count276
\pgf@matrix@numberofcolumns=\count277
)
\tikz@expandcount=\count278

(/usr/share/texlive/texmf-dist/tex/generic/pgf/frontendlayer/tikz/libraries/tik
zlibrarytopaths.code.tex
File: tikzlibrarytopaths.code.tex 2020/01/08 v3.1.5b (3.1.5b)
)))
(/usr/share/texlive/texmf-dist/tex/generic/pgfplots/pgfplots.code.tex
(/usr/share/texlive/texmf-dist/tex/generic/pgfplots/pgfplotscore.code.tex
\t@pgfplots@toka=\toks36
\t@pgfplots@tokb=\toks37
\t@pgfplots@tokc=\toks38
\pgfplots@tmpa=\dimen262
\c@pgfplots@coordindex=\count279
\c@pgfplots@scanlineindex=\count280

(/usr/share/texlive/texmf-dist/tex/generic/pgfplots/sys/pgfplotssysgeneric.code
.tex))
(/usr/share/texlive/texmf-dist/tex/generic/pgfplots/libs/pgfplotslibrary.code.t
ex)
(/usr/share/texlive/texmf-dist/tex/generic/pgfplots/oldpgfcompatib/pgfplotsoldp
gfsupp_loader.code.tex
(/usr/share/texlive/texmf-dist/tex/generic/pgf/libraries/pgflibraryfpu.code.tex
))
(/usr/share/texlive/texmf-dist/tex/generic/pgfplots/util/pgfplotsutil.code.tex
(/usr/share/texlive/texmf-dist/tex/generic/pgfplots/liststructure/pgfplotslists
tructure.code.tex)
(/usr/share/texlive/texmf-dist/tex/generic/pgfplots/liststructure/pgfplotslists
tructureext.code.tex)
(/usr/share/texlive/texmf-dist/tex/generic/pgfplots/liststructure/pgfplotsarray
.code.tex
\c@pgfplotsarray@tmp=\count281
)
(/usr/share/texlive/texmf-dist/tex/generic/pgfplots/liststructure/pgfplotsmatri
x.code.tex)
(/usr/share/texlive/texmf-dist/tex/generic/pgfplots/numtable/pgfplotstableshare
d.code.tex
\c@pgfplotstable@counta=\count282
\t@pgfplotstable@a=\toks39
)
(/usr/share/texlive/texmf-dist/tex/generic/pgfplots/liststructure/pgfplotsdeque
.code.tex)
(/usr/share/texlive/texmf-dist/tex/generic/pgfplots/util/pgfplotsbinary.code.te
x
(/usr/share/texlive/texmf-dist/tex/generic/pgfplots/util/pgfplotsbinary.data.co
de.tex))
(/usr/share/texlive/texmf-dist/tex/generic/pgfplots/util/pgfplotsutil.verb.code
.tex)
(/usr/share/texlive/texmf-dist/tex/generic/pgfplots/libs/pgflibrarypgfplots.sur
fshading.code.tex
\c@pgfplotslibrarysurf@no=\count283

(/usr/share/texlive/texmf-dist/tex/generic/pgfplots/sys/pgflibrarypgfplots.surf
shading.pgfsys-pdftex.def)))
(/usr/share/texlive/texmf-dist/tex/generic/pgfplots/util/pgfplotscolormap.code.
tex
(/usr/share/texlive/texmf-dist/tex/generic/pgfplots/util/pgfplotscolor.code.tex
))
(/usr/share/texlive/texmf-dist/tex/generic/pgfplots/pgfplotsstackedplots.code.t
ex)
(/usr/share/texlive/texmf-dist/tex/generic/pgfplots/pgfplotsplothandlers.code.t
ex
(/usr/share/texlive/texmf-dist/tex/generic/pgfplots/pgfplotsmeshplothandler.cod
e.tex
(/usr/share/texlive/texmf-dist/tex/generic/pgfplots/pgfplotsmeshplotimage.code.
tex)))
(/usr/share/texlive/texmf-dist/tex/generic/pgfplots/pgfplots.scaling.code.tex)
(/usr/share/texlive/texmf-dist/tex/generic/pgfplots/pgfplotscoordprocessing.cod
e.tex)
(/usr/share/texlive/texmf-dist/tex/generic/pgfplots/pgfplots.errorbars.code.tex
) (/usr/share/texlive/texmf-dist/tex/generic/pgfplots/pgfplots.markers.code.tex
) (/usr/share/texlive/texmf-dist/tex/generic/pgfplots/pgfplotsticks.code.tex)
(/usr/share/texlive/texmf-dist/tex/generic/pgfplots/pgfplots.paths.code.tex)
(/usr/share/texlive/texmf-dist/tex/generic/pgf/frontendlayer/tikz/libraries/tik
zlibrarydecorations.code.tex
(/usr/share/texlive/texmf-dist/tex/generic/pgf/modules/pgfmoduledecorations.cod
e.tex
\pgfdecoratedcompleteddistance=\dimen263
\pgfdecoratedremainingdistance=\dimen264
\pgfdecoratedinputsegmentcompleteddistance=\dimen265
\pgfdecoratedinputsegmentremainingdistance=\dimen266
\pgf@decorate@distancetomove=\dimen267
\pgf@decorate@repeatstate=\count284
\pgfdecorationsegmentamplitude=\dimen268
\pgfdecorationsegmentlength=\dimen269
)
\tikz@lib@dec@box=\box58
)
(/usr/share/texlive/texmf-dist/tex/generic/pgf/frontendlayer/tikz/libraries/tik
zlibrarydecorations.pathmorphing.code.tex
(/usr/share/texlive/texmf-dist/tex/generic/pgf/libraries/decorations/pgflibrary
decorations.pathmorphing.code.tex))
(/usr/share/texlive/texmf-dist/tex/generic/pgf/frontendlayer/tikz/libraries/tik
zlibrarydecorations.pathreplacing.code.tex
(/usr/share/texlive/texmf-dist/tex/generic/pgf/libraries/decorations/pgflibrary
decorations.pathreplacing.code.tex))
\pgfplots@numplots=\count285
\pgfplots@xmin@reg=\dimen270
\pgfplots@xmax@reg=\dimen271
\pgfplots@ymin@reg=\dimen272
\pgfplots@ymax@reg=\dimen273
\pgfplots@zmin@reg=\dimen274
\pgfplots@zmax@reg=\dimen275
)
(/usr/share/texlive/texmf-dist/tex/generic/pgf/frontendlayer/tikz/libraries/tik
zlibraryplotmarks.code.tex
File: tikzlibraryplotmarks.code.tex 2020/01/08 v3.1.5b (3.1.5b)

(/usr/share/texlive/texmf-dist/tex/generic/pgf/libraries/pgflibraryplotmarks.co
de.tex
File: pgflibraryplotmarks.code.tex 2020/01/08 v3.1.5b (3.1.5b)
)))
(/usr/share/texlive/texmf-dist/tex/generic/pgfplots/libs/tikzlibrarypgfplots.fi
llbetween.code.tex
(/usr/share/texlive/texmf-dist/tex/generic/pgfplots/pgfcontrib/tikzlibraryfillb
etween.code.tex
(/usr/share/texlive/texmf-dist/tex/generic/pgf/frontendlayer/tikz/libraries/tik
zlibraryintersections.code.tex
(/usr/share/texlive/texmf-dist/tex/generic/pgf/libraries/pgflibraryintersection
s.code.tex
\pgf@intersect@solutions=\count286
))
(/usr/share/texlive/texmf-dist/tex/generic/pgfplots/pgfcontrib/tikzlibrarydecor
ations.softclip.code.tex
(/usr/share/texlive/texmf-dist/tex/generic/pgfplots/pgfcontrib/pgflibraryfillbe
tween.code.tex)))
(/usr/share/texlive/texmf-dist/tex/generic/pgfplots/libs/tikzlibrarypgfplots.de
corations.softclip.code.tex))
(/usr/share/texlive/texmf-dist/tex/generic/pgfplots/libs/tikzlibrarypgfplots.co
lormaps.code.tex) (/usr/share/texlive/texmf-dist/tex/latex/tools/bm.sty
Package: bm 2019/07/24 v1.2d Bold Symbol Support (DPC/FMi)
\symboldoperators=\mathgroup6
\symboldletters=\mathgroup7
\symboldsymbols=\mathgroup8
LaTeX Font Info:    Redeclaring math alphabet \mathbf on input line 141.
LaTeX Info: Redefining \bm on input line 209.
)
(/usr/share/texlive/texmf-dist/tex/latex/physics/physics.sty
Package: physics 

(/usr/share/texlive/texmf-dist/tex/latex/l3packages/xparse/xparse.sty
(/usr/share/texlive/texmf-dist/tex/latex/l3kernel/expl3.sty
Package: expl3 2020-02-14 L3 programming layer (loader) 

(/usr/share/texlive/texmf-dist/tex/latex/l3backend/l3backend-pdfmode.def
File: l3backend-pdfmode.def 2020-02-03 L3 backend support: PDF mode
\l__kernel_color_stack_int=\count287
\l__pdf_internal_box=\box59
))
Package: xparse 2020-02-14 L3 Experimental document command parser
\l__xparse_current_arg_int=\count288
\g__xparse_grabber_int=\count289
\l__xparse_m_args_int=\count290
\l__xparse_v_nesting_int=\count291
))
(/usr/share/texlive/texmf-dist/tex/latex/hyperref/hyperref.sty
Package: hyperref 2020/01/14 v7.00d Hypertext links for LaTeX

(/usr/share/texlive/texmf-dist/tex/generic/ltxcmds/ltxcmds.sty
Package: ltxcmds 2019/12/15 v1.24 LaTeX kernel commands for general use (HO)
)
(/usr/share/texlive/texmf-dist/tex/latex/pdftexcmds/pdftexcmds.sty
Package: pdftexcmds 2019/11/24 v0.31 Utility functions of pdfTeX for LuaTeX (HO
)

(/usr/share/texlive/texmf-dist/tex/generic/infwarerr/infwarerr.sty
Package: infwarerr 2019/12/03 v1.5 Providing info/warning/error messages (HO)
)
Package pdftexcmds Info: \pdf@primitive is available.
Package pdftexcmds Info: \pdf@ifprimitive is available.
Package pdftexcmds Info: \pdfdraftmode found.
)
(/usr/share/texlive/texmf-dist/tex/generic/kvsetkeys/kvsetkeys.sty
Package: kvsetkeys 2019/12/15 v1.18 Key value parser (HO)
)
(/usr/share/texlive/texmf-dist/tex/generic/kvdefinekeys/kvdefinekeys.sty
Package: kvdefinekeys 2019-12-19 v1.6 Define keys (HO)
)
(/usr/share/texlive/texmf-dist/tex/generic/pdfescape/pdfescape.sty
Package: pdfescape 2019/12/09 v1.15 Implements pdfTeX's escape features (HO)
)
(/usr/share/texlive/texmf-dist/tex/latex/hycolor/hycolor.sty
Package: hycolor 2020-01-27 v1.10 Color options for hyperref/bookmark (HO)
)
(/usr/share/texlive/texmf-dist/tex/latex/letltxmacro/letltxmacro.sty
Package: letltxmacro 2019/12/03 v1.6 Let assignment for LaTeX macros (HO)
)
(/usr/share/texlive/texmf-dist/tex/latex/auxhook/auxhook.sty
Package: auxhook 2019-12-17 v1.6 Hooks for auxiliary files (HO)
)
(/usr/share/texlive/texmf-dist/tex/latex/kvoptions/kvoptions.sty
Package: kvoptions 2019/11/29 v3.13 Key value format for package options (HO)
)
\@linkdim=\dimen276
\Hy@linkcounter=\count292
\Hy@pagecounter=\count293

(/usr/share/texlive/texmf-dist/tex/latex/hyperref/pd1enc.def
File: pd1enc.def 2020/01/14 v7.00d Hyperref: PDFDocEncoding definition (HO)
Now handling font encoding PD1 ...
... no UTF-8 mapping file for font encoding PD1
)
(/usr/share/texlive/texmf-dist/tex/generic/intcalc/intcalc.sty
Package: intcalc 2019/12/15 v1.3 Expandable calculations with integers (HO)
)
(/usr/share/texlive/texmf-dist/tex/generic/etexcmds/etexcmds.sty
Package: etexcmds 2019/12/15 v1.7 Avoid name clashes with e-TeX commands (HO)
)
\Hy@SavedSpaceFactor=\count294
\pdfmajorversion=\count295
Package hyperref Info: Option `unicode' set `true' on input line 4421.

(/usr/share/texlive/texmf-dist/tex/latex/hyperref/puenc.def
File: puenc.def 2020/01/14 v7.00d Hyperref: PDF Unicode definition (HO)
Now handling font encoding PU ...
... no UTF-8 mapping file for font encoding PU
)
Package hyperref Info: Hyper figures OFF on input line 4547.
Package hyperref Info: Link nesting OFF on input line 4552.
Package hyperref Info: Hyper index ON on input line 4555.
Package hyperref Info: Plain pages OFF on input line 4562.
Package hyperref Info: Backreferencing OFF on input line 4567.
Package hyperref Info: Implicit mode ON; LaTeX internals redefined.
Package hyperref Info: Bookmarks ON on input line 4800.
\c@Hy@tempcnt=\count296

(/usr/share/texlive/texmf-dist/tex/latex/url/url.sty
\Urlmuskip=\muskip17
Package: url 2013/09/16  ver 3.4  Verb mode for urls, etc.
)
LaTeX Info: Redefining \url on input line 5159.
\XeTeXLinkMargin=\dimen277

(/usr/share/texlive/texmf-dist/tex/generic/bitset/bitset.sty
Package: bitset 2019/12/09 v1.3 Handle bit-vector datatype (HO)

(/usr/share/texlive/texmf-dist/tex/generic/bigintcalc/bigintcalc.sty
Package: bigintcalc 2019/12/15 v1.5 Expandable calculations on big integers (HO
)
))
\Fld@menulength=\count297
\Field@Width=\dimen278
\Fld@charsize=\dimen279
Package hyperref Info: Hyper figures OFF on input line 6430.
Package hyperref Info: Link nesting OFF on input line 6435.
Package hyperref Info: Hyper index ON on input line 6438.
Package hyperref Info: backreferencing OFF on input line 6445.
Package hyperref Info: Link coloring OFF on input line 6450.
Package hyperref Info: Link coloring with OCG OFF on input line 6455.
Package hyperref Info: PDF/A mode OFF on input line 6460.
LaTeX Info: Redefining \ref on input line 6500.
LaTeX Info: Redefining \pageref on input line 6504.

(/usr/share/texlive/texmf-dist/tex/generic/atbegshi/atbegshi.sty
Package: atbegshi 2019/12/05 v1.19 At begin shipout hook (HO)
)
\Hy@abspage=\count298
\c@Item=\count299
\c@Hfootnote=\count300
)
Package hyperref Info: Driver (autodetected): hpdftex.

(/usr/share/texlive/texmf-dist/tex/latex/hyperref/hpdftex.def
File: hpdftex.def 2020/01/14 v7.00d Hyperref driver for pdfTeX

(/usr/share/texlive/texmf-dist/tex/latex/atveryend/atveryend.sty
Package: atveryend 2019-12-11 v1.11 Hooks at the very end of document (HO)
Package atveryend Info: \enddocument detected (standard20110627).
)
\Fld@listcount=\count301
\c@bookmark@seq@number=\count302

(/usr/share/texlive/texmf-dist/tex/latex/rerunfilecheck/rerunfilecheck.sty
Package: rerunfilecheck 2019/12/05 v1.9 Rerun checks for auxiliary files (HO)

(/usr/share/texlive/texmf-dist/tex/generic/uniquecounter/uniquecounter.sty
Package: uniquecounter 2019/12/15 v1.4 Provide unlimited unique counter (HO)
)
Package uniquecounter Info: New unique counter `rerunfilecheck' on input line 2
86.
)
\Hy@SectionHShift=\skip61
)
(/usr/share/texlive/texmf-dist/tex/latex/scalerel/scalerel.sty
Package: scalerel 2016/12/29 v1.8 Routines for constrained scaling and stretchi
ng of objects, relative to a reference object or in absolute terms

(/usr/share/texlive/texmf-dist/tex/latex/tools/calc.sty
Package: calc 2017/05/25 v4.3 Infix arithmetic (KKT,FJ)
\calc@Acount=\count303
\calc@Bcount=\count304
\calc@Adimen=\dimen280
\calc@Bdimen=\dimen281
\calc@Askip=\skip62
\calc@Bskip=\skip63
LaTeX Info: Redefining \setlength on input line 80.
LaTeX Info: Redefining \addtolength on input line 81.
\calc@Ccount=\count305
\calc@Cskip=\skip64
)
(/usr/share/texlive/texmf-dist/tex/latex/etoolbox/etoolbox.sty
Package: etoolbox 2019/09/21 v2.5h e-TeX tools for LaTeX (JAW)
\etb@tempcnta=\count306
)
\thesrwidth=\skip65
\thesrheight=\skip66
\srblobheight=\skip67
\srblobdepth=\skip68
\mnxsrwidth=\skip69
\LMex=\skip70
\LMpt=\skip71
)
(/usr/share/texlive/texmf-dist/tex/latex/stackengine/stackengine.sty
Package: stackengine 2017/02/13 v4.01\ Stacking text and objects in convenient 
ways

(/usr/share/texlive/texmf-dist/tex/generic/listofitems/listofitems.sty
(/usr/share/texlive/texmf-dist/tex/generic/listofitems/listofitems.tex
\loi_cnt_foreach_nest=\count307
\loi_nestcnt=\count308
)
Package: listofitems 2019/08/21 v1.63 Grab items in lists using user-specified 
sep char (CT)
)
\c@@stackindex=\count309
\@boxshift=\skip72
\stack@tmplength=\skip73
\temp@stkl=\skip74
\@stackedboxwidth=\skip75
\@addedbox=\box60
\@anchorbox=\box61
\stackedbox=\box62
\@centerbox=\box63
\c@ROWcellindex@=\count310
)
(/usr/share/texlive/texmf-dist/tex/latex/tikz-cd/tikz-cd.sty
Package: tikz-cd 2018/11/19 v0.9f Commutative diagrams with TikZ

(/usr/share/texlive/texmf-dist/tex/generic/tikz-cd/tikzlibrarycd.code.tex
(/usr/share/texlive/texmf-dist/tex/generic/pgf/frontendlayer/tikz/libraries/tik
zlibrarymatrix.code.tex
File: tikzlibrarymatrix.code.tex 2020/01/08 v3.1.5b (3.1.5b)
)
(/usr/share/texlive/texmf-dist/tex/generic/pgf/frontendlayer/tikz/libraries/tik
zlibraryquotes.code.tex
File: tikzlibraryquotes.code.tex 2020/01/08 v3.1.5b (3.1.5b)
)
(/usr/share/texlive/texmf-dist/tex/generic/pgf/libraries/pgflibraryarrows.meta.
code.tex
File: pgflibraryarrows.meta.code.tex 2020/01/08 v3.1.5b (3.1.5b)
\pgfarrowinset=\dimen282
\pgfarrowlength=\dimen283
\pgfarrowwidth=\dimen284
\pgfarrowlinewidth=\dimen285
)))
(/usr/share/texlive/texmf-dist/tex/generic/pgf/frontendlayer/tikz/libraries/tik
zlibrarycalc.code.tex
File: tikzlibrarycalc.code.tex 2020/01/08 v3.1.5b (3.1.5b)
)
(/usr/share/texlive/texmf-dist/tex/generic/pgf/frontendlayer/tikz/libraries/tik
zlibrarypatterns.code.tex
File: tikzlibrarypatterns.code.tex 2020/01/08 v3.1.5b (3.1.5b)

(/usr/share/texlive/texmf-dist/tex/generic/pgf/libraries/pgflibrarypatterns.cod
e.tex
File: pgflibrarypatterns.code.tex 2020/01/08 v3.1.5b (3.1.5b)
))
(/usr/share/texlive/texmf-dist/tex/generic/pgf/frontendlayer/tikz/libraries/tik
zlibraryangles.code.tex
File: tikzlibraryangles.code.tex 2020/01/08 v3.1.5b (3.1.5b)
)
(/usr/share/texlive/texmf-dist/tex/latex/tikz-3dplot/tikz-3dplot.sty
(/usr/share/texlive/texmf-dist/tex/latex/base/ifthen.sty
Package: ifthen 2014/09/29 v1.1c Standard LaTeX ifthen package (DPC)
)
(/usr/share/texlive/texmf-dist/tex/generic/pgf/frontendlayer/tikz/libraries/tik
zlibrary3d.code.tex
File: tikzlibrary3d.code.tex 2020/01/08 v3.1.5b (3.1.5b)
)
(/usr/share/texlive/texmf-dist/tex/generic/pgf/frontendlayer/tikz/libraries/tik
zlibraryarrows.code.tex
File: tikzlibraryarrows.code.tex 2020/01/08 v3.1.5b (3.1.5b)

(/usr/share/texlive/texmf-dist/tex/generic/pgf/libraries/pgflibraryarrows.code.
tex
File: pgflibraryarrows.code.tex 2020/01/08 v3.1.5b (3.1.5b)
\arrowsize=\dimen286
)))
(/usr/share/texlive/texmf-dist/tex/generic/pgf/frontendlayer/tikz/libraries/tik
zlibraryfit.code.tex
File: tikzlibraryfit.code.tex 2020/01/08 v3.1.5b (3.1.5b)
) (./Anal geom.aux
LaTeX Font Info:    Trying to load font information for T2A+cmr on input line 2
1.

(/usr/share/texlive/texmf-dist/tex/latex/cyrillic/t2acmr.fd
File: t2acmr.fd 2001/08/11 v1.0a Computer Modern Cyrillic font definitions
))
\openout1 = `"Anal geom.aux"'.

LaTeX Font Info:    Checking defaults for OML/cmm/m/it on input line 42.
LaTeX Font Info:    ... okay on input line 42.
LaTeX Font Info:    Checking defaults for OMS/cmsy/m/n on input line 42.
LaTeX Font Info:    ... okay on input line 42.
LaTeX Font Info:    Checking defaults for OT1/cmr/m/n on input line 42.
LaTeX Font Info:    ... okay on input line 42.
LaTeX Font Info:    Checking defaults for T1/cmr/m/n on input line 42.
LaTeX Font Info:    ... okay on input line 42.
LaTeX Font Info:    Checking defaults for TS1/cmr/m/n on input line 42.
LaTeX Font Info:    ... okay on input line 42.
LaTeX Font Info:    Checking defaults for OMX/cmex/m/n on input line 42.
LaTeX Font Info:    ... okay on input line 42.
LaTeX Font Info:    Checking defaults for U/cmr/m/n on input line 42.
LaTeX Font Info:    ... okay on input line 42.
LaTeX Font Info:    Checking defaults for T2A/cmr/m/n on input line 42.
LaTeX Font Info:    ... okay on input line 42.
LaTeX Font Info:    Checking defaults for PD1/pdf/m/n on input line 42.
LaTeX Font Info:    ... okay on input line 42.
LaTeX Font Info:    Checking defaults for PU/pdf/m/n on input line 42.
LaTeX Font Info:    ... okay on input line 42.

*geometry* driver: auto-detecting
*geometry* detected driver: pdftex
*geometry* verbose mode - [ preamble ] result:
* driver: pdftex
* paper: a4paper
* layout: <same size as paper>
* layoutoffset:(h,v)=(0.0pt,0.0pt)
* modes: 
* h-part:(L,W,R)=(72.26999pt, 452.9679pt, 72.26999pt)
* v-part:(T,H,B)=(72.26999pt, 700.50687pt, 72.26999pt)
* \paperwidth=597.50787pt
* \paperheight=845.04684pt
* \textwidth=452.9679pt
* \textheight=700.50687pt
* \oddsidemargin=0.0pt
* \evensidemargin=0.0pt
* \topmargin=-39.0pt
* \headheight=14.0pt
* \headsep=25.0pt
* \topskip=14.0pt
* \footskip=30.0pt
* \marginparwidth=15.0pt
* \marginparsep=10.0pt
* \columnsep=10.0pt
* \skip\footins=12.0pt plus 4.0pt minus 2.0pt
* \hoffset=0.0pt
* \voffset=0.0pt
* \mag=1000
* \@twocolumnfalse
* \@twosidefalse
* \@mparswitchfalse
* \@reversemarginfalse
* (1in=72.27pt=25.4mm, 1cm=28.453pt)

(/usr/share/texlive/texmf-dist/tex/context/base/mkii/supp-pdf.mkii
[Loading MPS to PDF converter (version 2006.09.02).]
\scratchcounter=\count311
\scratchdimen=\dimen287
\scratchbox=\box64
\nofMPsegments=\count312
\nofMParguments=\count313
\everyMPshowfont=\toks40
\MPscratchCnt=\count314
\MPscratchDim=\dimen288
\MPnumerator=\count315
\makeMPintoPDFobject=\count316
\everyMPtoPDFconversion=\toks41
) (/usr/share/texlive/texmf-dist/tex/latex/epstopdf-pkg/epstopdf-base.sty
Package: epstopdf-base 2020-01-24 v2.11 Base part for package epstopdf
Package epstopdf-base Info: Redefining graphics rule for `.eps' on input line 4
85.

(/usr/share/texlive/texmf-dist/tex/latex/latexconfig/epstopdf-sys.cfg
File: epstopdf-sys.cfg 2010/07/13 v1.3 Configuration of (r)epstopdf for TeX Liv
e
))
ABD: EveryShipout initializing macros

Package pgfplots Warning: running in backwards compatibility mode (unsuitable t
ick labels; missing features). Consider writing \pgfplotsset{compat=1.16} into 
your preamble.
 on input line 42.

\AtBeginShipoutBox=\box65
Package hyperref Info: Link coloring OFF on input line 42.
(/usr/share/texlive/texmf-dist/tex/latex/hyperref/nameref.sty
Package: nameref 2019/09/16 v2.46 Cross-referencing by name of section

(/usr/share/texlive/texmf-dist/tex/latex/refcount/refcount.sty
Package: refcount 2019/12/15 v3.6 Data extraction from label references (HO)
)
(/usr/share/texlive/texmf-dist/tex/generic/gettitlestring/gettitlestring.sty
Package: gettitlestring 2019/12/15 v1.6 Cleanup title references (HO)
)
\c@section@level=\count317
)
LaTeX Info: Redefining \ref on input line 42.
LaTeX Info: Redefining \pageref on input line 42.
LaTeX Info: Redefining \nameref on input line 42.

(./Anal geom.out) (./Anal geom.out)
\@outlinefile=\write4
\openout4 = `"Anal geom.out"'.

 [1

{/var/lib/texmf/fonts/map/pdftex/updmap/pdftex.map}] (./Anal geom.toc
LaTeX Font Info:    Trying to load font information for U+msa on input line 3.

(/usr/share/texlive/texmf-dist/tex/latex/amsfonts/umsa.fd
File: umsa.fd 2013/01/14 v3.01 AMS symbols A
)
LaTeX Font Info:    Trying to load font information for U+msb on input line 3.

(/usr/share/texlive/texmf-dist/tex/latex/amsfonts/umsb.fd
File: umsb.fd 2013/01/14 v3.01 AMS symbols B
))
\tf@toc=\write5
\openout5 = `"Anal geom.toc"'.

pdfTeX warning (ext4): destination with the same identifier (name{page.1}) has 
been already used, duplicate ignored
<to be read again> 
                   \relax 
l.55 \newpage
              [1]
Underfull \hbox (badness 10000) in paragraph at lines 59--77

 []


Underfull \hbox (badness 10000) in paragraph at lines 59--77

 []


Underfull \hbox (badness 10000) in paragraph at lines 59--77

 []


Underfull \hbox (badness 10000) in paragraph at lines 80--185

 []


Underfull \hbox (badness 10000) in paragraph at lines 80--185

 []


Underfull \hbox (badness 10000) in paragraph at lines 80--185

 []


Overfull \hbox (38.4131pt too wide) in paragraph at lines 80--185
[]   [] 
 []


Underfull \hbox (badness 10000) in paragraph at lines 80--185

 []

[2] [3]
Underfull \hbox (badness 10000) in paragraph at lines 192--220

 []


Overfull \hbox (2.92682pt too wide) in paragraph at lines 192--220
\T2A/cmr/m/n/14.4 Але за умо-вою те-о-ре-ми, $[] \OMS/cmsy/m/n/14.4 6k []$\T2A/
cmr/m/n/14.4 . Су-пе-ре-чнiсть! То-му та рiв-нiсть ви-ко-ну-№-ться
 []


Underfull \hbox (badness 10000) in paragraph at lines 192--220

 []

[4]
Overfull \hbox (5.96805pt too wide) in paragraph at lines 222--309
\T2A/cmr/bx/n/14.4 Definition 1.2.2.1. \T2A/cmr/m/n/14.4 Три ве-кто-ри в про-ст
о-рi на-зи-ва-ють \T2A/cmr/bx/n/14.4 ком-пла-нар-ни-ми\T2A/cmr/m/n/14.4 ,
 []


Underfull \hbox (badness 10000) in paragraph at lines 222--309

 []


Overfull \hbox (2.04654pt too wide) in paragraph at lines 222--309
\T2A/cmr/m/n/14.4 Ще та-кож в озна-чен-нi мо-жна по-зна-ча-ти $[] \OT1/cmr/m/n/
14.4 = (\OML/cmm/m/it/14.4 ; ^^L; ^^M\OT1/cmr/m/n/14.4 )$ \T2A/cmr/m/n/14.4 - 
як на-бiр ко-ор-ди-нат
 []


Overfull \hbox (2.12263pt too wide) in paragraph at lines 222--309
\T2A/cmr/m/n/14.4 В обох пiд-пун-ктах ви-ко-ну-№-ться на-сту-пне твер-дже-н-ня 
(на-да-лi в основ-но-му
 []

[5] [6]
Overfull \hbox (29.7024pt too wide) in paragraph at lines 311--330
\T2A/cmr/m/n/14.4 Будь-якiй т. $\OML/cmm/m/it/14.4 M$ \T2A/cmr/m/n/14.4 в про-с
то-рi одно-зна-чно вiд-по-вiд-а№ ве-ктор $[]$ - \T2A/cmr/bx/n/14.4 радiус-векто
р 
 []

[7] [8]
Overfull \hbox (15.8661pt too wide) in paragraph at lines 400--539
\T2A/cmr/bx/n/14.4 Definition 1.5.3. Про-№-кцi-№ю ве-кто-ра $[]$ на ве-ктор $[]
$ \T2A/cmr/m/n/14.4 на-зи-ва-ють про-№-кцiю
 []


Underfull \hbox (badness 10000) in paragraph at lines 400--539

 []

[9] [10]
Underfull \hbox (badness 10000) in paragraph at lines 544--552

 []


Overfull \hbox (2.76631pt too wide) in paragraph at lines 553--601
\T2A/cmr/bx/n/14.4 Definition 1.6.5. \T2A/cmr/m/n/14.4 Ба-зис, в яко-му всi ве-
кто-ри пер-пен-ди-ку-ляр-нi мiж со-бою,
 []


Overfull \hbox (26.38434pt too wide) in paragraph at lines 553--601
\T2A/cmr/bx/n/14.4 Definition 1.6.6. \T2A/cmr/m/n/14.4 Ор-то-го-наль-ний ба-зис
, в яко-му дов-жи-на ве-кто-рiв оди-ни-чна,
 []


Overfull \hbox (56.8983pt too wide) in paragraph at lines 553--601
\T2A/cmr/bx/n/14.4 Proposition 1.6.7. \T2A/cmr/m/n/14.4 Для ве-кто-рiв $[] \OT1
/cmr/m/n/14.4 = (\OML/cmm/m/it/14.4 a[]; a[]; a[]\OT1/cmr/m/n/14.4 )\OML/cmm/m/
it/14.4 ; [] \OT1/cmr/m/n/14.4 = (\OML/cmm/m/it/14.4 b[]; b[]; b[]\OT1/cmr/m/n/
14.4 )$ \T2A/cmr/m/n/14.4 в ор-то-нор-мо-ва-но-му
 []


Underfull \hbox (badness 10000) in paragraph at lines 553--601

 []

[11]
Overfull \hbox (38.67245pt too wide) in paragraph at lines 602--664
\T2A/cmr/m/n/14.4 мен-ший з ку-тiв мiж $[]$ та $[]$ та спо-сте-рi-га-ти по-во-р
от вiд $[]$ до $[]$ $[]$
 []


Overfull \hbox (15.26463pt too wide) in paragraph at lines 602--664
\T2A/cmr/bx/n/14.4 Definition 1.7.2. \T2A/cmr/m/n/14.4 Якщо спо-сте-рi-га-№-мо 
це яви-ще $[]$ стрiл-кою,
 []


Overfull \hbox (11.13818pt too wide) in paragraph at lines 602--664
\T2A/cmr/bx/n/14.4 Definition 1.7.4. Ве-ктор-ним до-бу-тком \T2A/cmr/m/n/14.4 в
е-кто-рiв $[]\OML/cmm/m/it/14.4 ; []$ \T2A/cmr/m/n/14.4 на-зи-ва-№-ться ве-ктор

 []


Underfull \hbox (badness 10000) in paragraph at lines 602--664

 []

[12] [13]
Overfull \hbox (2.09492pt too wide) in paragraph at lines 668--733
\T2A/cmr/m/n/14.4 3) Вi-зьме-мо до-вiль-ний ве-ктор $[]$ i зна-йде-мо на-сту-пн
ий ска-ляр-ний до-бу-ток: 
 []


Overfull \hbox (2.09492pt too wide) in paragraph at lines 668--733
\T2A/cmr/m/n/14.4 4) Вi-зьме-мо до-вiль-ний ве-ктор $[]$ i зна-йде-мо на-сту-пн
ий ска-ляр-ний до-бу-ток: 
 []


Underfull \hbox (badness 10000) in paragraph at lines 668--733

 []


Underfull \hbox (badness 10000) in paragraph at lines 668--733

 []

[14] [15]
Overfull \hbox (25.67807pt too wide) in paragraph at lines 737--773
\T2A/cmr/m/n/14.4 Розглянемо ве-кто-ри $[] \OT1/cmr/m/n/14.4 = (\OML/cmm/m/it/1
4.4 a[]; a[]; a[]\OT1/cmr/m/n/14.4 )\OML/cmm/m/it/14.4 ; [] \OT1/cmr/m/n/14.4 =
 (\OML/cmm/m/it/14.4 b[]; b[]; \OT1/cmr/m/n/14.4 0)\OML/cmm/m/it/14.4 ; [] \OT1
/cmr/m/n/14.4 = (\OML/cmm/m/it/14.4 c[]; \OT1/cmr/m/n/14.4 0\OML/cmm/m/it/14.4 
; \OT1/cmr/m/n/14.4 0)$\T2A/cmr/m/n/14.4 , якi роз-кла-де-нi
 []


Underfull \hbox (badness 10000) in paragraph at lines 737--773

 []

[16]
Overfull \hbox (53.58536pt too wide) in paragraph at lines 774--774
[]\T2A/cmr/bx/n/17.28 *Формула дi-ле-н-ня вiд-рiз-ка в за-да-но-му спiв-вiд-но-
шен-нi 
 []

[17] [18]
Overfull \hbox (30.02525pt too wide) in paragraph at lines 794--799
\T2A/cmr/bx/n/14.4 Definition 2. Рiв-ня-н-ням гео-ме-три-чно-го мi-сця то-чок \
T2A/cmr/m/n/14.4 (ГМТ) на-зи-ва-№-ться
 []


Overfull \hbox (15.83923pt too wide) in paragraph at lines 794--799
\T2A/cmr/bx/n/14.4 Definition 2.0.1. Нор-маль-ним ве-кто-ром пря-моЁ/площини \T
2A/cmr/m/n/14.4 на-зи-ва-ють
 []


Overfull \hbox (23.45677pt too wide) in paragraph at lines 794--799
\T2A/cmr/m/n/14.4 будь-який не-ну-льо-вий ве-ктор, що пер-пен-ди-ку-ляр-ний до 
цi-№Ё пря-моЁ/площини
 []


Overfull \hbox (22.80698pt too wide) in paragraph at lines 794--799
\T2A/cmr/bx/n/14.4 Definition 2.0.2. Спря-мо-ва-ним ве-кто-ром пря-моЁ/площини 
\T2A/cmr/m/n/14.4 на-зи-ва-ють
 []


Underfull \hbox (badness 10000) in paragraph at lines 794--799

 []


Underfull \hbox (badness 10000) in paragraph at lines 801--899

 []


Underfull \hbox (badness 10000) in paragraph at lines 801--899

 []


Underfull \hbox (badness 10000) in paragraph at lines 801--899

 []


Underfull \hbox (badness 10000) in paragraph at lines 801--899

 []


Underfull \hbox (badness 10000) in paragraph at lines 801--899

 []


Underfull \hbox (badness 10000) in paragraph at lines 801--899

 []

[19] [20]
Underfull \hbox (badness 10000) in paragraph at lines 901--946

 []

[21]
Underfull \hbox (badness 10000) in paragraph at lines 948--964

 []


Underfull \hbox (badness 10000) in paragraph at lines 948--964

 []


Underfull \hbox (badness 10000) in paragraph at lines 948--964

 []


Underfull \hbox (badness 10000) in paragraph at lines 948--964

 []

[22]
Overfull \hbox (5.71683pt too wide) in paragraph at lines 965--1094
\T2A/cmr/m/n/14.4 Тепер зна-йде-мо рiв-ня-н-ня пло-щи-ни, що про-хо-дить че-рез
 т. $\OML/cmm/m/it/14.4 M[] \OT1/cmr/m/n/14.4 = (\OML/cmm/m/it/14.4 x[]; y[]; z
[]\OT1/cmr/m/n/14.4 )$ 
 []


Underfull \hbox (badness 10000) in paragraph at lines 965--1094

 []


Underfull \hbox (badness 10000) in paragraph at lines 965--1094

 []


Underfull \hbox (badness 10000) in paragraph at lines 965--1094

 []


Underfull \hbox (badness 10000) in paragraph at lines 965--1094

 []


Underfull \hbox (badness 10000) in paragraph at lines 965--1094

 []


Underfull \hbox (badness 10000) in paragraph at lines 965--1094

 []


Underfull \hbox (badness 10000) in paragraph at lines 965--1094

 []


Overfull \hbox (7.47368pt too wide) in paragraph at lines 965--1094
\T2A/cmr/m/n/14.4 Заданi три т. $\OML/cmm/m/it/14.4 M[] \OT1/cmr/m/n/14.4 = (\O
ML/cmm/m/it/14.4 x[]; y[]; z[]\OT1/cmr/m/n/14.4 )\OML/cmm/m/it/14.4 ; M[] \OT1/
cmr/m/n/14.4 = (\OML/cmm/m/it/14.4 x[]; y[]; z[]\OT1/cmr/m/n/14.4 )\OML/cmm/m/i
t/14.4 ; M[] \OT1/cmr/m/n/14.4 = (\OML/cmm/m/it/14.4 x[]; y[]; z[]\OT1/cmr/m/n/
14.4 )$\T2A/cmr/m/n/14.4 . Зна-йде-мо
 []

[23]

LaTeX Warning: `h' float specifier changed to `ht'.

[24]
Overfull \hbox (24.44617pt too wide) in paragraph at lines 1096--1151
\OMS/cmsy/m/n/14.4 ^^F[]\OML/cmm/m/it/14.4 x \OMS/cmsy/m/n/14.4 ^^F []\OML/cmm/
m/it/14.4 y \OMS/cmsy/m/n/14.4 ^^F []\OML/cmm/m/it/14.4 z \OMS/cmsy/m/n/14.4 ^^
F [] \OT1/cmr/m/n/14.4 =
 []


Overfull \hbox (71.32687pt too wide) in paragraph at lines 1096--1151
\T2A/cmr/m/n/14.4 Отрима№мо нор-маль $[] \OT1/cmr/m/n/14.4 = []$\T2A/cmr/m/n/14
.4 ,
 []


Overfull \hbox (9.7242pt too wide) in paragraph at lines 1096--1151
\T2A/cmr/m/n/14.4 Нехай за-да-на т. $\OML/cmm/m/it/14.4 P \OT1/cmr/m/n/14.4 = (
\OML/cmm/m/it/14.4 x[]; y[]; z[]\OT1/cmr/m/n/14.4 ) \OMS/cmsy/m/n/14.4 62 \OML/
cmm/m/it/14.4 ^^Y$\T2A/cmr/m/n/14.4 . Вi-зьме-мо та-ку т. $\OML/cmm/m/it/14.4 M
 \OT1/cmr/m/n/14.4 = (\OML/cmm/m/it/14.4 x[]; y[]; z[]\OT1/cmr/m/n/14.4 ) \OMS/
cmsy/m/n/14.4 2
 []


Underfull \hbox (badness 10000) in paragraph at lines 1096--1151

 []


Overfull \hbox (16.352pt too wide) in paragraph at lines 1096--1151
\T2A/cmr/bx/n/14.4 Definition 2.4.1. Вiд-хи-ле-н-ням т. $\OML/cmm/m/it/14.4 P$ 
\T2A/cmr/m/n/14.4 вiд пло-щи-ни $\OML/cmm/m/it/14.4 ^^Y$ \T2A/cmr/m/n/14.4 на-з
и-ва-№-ться ве-ли-чи-на: 
 []

[25] [26]
Underfull \hbox (badness 10000) in paragraph at lines 1153--1169

 []


Underfull \hbox (badness 10000) in paragraph at lines 1153--1169

 []


Underfull \hbox (badness 10000) in paragraph at lines 1153--1169

 []


Overfull \hbox (31.35933pt too wide) in paragraph at lines 1153--1169
\T2A/cmr/m/n/14.4 €Ё мо-жна пе-ре-пи-са-ти iн-шим шля-хом, якщо зга-да-ти, що т
а-ке $[] \OML/cmm/m/it/14.4 ; [] ^^L; [] ^^M; p$
 []


Underfull \hbox (badness 10000) in paragraph at lines 1153--1169

 []


Overfull \hbox (14.13663pt too wide) in paragraph at lines 1170--1209
\T2A/cmr/bx/n/14.4 отрима№мо рiв-ня-н-ня пря-моЁ, за якою пе-ре-ти-на-ю-ться дв
i пло-щи-ни\T2A/cmr/m/n/14.4 : 
 []


Underfull \hbox (badness 10000) in paragraph at lines 1170--1209

 []


Overfull \hbox (5.63579pt too wide) in paragraph at lines 1170--1209
\T2A/cmr/m/n/14.4 Заданi двi т. $\OML/cmm/m/it/14.4 M[] \OT1/cmr/m/n/14.4 = (\O
ML/cmm/m/it/14.4 x[]; y[]; z[]\OT1/cmr/m/n/14.4 )\OML/cmm/m/it/14.4 ; M[] \OT1/
cmr/m/n/14.4 = (\OML/cmm/m/it/14.4 x[]; y[]; z[]\OT1/cmr/m/n/14.4 )$\T2A/cmr/m/
n/14.4 . Зна-йде-мо рiв-ня-н-ня пря-моЁ,
 []


Underfull \hbox (badness 10000) in paragraph at lines 1170--1209

 []

[27]
Overfull \hbox (4.29692pt too wide) in paragraph at lines 1210--1286
\T2A/cmr/m/n/14.4 Ма№мо ка-но-нi-чне рiв-ня-н-ня пря-моЁ, що про-хо-дить че-рез
 т. $\OML/cmm/m/it/14.4 M[] \OT1/cmr/m/n/14.4 = (\OML/cmm/m/it/14.4 x[]; y[]; z
[]\OT1/cmr/m/n/14.4 )$\T2A/cmr/m/n/14.4 : 
 []


Overfull \hbox (35.7181pt too wide) in paragraph at lines 1210--1286
\T2A/cmr/m/n/14.4 Ми до-да-тко-во зна-йде-мо рiв-ня-н-ня спiль-но-го пер-пен-ди
-ку-ля-ру за цим ма-люн-ком: 
 []


Underfull \hbox (badness 10000) in paragraph at lines 1210--1286

 []

[28] [29]
Overfull \hbox (3.57434pt too wide) in paragraph at lines 1287--1321
\T2A/cmr/m/n/14.4 нор-ма-лi $[]$ на пло-щи-нi та роз-кла-де-мо за дво-ма не-ко-
лi-не-ар-ни-ми ве-кто-ра-ми: 
 []

[30] [31]
Underfull \hbox (badness 10000) in paragraph at lines 1328--1330

 []


Overfull \hbox (2.39946pt too wide) in paragraph at lines 1331--1356
\T2A/cmr/m/n/14.4 При $\OT1/cmr/m/n/14.4 2\OML/cmm/m/it/14.4 c > \OT1/cmr/m/n/1
4.4 2\OML/cmm/m/it/14.4 a$ \T2A/cmr/m/n/14.4 ви-па-док не № мо-жли-вим (не-рiв-
нiсть три-ку-тни-ка пiд-твер-дить) 
 []


Overfull \hbox (35.26987pt too wide) in paragraph at lines 1358--1408
\OT1/cmr/m/n/14.4 = [] = [] = [] = [] =
 []


Overfull \hbox (25.7749pt too wide) in paragraph at lines 1358--1408
\T2A/cmr/bx/n/14.4 Remark 3.1.4. \T2A/cmr/m/n/14.4 Ди-ре-ктри-са елi-пса - пря-
мi, що пер-пен-ди-ку-ляр-нi до фо-каль-ноЁ
 []


Overfull \hbox (58.48996pt too wide) in paragraph at lines 1358--1408
\T2A/cmr/m/n/14.4 та-ким чи-ном роз-та-шу-№-мо елiпс ка-но-нi-чним чи-ном. А дл
я ка-но-нi-чно роз-та-шо-ва-но-го
 []


Underfull \hbox (badness 10000) in paragraph at lines 1358--1408

 []

[32] [33]
Overfull \hbox (12.73277pt too wide) in paragraph at lines 1409--1428
\T2A/cmr/m/n/14.4 вiд-ста-ней вiд двох фi-ксо-ва-них то-чок $\OML/cmm/m/it/14.4
 F[]; F[]$ \T2A/cmr/m/n/14.4 - фо-ку-си гi-пер-бо-ли - № по-стiй-ною
 []

[34]
Overfull \hbox (0.6708pt too wide) in paragraph at lines 1430--1484
\T2A/cmr/bx/n/14.4 Definition 3.2.3. \T2A/cmr/m/n/14.4 Пря-мi $\OML/cmm/m/it/14
.4 x \OT1/cmr/m/n/14.4 = \OMS/cmsy/m/n/14.4 ^^F[]$ \T2A/cmr/m/n/14.4 на-зи-ва-ю
ть \T2A/cmr/bx/n/14.4 ди-ре-ктри-са-ми гi-пер-бо-ли 
 []


Underfull \hbox (badness 10000) in paragraph at lines 1430--1484

 []

[35] [36]
Underfull \hbox (badness 10000) in paragraph at lines 1496--1514

 []

[37]
Underfull \hbox (badness 10000) in paragraph at lines 1526--1555

 []

<cone_intersection.jpg, id=355, 301.125pt x 250.68657pt>
File: cone_intersection.jpg Graphic file (type jpg)
<use cone_intersection.jpg>
Package pdftex.def Info: cone_intersection.jpg  used on input line 1557.
(pdftex.def)             Requested size: 226.48395pt x 188.5538pt.

Underfull \hbox (badness 10000) in paragraph at lines 1557--1563

 []

[38]
Overfull \hbox (5.34128pt too wide) detected at line 1567
[]
 []


Underfull \hbox (badness 10000) in paragraph at lines 1567--1587

 []

[39 <./cone_intersection.jpg>]
<ellipsoid.jpeg, id=365, 163.3302pt x 164.2938pt>
File: ellipsoid.jpeg Graphic file (type jpg)
<use ellipsoid.jpeg>
Package pdftex.def Info: ellipsoid.jpeg  used on input line 1616.
(pdftex.def)             Requested size: 163.32979pt x 164.29338pt.

Underfull \hbox (badness 10000) in paragraph at lines 1615--1631

 []

[40]
<2-shit-hyperboloid.jpeg, id=370, 169.1118pt x 190.7928pt>
File: 2-shit-hyperboloid.jpeg Graphic file (type jpg)
<use 2-shit-hyperboloid.jpeg>
Package pdftex.def Info: 2-shit-hyperboloid.jpeg  used on input line 1645.
(pdftex.def)             Requested size: 169.11137pt x 190.79231pt.

Underfull \hbox (badness 10000) in paragraph at lines 1644--1647

 []

[41 <./ellipsoid.jpeg> <./2-shit-hyperboloid.jpeg>]
<1-shit-hyperboloid.jpeg, id=375, 161.8848pt x 181.1568pt>
File: 1-shit-hyperboloid.jpeg Graphic file (type jpg)
<use 1-shit-hyperboloid.jpeg>
Package pdftex.def Info: 1-shit-hyperboloid.jpeg  used on input line 1659.
(pdftex.def)             Requested size: 161.8844pt x 181.15634pt.

Underfull \hbox (badness 10000) in paragraph at lines 1658--1668

 []

<elliptic-paraboloid.jpeg, id=376, 164.7756pt x 186.9384pt>
File: elliptic-paraboloid.jpeg Graphic file (type jpg)
<use elliptic-paraboloid.jpeg>
Package pdftex.def Info: elliptic-paraboloid.jpeg  used on input line 1671.
(pdftex.def)             Requested size: 164.77518pt x 186.93794pt.
[42 <./1-shit-hyperboloid.jpeg>]
<hyperbolic-paraboloid.jpeg, id=382, 161.8848pt x 156.1032pt>
File: hyperbolic-paraboloid.jpeg Graphic file (type jpg)
<use hyperbolic-paraboloid.jpeg>
Package pdftex.def Info: hyperbolic-paraboloid.jpeg  used on input line 1677.
(pdftex.def)             Requested size: 161.8844pt x 156.1028pt.

Underfull \hbox (badness 10000) in paragraph at lines 1676--1679

 []


Underfull \hbox (badness 10000) in paragraph at lines 1680--1698

 []

[43 <./elliptic-paraboloid.jpeg> <./hyperbolic-paraboloid.jpeg>]
Overfull \hbox (9.91614pt too wide) in paragraph at lines 1699--1707
\T2A/cmr/m/n/14.4 Отримана мно-жи-на то-чок i № \T2A/cmr/bx/n/14.4 ко-ну-сом \T
2A/cmr/m/n/14.4 iз осно-вою $\OML/cmm/m/it/14.4 F\OT1/cmr/m/n/14.4 (\OML/cmm/m/
it/14.4 x; y\OT1/cmr/m/n/14.4 ) = 0$ \T2A/cmr/m/n/14.4 та вер-ши-ною
 []

[44]
Underfull \hbox (badness 10000) in paragraph at lines 1710--1715

 []


Overfull \hbox (5.5068pt too wide) in paragraph at lines 1716--1807
\T2A/cmr/m/n/14.4 За при-пу-ще-н-ня-ми МI, для мно-го-чле-нiв $\OML/cmm/m/it/14
.4 p\OT1/cmr/m/n/14.4 (\OML/cmm/m/it/14.4 x\OT1/cmr/m/n/14.4 )\OML/cmm/m/it/14.
4 ; g\OT1/cmr/m/n/14.4 (\OML/cmm/m/it/14.4 x\OT1/cmr/m/n/14.4 )$ \T2A/cmr/m/n/1
4.4 iсну№ $[]\OT1/cmr/m/n/14.4 (\OML/cmm/m/it/14.4 x\OT1/cmr/m/n/14.4 )\OML/cmm
/m/it/14.4 ; []\OT1/cmr/m/n/14.4 (\OML/cmm/m/it/14.4 x\OT1/cmr/m/n/14.4 )$\T2A/
cmr/m/n/14.4 , оскiль-ки
 []


Overfull \hbox (28.48157pt too wide) in paragraph at lines 1716--1807
\T2A/cmr/bx/n/14.4 Definition 5.1.5. \T2A/cmr/m/n/14.4 Чи-сло $\OML/cmm/m/it/14
.4 a$ \T2A/cmr/m/n/14.4 на-зи-ва-ють \T2A/cmr/bx/n/14.4 ко-ре-нем мно-го-чле-на
 $\OML/cmm/m/it/14.4 f\OT1/cmr/m/n/14.4 (\OML/cmm/m/it/14.4 x\OT1/cmr/m/n/14.4 
)$ \T2A/cmr/bx/n/14.4 кра-тно-стi
 []


Underfull \hbox (badness 10000) in paragraph at lines 1716--1807

 []

[45] [46] [47]
Overfull \hbox (34.17204pt too wide) in paragraph at lines 1808--1851
\T2A/cmr/bx/n/14.4 Corollary 5.2.3. \T2A/cmr/m/n/14.4 За-да-ний мно-го-член сте
-пе-нi $\OML/cmm/m/it/14.4 n$ \T2A/cmr/m/n/14.4 з ком-пле-ксни-ми ко-е-фi-цi-№н
-та-ми.
 []


Overfull \hbox (21.51903pt too wide) in paragraph at lines 1808--1851
\OT1/cmr/m/n/14.4 = \OML/cmm/m/it/14.4 x[] \OT1/cmr/m/n/14.4 + \OML/cmm/m/it/14
.4 p[]x \OT1/cmr/m/n/14.4 + \OML/cmm/m/it/14.4 q[]$\T2A/cmr/m/n/14.4 , для яко-
го $\OML/cmm/m/it/14.4 D < \OT1/cmr/m/n/14.4 0$ \T2A/cmr/m/n/14.4 (то-му що фа-
кти-чно 2 ко-ре-нi № ком-пле-ксни-ми) 
 []


Underfull \hbox (badness 10000) in paragraph at lines 1808--1851

 []

[48]
Overfull \hbox (3.90718pt too wide) in paragraph at lines 1852--1920
\T2A/cmr/bx/n/14.4 Definition 5.3.1.(1) \T2A/cmr/m/n/14.4 Мно-го-член $\OML/cmm
/m/it/14.4 h\OT1/cmr/m/n/14.4 (\OML/cmm/m/it/14.4 x\OT1/cmr/m/n/14.4 )$ \T2A/cm
r/m/n/14.4 на-зи-ва-№-ться \T2A/cmr/bx/n/14.4 дiль-ни-ком $\OML/cmm/m/it/14.4 f
\OT1/cmr/m/n/14.4 (\OML/cmm/m/it/14.4 x\OT1/cmr/m/n/14.4 )$\T2A/cmr/m/n/14.4 , 
якщо
 []


Overfull \hbox (2.23369pt too wide) in paragraph at lines 1852--1920
\T2A/cmr/bx/n/14.4 Definition 5.3.1.(2) \T2A/cmr/m/n/14.4 Мно-го-член $\OML/cmm
/m/it/14.4 h\OT1/cmr/m/n/14.4 (\OML/cmm/m/it/14.4 x\OT1/cmr/m/n/14.4 )$ \T2A/cm
r/m/n/14.4 на-зи-ва-№-ться \T2A/cmr/bx/n/14.4 спiль-ним дiль-ни-ком
 []


Overfull \hbox (13.97351pt too wide) in paragraph at lines 1852--1920
\T2A/cmr/bx/n/14.4 Definition 5.3.1.(3) \T2A/cmr/m/n/14.4 Мно-го-член $\OML/cmm
/m/it/14.4 d\OT1/cmr/m/n/14.4 (\OML/cmm/m/it/14.4 x\OT1/cmr/m/n/14.4 )$ \T2A/cm
r/m/n/14.4 на-зи-ва-№-ться $[]$ \T2A/cmr/bx/n/14.4 спiль-ним
 []


Overfull \hbox (19.31465pt too wide) in paragraph at lines 1852--1920
\T2A/cmr/bx/n/14.4 Definition 5.3.5.(2) \T2A/cmr/m/n/14.4 Мно-го-член $\OML/cmm
/m/it/14.4 M\OT1/cmr/m/n/14.4 (\OML/cmm/m/it/14.4 x\OT1/cmr/m/n/14.4 )$ \T2A/cm
r/m/n/14.4 на-зи-ва-№-ться $[]$ \T2A/cmr/bx/n/14.4 спiль-ним
 []


Underfull \hbox (badness 10000) in paragraph at lines 1852--1920

 []

[49] [50]
Overfull \hbox (15.63707pt too wide) in paragraph at lines 1921--1924
\T2A/cmr/bx/n/14.4 Definition 5.4.1.(1) Дробово-рацiональним ви-ра-зом \T2A/cmr
/m/n/14.4 на-зи-ва-ють $[]$,
 []

[51]
Overfull \hbox (63.63963pt too wide) in paragraph at lines 1926--1989
[] \OT1/cmr/m/n/14.4 = [] = []$ 
 []


Underfull \hbox (badness 10000) in paragraph at lines 1926--1989

 []

[52] [53] [54]
Package atveryend Info: Empty hook `BeforeClearDocument' on input line 1989.
Package atveryend Info: Empty hook `AfterLastShipout' on input line 1989.
 (./Anal geom.aux)
Package atveryend Info: Executing hook `AtVeryEndDocument' on input line 1989.
Package atveryend Info: Executing hook `AtEndAfterFileList' on input line 1989.

Package rerunfilecheck Info: File `"Anal geom".out' has not changed.
(rerunfilecheck)             Checksum: C7ED8F333B2A98821516523AB66E9D2A;7998.
Package atveryend Info: Empty hook `AtVeryVeryEnd' on input line 1989.
 ) 
Here is how much of TeX's memory you used:
 37316 strings out of 481239
 843455 string characters out of 5920376
 1306378 words of memory out of 5000000
 51855 multiletter control sequences out of 15000+600000
 546694 words of font info for 55 fonts, out of 8000000 for 9000
 1141 hyphenation exceptions out of 8191
 68i,20n,98p,941b,763s stack positions out of 5000i,500n,10000p,200000b,80000s
{/usr/share/texmf/fonts/enc/dvips/cm-super/cm-super-t2a.enc}</usr/share/texli
ve/texmf-dist/fonts/type1/public/amsfonts/cm/cmex10.pfb></usr/share/texlive/tex
mf-dist/fonts/type1/public/amsfonts/cm/cmmi10.pfb></usr/share/texlive/texmf-dis
t/fonts/type1/public/amsfonts/cm/cmmi12.pfb></usr/share/texlive/texmf-dist/font
s/type1/public/amsfonts/cm/cmmi7.pfb></usr/share/texlive/texmf-dist/fonts/type1
/public/amsfonts/cm/cmr10.pfb></usr/share/texlive/texmf-dist/fonts/type1/public
/amsfonts/cm/cmr12.pfb></usr/share/texlive/texmf-dist/fonts/type1/public/amsfon
ts/cm/cmr7.pfb></usr/share/texlive/texmf-dist/fonts/type1/public/amsfonts/cm/cm
sy10.pfb></usr/share/texlive/texmf-dist/fonts/type1/public/amsfonts/symbols/msa
m10.pfb></usr/share/texlive/texmf-dist/fonts/type1/public/amsfonts/symbols/msbm
10.pfb></usr/share/texmf/fonts/type1/public/cm-super/sfbx1000.pfb></usr/share/t
exmf/fonts/type1/public/cm-super/sfbx1440.pfb></usr/share/texmf/fonts/type1/pub
lic/cm-super/sfbx1728.pfb></usr/share/texmf/fonts/type1/public/cm-super/sfbx207
4.pfb></usr/share/texmf/fonts/type1/public/cm-super/sfrm1000.pfb></usr/share/te
xmf/fonts/type1/public/cm-super/sfrm1440.pfb></usr/share/texmf/fonts/type1/publ
ic/cm-super/sfti1440.pfb>
Output written on "Anal geom.pdf" (55 pages, 1117859 bytes).
PDF statistics:
 515 PDF objects out of 1000 (max. 8388607)
 430 compressed objects within 5 object streams
 92 named destinations out of 1000 (max. 500000)
 315 words of extra memory for PDF output out of 10000 (max. 10000000)

