\BOOKMARK [1][-]{section.1}{\376\377\004\022\004\065\004\072\004\102\004\076\004\100\004\070}{}% 1
\BOOKMARK [2][-]{subsection.1.1}{\376\377\004\036\004\101\004\075\004\076\004\062\004\075\004\126\000\040\004\076\004\067\004\075\004\060\004\107\004\065\004\075\004\075\004\117}{section.1}% 2
\BOOKMARK [2][-]{subsection.1.2}{\376\377\004\037\004\076\004\075\004\117\004\102\004\102\004\117\000\040\004\061\004\060\004\067\004\070\004\101}{section.1}% 3
\BOOKMARK [3][-]{subsubsection.1.2.1}{\376\377\004\022\004\070\004\077\004\060\004\064\004\076\004\072\000\040\004\075\004\060\000\040\004\077\004\073\004\076\004\111\004\070\004\075\004\126}{subsection.1.2}% 4
\BOOKMARK [3][-]{subsubsection.1.2.2}{\376\377\004\022\004\070\004\077\004\060\004\064\004\076\004\072\000\040\004\062\000\040\004\077\004\100\004\076\004\101\004\102\004\076\004\100\004\126}{subsection.1.2}% 5
\BOOKMARK [2][-]{subsection.1.3}{\376\377\004\024\004\065\004\072\004\060\004\100\004\102\004\076\004\062\004\060\000\040\004\101\004\070\004\101\004\102\004\065\004\074\004\060\000\040\004\072\004\076\004\076\004\100\004\064\004\070\004\075\004\060\004\102}{section.1}% 6
\BOOKMARK [2][-]{subsection.1.4}{\376\377\004\033\004\126\004\075\004\126\004\071\004\075\004\060\000\040\004\067\004\060\004\073\004\065\004\066\004\075\004\126\004\101\004\102\004\114\000/\004\075\004\065\004\067\004\060\004\073\004\065\004\066\004\075\004\126\004\101\004\102\004\114}{section.1}% 7
\BOOKMARK [2][-]{subsection.1.5}{\376\377\004\037\004\100\004\076\004\124\004\072\004\106\004\126\004\117\000\040\004\075\004\060\000\040\004\062\004\126\004\101\004\114}{section.1}% 8
\BOOKMARK [2][-]{subsection.1.6}{\376\377\004\041\004\072\004\060\004\073\004\117\004\100\004\075\004\070\004\071\000\040\004\064\004\076\004\061\004\103\004\102\004\076\004\072}{section.1}% 9
\BOOKMARK [2][-]{subsection.1.7}{\376\377\004\022\004\065\004\072\004\102\004\076\004\100\004\075\004\070\004\071\000\040\004\064\004\076\004\061\004\103\004\102\004\076\004\072\000\040\004\062\004\065\004\072\004\102\004\076\004\100\004\126\004\062}{section.1}% 10
\BOOKMARK [2][-]{subsection.1.8}{\376\377\004\034\004\126\004\110\004\060\004\075\004\070\004\071\000\040\004\064\004\076\004\061\004\103\004\102\004\076\004\072\000\040\004\062\004\065\004\072\004\102\004\076\004\100\004\126\004\062}{section.1}% 11
\BOOKMARK [2][-]{subsection.1.9}{\376\377\004\037\004\076\004\064\004\062\004\126\004\071\004\075\004\070\004\071\000\040\004\062\004\065\004\072\004\102\004\076\004\100\004\075\004\070\004\071\000\040\004\064\004\076\004\061\004\103\004\102\004\076\004\072}{section.1}% 12
\BOOKMARK [2][-]{subsection.1.10}{\376\377\000*\004\044\004\076\004\100\004\074\004\103\004\073\004\060\000\040\004\064\004\126\004\073\004\065\004\075\004\075\004\117\000\040\004\062\004\126\004\064\004\100\004\126\004\067\004\072\004\060\000\040\004\062\000\040\004\067\004\060\004\064\004\060\004\075\004\076\004\074\004\103\000\040\004\101\004\077\004\126\004\062\004\062\004\126\004\064\004\075\004\076\004\110\004\065\004\075\004\075\004\126}{section.1}% 13
\BOOKMARK [1][-]{section.2}{\376\377\004\037\004\076\004\107\004\060\004\102\004\076\004\072\000\040\004\060\004\075\004\060\004\073\004\126\004\102\004\070\004\107\004\075\004\076\004\127\000\040\004\063\004\065\004\076\004\074\004\065\004\102\004\100\004\126\004\127\000.\000\040\004\037\004\100\004\117\004\074\004\126\000\040\004\102\004\060\000\040\004\077\004\073\004\076\004\111\004\070\004\075\004\070}{}% 14
\BOOKMARK [2][-]{subsection.2.1}{\376\377\004\037\004\100\004\117\004\074\004\060\000\040\004\075\004\060\000\040\004\077\004\073\004\076\004\111\004\070\004\075\004\126}{section.2}% 15
\BOOKMARK [2][-]{subsection.2.2}{\376\377\004\035\004\076\004\100\004\074\004\060\004\073\004\114\004\075\004\065\000\040\004\100\004\126\004\062\004\075\004\117\004\075\004\075\004\117\000\040\004\077\004\100\004\117\004\074\004\076\004\127}{section.2}% 16
\BOOKMARK [2][-]{subsection.2.3}{\376\377\004\037\004\073\004\076\004\111\004\070\004\075\004\060\000\040\004\062\000\040\004\077\004\100\004\076\004\101\004\102\004\076\004\100\004\126}{section.2}% 17
\BOOKMARK [2][-]{subsection.2.4}{\376\377\004\035\004\076\004\100\004\074\004\060\004\073\004\114\004\075\004\065\000\040\004\100\004\126\004\062\004\075\004\117\004\075\004\075\004\117\000\040\004\077\004\073\004\076\004\111\004\070\004\075\004\070}{section.2}% 18
\BOOKMARK [2][-]{subsection.2.5}{\376\377\004\037\004\100\004\117\004\074\004\060\000\040\004\062\000\040\004\077\004\100\004\076\004\101\004\102\004\076\004\100\004\126}{section.2}% 19
\BOOKMARK [2][-]{subsection.2.6}{\376\377\004\022\004\126\004\064\004\101\004\102\004\060\004\075\004\126}{section.2}% 20
\BOOKMARK [2][-]{subsection.2.7}{\376\377\000*\004\026\004\074\004\103\004\102\004\072\004\070}{section.2}% 21
\BOOKMARK [1][-]{section.3}{\376\377\004\032\004\100\004\070\004\062\004\126\000\040\004\102\004\060\000\040\004\077\004\076\004\062\004\065\004\100\004\105\004\075\004\126\000\040\004\064\004\100\004\103\004\063\004\076\004\063\004\076\000\040\004\077\004\076\004\100\004\117\004\064\004\072\004\103}{}% 22
\BOOKMARK [2][-]{subsection.3.1}{\376\377\004\025\004\073\004\126\004\077\004\101}{section.3}% 23
\BOOKMARK [2][-]{subsection.3.2}{\376\377\004\023\004\126\004\077\004\065\004\100\004\061\004\076\004\073\004\060}{section.3}% 24
\BOOKMARK [2][-]{subsection.3.3}{\376\377\004\037\004\060\004\100\004\060\004\061\004\076\004\073\004\060}{section.3}% 25
\BOOKMARK [2][-]{subsection.3.4}{\376\377\004\036\004\077\004\102\004\070\004\107\004\075\004\126\000\040\004\062\004\073\004\060\004\101\004\102\004\070\004\062\004\076\004\101\004\102\004\126\000\040\004\072\004\100\004\070\004\062\004\070\004\105\000\040\004\064\004\100\004\103\004\063\004\076\004\063\004\076\000\040\004\077\004\076\004\100\004\117\004\064\004\072\004\103}{section.3}% 26
\BOOKMARK [2][-]{subsection.3.5}{\376\377\004\032\004\100\004\070\004\062\004\126\000\040\004\064\004\100\004\103\004\063\004\076\004\063\004\076\000\040\004\077\004\076\004\100\004\117\004\064\004\072\004\103\000\040\004\117\004\072\000\040\004\072\004\076\004\075\004\126\004\107\004\075\004\070\004\071\000\040\004\077\004\065\004\100\004\065\004\102\004\070\004\075}{section.3}% 27
\BOOKMARK [2][-]{subsection.3.6}{\376\377\004\046\004\070\004\073\004\126\004\075\004\064\004\100\004\070}{section.3}% 28
\BOOKMARK [2][-]{subsection.3.7}{\376\377\004\032\004\076\004\075\004\126\004\107\004\075\004\126\000\040\004\077\004\076\004\062\004\065\004\100\004\105\004\075\004\126}{section.3}% 29
\BOOKMARK [1][-]{section.4}{\376\377\004\034\004\075\004\076\004\063\004\076\004\107\004\073\004\065\004\075\004\070}{}% 30
\BOOKMARK [2][-]{subsection.4.1}{\376\377\004\037\004\100\004\076\000\040\004\077\004\076\004\064\004\126\004\073\004\114\004\075\004\126\004\101\004\102\004\114\000\040\004\074\004\075\004\076\004\063\004\076\004\107\004\073\004\065\004\075\004\126\004\062}{section.4}% 31
\BOOKMARK [2][-]{subsection.4.2}{\376\377\004\032\004\076\004\074\004\077\004\073\004\065\004\072\004\101\004\075\004\126\000\040\004\072\004\076\004\100\004\065\004\075\004\126\000\040\004\074\004\075\004\076\004\063\004\076\004\107\004\073\004\065\004\075\004\126\004\062}{section.4}% 32
\BOOKMARK [2][-]{subsection.4.3}{\376\377\004\041\004\077\004\126\004\073\004\114\004\075\004\126\000\040\004\064\004\126\004\073\004\114\004\075\004\070\004\072\004\070\000\040\004\102\004\060\000\040\004\072\004\100\004\060\004\102\004\075\004\126\000\040\004\064\004\062\004\076\004\105\000\040\004\074\004\075\004\076\004\063\004\076\004\107\004\073\004\065\004\075\004\126\004\062}{section.4}% 33
\BOOKMARK [2][-]{subsection.4.4}{\376\377\004\024\004\100\004\076\004\061\004\076\004\062\004\076\000-\004\100\004\060\004\106\004\126\004\076\004\075\004\060\004\073\004\114\004\075\004\126\000\040\004\062\004\070\004\100\004\060\004\067\004\070\000,\000\040\004\100\004\076\004\067\004\072\004\073\004\060\004\064}{section.4}% 34
