\BOOKMARK [1][-]{section.1}{\376\377\004\037\004\065\004\100\004\110\004\126\000\040\004\064\004\100\004\126\004\061\004\075\004\070\004\106\004\126\000.\000\040\004\024\004\126\004\071\004\101\004\075\004\126\000\040\004\107\004\070\004\101\004\073\004\060}{}% 1
\BOOKMARK [2][-]{subsection.1.1}{\376\377\004\020\004\072\004\101\004\126\004\076\004\074\004\060\004\102\004\070\004\072\004\060\000\040\004\074\004\075\004\076\004\066\004\070\004\075\004\070\000\040\004\064\004\126\004\071\004\101\004\075\004\070\004\105\000\040\004\107\004\070\004\101\004\065\004\073\000,\000\040\004\077\004\100\004\070\004\075\004\106\004\070\004\077\000\040\004\024\004\065\004\064\004\065\004\072\004\126\004\075\004\064\004\060}{section.1}% 2
\BOOKMARK [2][-]{subsection.1.2}{\376\377\004\037\004\100\004\070\004\075\004\106\004\070\004\077\000\040\004\074\004\060\004\102\000.\000\040\004\126\004\075\004\064\004\103\004\072\004\106\004\126\004\127}{section.1}% 3
\BOOKMARK [2][-]{subsection.1.3}{\376\377\004\036\004\101\004\075\004\076\004\062\004\075\004\126\000\040\004\075\004\065\004\100\004\126\004\062\004\075\004\076\004\101\004\102\004\126}{section.1}% 4
\BOOKMARK [2][-]{subsection.1.4}{\376\377\004\022\004\126\004\064\004\072\004\100\004\070\004\102\004\126\000,\000\040\004\067\004\060\004\074\004\072\004\075\004\065\004\075\004\126\000\040\004\074\004\075\004\076\004\066\004\070\004\075\004\070}{section.1}% 5
\BOOKMARK [2][-]{subsection.1.5}{\376\377\004\042\004\076\004\107\004\072\004\076\004\062\004\126\000\040\004\074\004\065\004\066\004\126}{section.1}% 6
\BOOKMARK [2][-]{subsection.1.6}{\376\377\004\037\004\100\004\070\004\075\004\106\004\070\004\077\000\040\004\020\004\100\004\105\004\126\004\074\004\065\004\064\004\060\000\040\004\102\004\060\000\040\004\076\004\101\004\075\004\076\004\062\004\075\004\126\000\040\004\102\004\062\004\065\004\100\004\064\004\066\004\065\004\075\004\075\004\117\000\040\004\074\004\060\004\102\000.\000\040\004\060\004\075\004\060\004\073\004\126\004\067\004\103}{section.1}% 7
\BOOKMARK [1][-]{section.2}{\376\377\004\023\004\100\004\060\004\075\004\070\004\106\004\126\000\040\004\107\004\070\004\101\004\073\004\076\004\062\004\076\004\127\000\040\004\077\004\076\004\101\004\073\004\126\004\064\004\076\004\062\004\075\004\076\004\101\004\102\004\126}{}% 8
\BOOKMARK [2][-]{subsection.2.1}{\376\377\004\036\004\101\004\075\004\076\004\062\004\075\004\126\000\040\004\076\004\067\004\075\004\060\004\107\004\065\004\075\004\075\004\117}{section.2}% 9
\BOOKMARK [2][-]{subsection.2.2}{\376\377\004\035\004\065\004\101\004\072\004\126\004\075\004\107\004\065\004\075\004\075\004\076\000\040\004\074\004\060\004\073\004\126\000/\004\062\004\065\004\073\004\070\004\072\004\126\000\040\004\077\004\076\004\101\004\073\004\126\004\064\004\076\004\062\004\075\004\076\004\101\004\102\004\126}{section.2}% 10
\BOOKMARK [2][-]{subsection.2.3}{\376\377\004\035\004\065\004\100\004\126\004\062\004\075\004\076\004\101\004\102\004\126\000\040\004\062\000\040\004\063\004\100\004\060\004\075\004\070\004\106\004\117\004\105}{section.2}% 11
\BOOKMARK [2][-]{subsection.2.4}{\376\377\004\034\004\076\004\075\004\076\004\102\004\076\004\075\004\075\004\126\000\040\004\077\004\076\004\101\004\073\004\126\004\064\004\076\004\062\004\075\004\076\004\101\004\102\004\126\000.\000\040\004\047\004\070\004\101\004\073\004\076\000\040\000e}{section.2}% 12
\BOOKMARK [2][-]{subsection.2.5}{\376\377\004\037\004\126\004\064\004\077\004\076\004\101\004\073\004\126\004\064\004\076\004\062\004\075\004\076\004\101\004\102\004\126}{section.2}% 13
\BOOKMARK [2][-]{subsection.2.6}{\376\377\004\044\004\103\004\075\004\064\004\060\004\074\004\065\004\075\004\102\004\060\004\073\004\114\004\075\004\060\000\040\004\077\004\076\004\101\004\073\004\126\004\064\004\076\004\062\004\075\004\126\004\101\004\102\004\114}{section.2}% 14
\BOOKMARK [2][-]{subsection.2.7}{\376\377\000*\004\024\004\065\004\117\004\072\004\126\000\040\004\102\004\065\004\076\004\100\004\065\004\102\004\070\004\107\004\075\004\126\000\040\004\104\004\060\004\072\004\102\004\070}{section.2}% 15
\BOOKMARK [2][-]{subsection.2.8}{\376\377\000*\004\032\004\076\004\075\004\101\004\102\004\060\004\075\004\102\004\060\000\040\004\025\004\071\004\073\004\065\004\100\004\060\000-\004\034\004\060\004\101\004\072\004\065\004\100\004\076\004\075\004\126}{section.2}% 16
\BOOKMARK [2][-]{subsection.2.9}{\376\377\000*\004\042\004\065\004\076\004\100\004\065\004\074\004\060\000\040\004\050\004\102\004\076\004\073\004\114\004\106\004\060}{section.2}% 17
\BOOKMARK [2][-]{subsection.2.10}{\376\377\000*\004\006\004\100\004\100\004\060\004\106\004\126\004\076\004\075\004\060\004\073\004\114\004\075\004\126\004\101\004\102\004\114\000\040\004\107\004\070\004\101\004\073\004\060\000\040\000e}{section.2}% 18
\BOOKMARK [2][-]{subsection.2.11}{\376\377\000*\004\027\004\062\004\126\004\064\004\072\004\070\000\040\004\062\004\070\004\075\004\070\004\072\000\040\004\076\004\072\004\126\004\073\000\040\004\062\000\040\004\075\004\065\004\101\004\072\004\126\004\075\004\107\004\065\004\075\004\075\004\076\004\101\004\102\004\126}{section.2}% 19
\BOOKMARK [1][-]{section.3}{\376\377\004\023\004\100\004\060\004\075\004\070\004\106\004\126\000\040\004\104\004\103\004\075\004\072\004\106\004\126\004\127}{}% 20
\BOOKMARK [2][-]{subsection.3.1}{\376\377\004\036\004\101\004\075\004\076\004\062\004\075\004\126\000\040\004\077\004\076\004\075\004\117\004\102\004\102\004\117\000\040\004\077\004\100\004\076\000\040\004\104\004\103\004\075\004\072\004\106\004\126\004\127}{section.3}% 21
\BOOKMARK [2][-]{subsection.3.2}{\376\377\004\023\004\100\004\060\004\075\004\070\004\106\004\126\000\040\004\104\004\103\004\075\004\072\004\106\004\126\004\127}{section.3}% 22
\BOOKMARK [2][-]{subsection.3.3}{\376\377\004\037\004\065\004\100\004\110\004\060\000\040\004\107\004\103\004\064\004\076\004\062\004\060\000\040\004\063\004\100\004\060\004\075\004\070\004\106\004\117}{section.3}% 23
\BOOKMARK [2][-]{subsection.3.4}{\376\377\004\024\004\100\004\103\004\063\004\060\000\040\004\107\004\103\004\064\004\076\004\062\004\060\000\040\004\063\004\100\004\060\004\075\004\070\004\106\004\117}{section.3}% 24
\BOOKMARK [2][-]{subsection.3.5}{\376\377\004\036\004\064\004\075\004\076\004\101\004\102\004\076\004\100\004\076\004\075\004\075\004\126\000\040\004\063\004\100\004\060\004\075\004\070\004\106\004\126\000\040\004\102\004\060\000\040\004\063\004\100\004\060\004\075\004\070\004\106\004\126\000\040\004\074\004\076\004\075\004\076\004\102\004\076\004\075\004\075\004\070\004\105\000\040\004\104\004\103\004\075\004\072\004\106\004\126\004\071}{section.3}% 25
\BOOKMARK [2][-]{subsection.3.6}{\376\377\004\037\004\076\004\100\004\126\004\062\004\075\004\117\004\075\004\075\004\117\000\040\004\104\004\103\004\075\004\072\004\106\004\126\004\071\000,\000\040\004\062\004\126\004\064\004\075\004\076\004\110\004\065\004\075\004\075\004\117\000\040\004\036\000-\004\062\004\065\004\073\004\070\004\072\004\065\000,\000\040\004\076\000-\004\074\004\060\004\073\004\065\004\075\004\114\004\072\004\065\000\040\004\102\004\060\000\040\004\065\004\072\004\062\004\126\004\062\004\060\004\073\004\065\004\075\004\102\004\075\004\076\004\101\004\102\004\126}{section.3}% 26
\BOOKMARK [1][-]{section.4}{\376\377\004\035\004\065\004\077\004\065\004\100\004\065\004\100\004\062\004\075\004\126\004\101\004\102\004\114\000\040\004\104\004\103\004\075\004\072\004\106\004\126\004\127}{}% 27
\BOOKMARK [2][-]{subsection.4.1}{\376\377\004\035\004\065\004\077\004\065\004\100\004\065\004\100\004\062\004\075\004\126\004\101\004\102\004\114\000\040\004\062\000\040\004\102\004\076\004\107\004\106\004\126}{section.4}% 28
\BOOKMARK [2][-]{subsection.4.2}{\376\377\004\035\004\065\004\077\004\065\004\100\004\065\004\100\004\062\004\075\004\126\004\101\004\102\004\114\000\040\004\065\004\073\004\065\004\074\004\065\004\075\004\102\004\060\004\100\004\075\004\070\004\105\000\040\004\104\004\103\004\075\004\072\004\106\004\126\004\071}{section.4}% 29
\BOOKMARK [2][-]{subsection.4.3}{\376\377\004\035\004\065\004\077\004\065\004\100\004\065\004\100\004\062\004\075\004\126\004\101\004\102\004\114\000\040\004\104\004\103\004\075\004\072\004\106\004\126\004\127\000\040\004\075\004\060\000\040\004\062\004\126\004\064\004\100\004\126\004\067\004\072\004\103}{section.4}% 30
\BOOKMARK [2][-]{subsection.4.4}{\376\377\004\040\004\126\004\062\004\075\004\076\004\074\004\126\004\100\004\075\004\060\000\040\004\075\004\065\004\077\004\065\004\100\004\065\004\100\004\062\004\075\004\126\004\101\004\102\004\114}{section.4}% 31
\BOOKMARK [2][-]{subsection.4.5}{\376\377\000*\004\035\004\065\004\077\004\065\004\100\004\065\004\100\004\062\004\075\004\126\004\101\004\102\004\114\000\040\004\104\004\103\004\075\004\072\004\106\004\126\004\127\000\040\004\024\004\126\004\100\004\126\004\105\004\073\004\065\000\040\004\102\004\060\000\040\004\040\004\126\004\074\004\060\004\075\004\060}{section.4}% 32
\BOOKMARK [2][-]{subsection.4.6}{\376\377\000*\004\006\004\075\004\110\004\126\000\040\004\104\004\060\004\072\004\102\004\070\000\040\004\067\000\040\004\075\004\065\004\077\004\065\004\100\004\065\004\100\004\062\004\075\004\076\004\116\000\040\004\104\004\103\004\075\004\072\004\106\004\126\004\124\004\116}{section.4}% 33
\BOOKMARK [1][-]{section.5}{\376\377\004\024\004\070\004\104\004\065\004\100\004\065\004\075\004\106\004\126\004\116\004\062\004\060\004\075\004\075\004\117}{}% 34
\BOOKMARK [2][-]{subsection.5.1}{\376\377\004\036\004\101\004\075\004\076\004\062\004\075\004\126\000\040\004\076\004\067\004\075\004\060\004\107\004\065\004\075\004\075\004\117}{section.5}% 35
\BOOKMARK [2][-]{subsection.5.2}{\376\377\004\024\004\076\004\102\004\070\004\107\004\075\004\060\000\040\004\102\004\060\000\040\004\075\004\076\004\100\004\074\004\060\004\073\004\114\000\040\004\064\004\076\000\040\004\063\004\100\004\060\004\104\004\126\004\072\004\103\000\040\004\104\004\103\004\075\004\072\004\106\004\126\004\127}{section.5}% 36
\BOOKMARK [2][-]{subsection.5.3}{\376\377\004\037\004\100\004\070\004\061\004\073\004\070\004\067\004\075\004\065\000\040\004\076\004\061\004\107\004\070\004\101\004\073\004\065\004\075\004\075\004\117\000\040\004\067\004\075\004\060\004\107\004\065\004\075\004\114\000\040\004\064\004\073\004\117\000\040\004\064\004\070\004\104\004\065\004\100\004\065\004\075\004\106\004\126\004\071\004\076\004\062\004\060\004\075\004\070\004\105\000\040\004\104\004\103\004\075\004\072\004\106\004\126\004\071}{section.5}% 37
\BOOKMARK [2][-]{subsection.5.4}{\376\377\004\024\004\070\004\104\004\065\004\100\004\065\004\075\004\106\004\126\004\060\004\073\000\040\004\104\004\103\004\075\004\072\004\106\004\126\004\127}{section.5}% 38
\BOOKMARK [2][-]{subsection.5.5}{\376\377\004\037\004\076\004\105\004\126\004\064\004\075\004\126\000\040\004\077\004\076\000\040\004\076\004\064\004\070\004\075\000\040\004\061\004\126\004\072}{section.5}% 39
\BOOKMARK [2][-]{subsection.5.6}{\376\377\004\006\004\075\004\062\004\060\004\100\004\126\004\060\004\075\004\102\004\075\004\126\004\101\004\102\004\114\000\040\004\104\004\076\004\100\004\074\004\070\000\040\004\077\004\065\004\100\004\110\004\076\004\063\004\076\000\040\004\064\004\070\004\104\004\065\004\100\004\065\004\075\004\106\004\126\004\060\004\073\004\103}{section.5}% 40
\BOOKMARK [2][-]{subsection.5.7}{\376\377\004\037\004\076\004\105\004\126\004\064\004\075\004\060\000\040\004\062\004\126\004\064\000\040\004\077\004\060\004\100\004\060\004\074\004\065\004\102\004\100\004\070\004\107\004\075\004\076\000\040\004\067\004\060\004\064\004\060\004\075\004\076\004\127\000\040\004\104\004\103\004\075\004\072\004\106\004\126\004\127}{section.5}% 41
\BOOKMARK [2][-]{subsection.5.8}{\376\377\004\037\004\076\004\105\004\126\004\064\004\075\004\060\000\040\004\062\004\070\004\111\004\070\004\105\000\040\004\077\004\076\004\100\004\117\004\064\004\072\004\126\004\062}{section.5}% 42
\BOOKMARK [2][-]{subsection.5.9}{\376\377\004\036\004\101\004\075\004\076\004\062\004\075\004\126\000\040\004\102\004\065\004\076\004\100\004\065\004\074\004\070}{section.5}% 43
\BOOKMARK [2][-]{subsection.5.10}{\376\377\004\024\004\076\004\101\004\073\004\126\004\064\004\066\004\065\004\075\004\075\004\117\000\040\004\104\004\103\004\075\004\072\004\106\004\126\004\127\000\040\004\075\004\060\000\040\004\074\004\076\004\075\004\076\004\102\004\076\004\075\004\075\004\126\004\101\004\102\004\114}{section.5}% 44
\BOOKMARK [2][-]{subsection.5.11}{\376\377\004\025\004\072\004\101\004\102\004\100\004\065\004\074\004\103\004\074\004\070\000\040\004\104\004\103\004\075\004\072\004\106\004\126\004\127}{section.5}% 45
\BOOKMARK [3][-]{subsubsection.5.11.1}{\376\377\004\033\004\076\004\072\004\060\004\073\004\114\004\075\004\126}{subsection.5.11}% 46
\BOOKMARK [3][-]{subsubsection.5.11.2}{\376\377\004\023\004\073\004\076\004\061\004\060\004\073\004\114\004\075\004\126}{subsection.5.11}% 47
\BOOKMARK [2][-]{subsection.5.12}{\376\377\004\044\004\076\004\100\004\074\004\103\004\073\004\060\000\040\004\042\004\065\004\071\004\073\004\076\004\100\004\060\000\040\004\102\004\060\000\040\004\077\004\100\004\060\004\062\004\070\004\073\004\060\000\040\004\033\004\076\004\077\004\126\004\102\004\060\004\073\004\117}{section.5}% 48
\BOOKMARK [2][-]{subsection.5.13}{\376\377\004\036\004\077\004\103\004\072\004\073\004\126\000\040\004\104\004\103\004\075\004\072\004\106\004\126\004\127\000\040\004\102\004\060\000\040\004\102\004\076\004\107\004\072\004\070\000\040\004\077\004\065\004\100\004\065\004\063\004\070\004\075\004\103}{section.5}% 49
\BOOKMARK [1][-]{section.6}{\376\377\004\006\004\075\004\102\004\065\004\063\004\100\004\103\004\062\004\060\004\075\004\075\004\117}{}% 50
\BOOKMARK [2][-]{subsection.6.1}{\376\377\004\037\004\065\004\100\004\062\004\126\004\101\004\075\004\060\000,\000\040\004\075\004\065\004\062\004\070\004\067\004\075\004\060\004\107\004\065\004\075\004\070\004\071\000\040\004\126\004\075\004\102\004\065\004\063\004\100\004\060\004\073}{section.6}% 51
\BOOKMARK [2][-]{subsection.6.2}{\376\377\004\027\004\060\004\074\004\126\004\075\004\060\000\040\004\067\004\074\004\126\004\075\004\075\004\076\004\127}{section.6}% 52
\BOOKMARK [2][-]{subsection.6.3}{\376\377\004\006\004\075\004\102\004\065\004\063\004\100\004\103\004\062\004\060\004\075\004\075\004\117\000\040\004\067\004\060\000\040\004\107\004\060\004\101\004\102\004\070\004\075\004\060\004\074\004\070}{section.6}% 53
\BOOKMARK [2][-]{subsection.6.4}{\376\377\004\006\004\075\004\102\004\065\004\063\004\100\004\103\004\062\004\060\004\075\004\075\004\117\000\040\004\064\004\100\004\076\004\061\004\076\004\062\004\076\000-\004\100\004\060\004\106\004\126\004\076\004\075\004\060\004\073\004\114\004\075\004\070\004\105\000\040\004\104\004\103\004\075\004\072\004\106\004\126\004\071}{section.6}% 54
\BOOKMARK [2][-]{subsection.6.5}{\376\377\004\006\004\075\004\102\004\065\004\063\004\100\004\103\004\062\004\060\004\075\004\075\004\117\000\040\004\102\004\100\004\070\004\063\004\076\004\075\004\076\004\074\004\065\004\102\004\100\004\070\004\107\004\075\004\070\004\105\000\040\004\104\004\103\004\075\004\072\004\106\004\126\004\071}{section.6}% 55
\BOOKMARK [2][-]{subsection.6.6}{\376\377\004\006\004\075\004\102\004\065\004\063\004\100\004\103\004\062\004\060\004\075\004\075\004\117\000\040\004\126\004\100\004\100\004\060\004\106\004\126\004\076\004\075\004\060\004\073\004\114\004\075\004\070\004\105\000\040\004\062\004\070\004\100\004\060\004\067\004\126\004\062}{section.6}% 56
\BOOKMARK [2][-]{subsection.6.7}{\376\377\004\024\004\070\004\104\004\065\004\100\004\065\004\075\004\106\004\126\004\060\004\073\004\114\004\075\004\070\004\071\000\040\004\061\004\126\004\075\004\076\004\074}{section.6}% 57
\BOOKMARK [1][-]{section.7}{\376\377\004\022\004\070\004\067\004\075\004\060\004\107\004\065\004\075\004\070\004\071\000\040\004\126\004\075\004\102\004\065\004\063\004\100\004\060\004\073}{}% 58
\BOOKMARK [2][-]{subsection.7.1}{\376\377\004\037\004\126\004\064\004\105\004\126\004\064\000\040\004\040\004\126\004\074\004\060\004\075\004\060}{section.7}% 59
\BOOKMARK [2][-]{subsection.7.2}{\376\377\004\006\004\101\004\075\004\103\004\062\004\060\004\075\004\075\004\117\000\040\004\126\004\075\004\102\004\065\004\063\004\100\004\060\004\073\004\060}{section.7}% 60
\BOOKMARK [1][-]{section.8}{\376\377\004\022\004\070\004\067\004\075\004\060\004\107\004\065\004\075\004\126\000\040\004\126\004\075\004\102\004\065\004\063\004\100\004\060\004\073\004\070\000\040\000\050\004\101\004\077\004\100\004\076\004\061\004\060\000\040\0002\000\051}{}% 61
\BOOKMARK [2][-]{subsection.8.1}{\376\377\004\022\004\070\004\067\004\075\004\060\004\107\004\065\004\075\004\070\004\071\000\040\004\126\004\075\004\102\004\065\004\063\004\100\004\060\004\073\000\040\004\040\004\126\004\074\004\060\004\075\004\060}{section.8}% 62
\BOOKMARK [1][-]{section.9}{\376\377\004\035\004\065\004\062\004\073\004\060\004\101\004\075\004\126\000\040\004\126\004\075\004\102\004\065\004\063\004\100\004\060\004\073\004\070}{}% 63
\BOOKMARK [1][-]{section.10}{\376\377\004\040\004\117\004\064\004\070}{}% 64
\BOOKMARK [2][-]{subsection.10.1}{\376\377\004\037\004\065\004\100\004\062\004\070\004\075\004\075\004\070\004\071\000\040\004\060\004\075\004\060\004\073\004\126\004\067\000\040\004\067\004\061\004\126\004\066\004\075\004\076\004\101\004\102\004\126\000\040\004\102\004\060\000\040\004\060\004\100\004\070\004\104\004\074\004\065\004\102\004\070\004\072\004\060\000\040\004\100\004\117\004\064\004\126\004\062}{section.10}% 65
\BOOKMARK [2][-]{subsection.10.2}{\376\377\004\027\004\075\004\060\004\072\004\076\004\064\004\076\004\064\004\060\004\102\004\075\004\126\000\040\004\100\004\117\004\064\004\070}{section.10}% 66
\BOOKMARK [2][-]{subsection.10.3}{\376\377\004\027\004\075\004\060\004\072\004\076\004\067\004\074\004\126\004\075\004\075\004\126\000\040\004\100\004\117\004\064\004\070}{section.10}% 67
\BOOKMARK [1][-]{section.11}{\376\377\004\044\004\103\004\075\004\072\004\106\004\126\004\076\004\075\004\060\004\073\004\114\004\075\004\126\000\040\004\100\004\117\004\064\004\070}{}% 68
\BOOKMARK [2][-]{subsection.11.1}{\376\377\004\044\004\103\004\075\004\072\004\106\004\126\004\076\004\075\004\060\004\073\004\114\004\075\004\126\000\040\004\077\004\076\004\101\004\073\004\126\004\064\004\076\004\062\004\075\004\076\004\101\004\102\004\126}{section.11}% 69
\BOOKMARK [2][-]{subsection.11.2}{\376\377\004\044\004\103\004\075\004\072\004\106\004\126\004\076\004\075\004\060\004\073\004\114\004\075\004\126\000\040\004\100\004\117\004\064\004\070}{section.11}% 70
\BOOKMARK [2][-]{subsection.11.3}{\376\377\004\041\004\102\004\065\004\077\004\065\004\075\004\065\004\062\004\126\000\040\004\100\004\117\004\064\004\070}{section.11}% 71
\BOOKMARK [2][-]{subsection.11.4}{\376\377\004\027\004\062\000'\004\117\004\067\004\076\004\072\000\040\004\067\000\040\004\042\004\065\004\071\004\073\004\076\004\100\004\076\004\074}{section.11}% 72
\BOOKMARK [1][-]{section.12}{\376\377\000P\000r\000e\000m\000i\000l\000i\000n\000a\000r\000i\000e\000s}{}% 73
