\BOOKMARK [1][-]{section.1}{\376\377\004\035\004\065\004\062\004\070\004\067\004\075\004\060\004\107\004\065\004\075\004\070\004\071\000\040\004\126\004\075\004\102\004\065\004\063\004\100\004\060\004\073}{}% 1
\BOOKMARK [2][-]{subsection.1.1}{\376\377\004\037\004\065\004\100\004\062\004\126\004\101\004\075\004\060\000,\000\040\004\076\004\101\004\075\004\076\004\062\004\075\004\126\000\040\004\076\004\067\004\075\004\060\004\107\004\065\004\075\004\075\004\117\000\040\004\075\004\065\004\062\004\070\004\067\004\075\004\060\004\107\004\065\004\075\004\076\004\063\004\076\000\040\004\126\004\075\004\102\004\065\004\063\004\100\004\060\004\073\004\103}{section.1}% 2
\BOOKMARK [2][-]{subsection.1.2}{\376\377\004\027\004\060\004\074\004\126\004\075\004\060\000\040\004\067\004\074\004\126\004\075\004\075\004\076\004\127}{section.1}% 3
\BOOKMARK [2][-]{subsection.1.3}{\376\377\004\006\004\075\004\102\004\065\004\063\004\100\004\103\004\062\004\060\004\075\004\075\004\117\000\040\004\107\004\060\004\101\004\102\004\070\004\075\004\060\004\074\004\070}{section.1}% 4
\BOOKMARK [2][-]{subsection.1.4}{\376\377\004\006\004\075\004\102\004\065\004\063\004\100\004\103\004\062\004\060\004\075\004\075\004\117\000\040\004\064\004\100\004\076\004\061\004\076\004\062\004\076\000-\004\100\004\060\004\106\004\126\004\076\004\075\004\060\004\073\004\114\004\075\004\070\004\105\000\040\004\104\004\103\004\075\004\072\004\106\004\126\004\071}{section.1}% 5
\BOOKMARK [2][-]{subsection.1.5}{\376\377\004\006\004\075\004\102\004\065\004\063\004\100\004\103\004\062\004\060\004\075\004\075\004\117\000\040\004\102\004\100\004\070\004\063\004\076\004\075\004\076\004\074\004\065\004\102\004\100\004\070\004\107\004\075\004\070\004\105\000\040\004\104\004\103\004\075\004\072\004\106\004\126\004\071}{section.1}% 6
\BOOKMARK [2][-]{subsection.1.6}{\376\377\004\006\004\075\004\102\004\065\004\063\004\100\004\103\004\062\004\060\004\075\004\075\004\117\000\040\004\126\004\100\004\100\004\060\004\106\004\126\004\076\004\075\004\060\004\073\004\114\004\075\004\070\004\105\000\040\004\062\004\070\004\100\004\060\004\067\004\126\004\062}{section.1}% 7
\BOOKMARK [2][-]{subsection.1.7}{\376\377\004\024\004\070\004\104\004\065\004\100\004\065\004\075\004\106\004\126\004\060\004\073\004\114\004\075\004\070\004\071\000\040\004\061\004\126\004\075\004\076\004\074}{section.1}% 8
\BOOKMARK [1][-]{section.2}{\376\377\004\022\004\070\004\067\004\075\004\060\004\107\004\065\004\075\004\070\004\071\000\040\004\126\004\075\004\102\004\065\004\063\004\100\004\060\004\073}{}% 9
\BOOKMARK [2][-]{subsection.2.1}{\376\377\004\037\004\126\004\064\004\105\004\126\004\064\000\040\004\040\004\126\004\074\004\060\004\075\004\060}{section.2}% 10
\BOOKMARK [2][-]{subsection.2.2}{\376\377\004\041\004\103\004\074\004\070\000\040\004\024\004\060\004\100\004\061\004\103}{section.2}% 11
\BOOKMARK [2][-]{subsection.2.3}{\376\377\004\006\004\101\004\075\004\103\004\062\004\060\004\075\004\075\004\117\000\040\004\126\004\075\004\102\004\065\004\063\004\100\004\060\004\073\004\060}{section.2}% 12
\BOOKMARK [2][-]{subsection.2.4}{\376\377\004\032\004\073\004\060\004\101\004\070\000\040\004\126\004\075\004\102\004\065\004\063\004\100\004\076\004\062\004\060\004\075\004\070\004\105\000\040\004\104\004\103\004\075\004\072\004\106\004\126\004\071}{section.2}% 13
\BOOKMARK [2][-]{subsection.2.5}{\376\377\004\022\004\073\004\060\004\101\004\102\004\070\004\062\004\076\004\101\004\102\004\126\000\040\004\126\004\075\004\102\004\065\004\063\004\100\004\060\004\073\004\126\004\062}{section.2}% 14
\BOOKMARK [2][-]{subsection.2.6}{\376\377\004\006\004\075\004\102\004\065\004\063\004\100\004\060\004\073\000\040\004\117\004\072\000\040\004\104\004\103\004\075\004\072\004\106\004\126\004\117\000\040\004\062\004\065\004\100\004\105\004\075\004\114\004\076\004\127\000\040\004\063\004\100\004\060\004\075\004\070\004\106\004\126}{section.2}% 15
\BOOKMARK [2][-]{subsection.2.7}{\376\377\004\036\004\061\004\107\004\070\004\101\004\073\004\065\004\075\004\075\004\117\000\040\004\062\004\070\004\067\004\075\004\060\004\107\004\065\004\075\004\070\004\105\000\040\004\126\004\075\004\102\004\065\004\063\004\100\004\060\004\073\004\126\004\062}{section.2}% 16
\BOOKMARK [3][-]{subsubsection.2.7.1}{\376\377\004\027\004\060\004\074\004\126\004\075\004\060\000\040\004\067\004\074\004\126\004\075\004\075\004\076\004\127}{subsection.2.7}% 17
\BOOKMARK [3][-]{subsubsection.2.7.2}{\376\377\004\006\004\075\004\102\004\065\004\063\004\100\004\103\004\062\004\060\004\075\004\075\004\117\000\040\004\107\004\060\004\101\004\102\004\070\004\075\004\060\004\074\004\070}{subsection.2.7}% 18
\BOOKMARK [2][-]{subsection.2.8}{\376\377\004\027\004\060\004\101\004\102\004\076\004\101\004\103\004\062\004\060\004\075\004\075\004\117\000\040\004\062\004\070\004\067\004\075\004\060\004\107\004\065\004\075\004\076\004\063\004\076\000\040\004\126\004\075\004\102\004\065\004\063\004\100\004\060\004\073\004\060}{section.2}% 19
\BOOKMARK [3][-]{subsubsection.2.8.1}{\376\377\004\037\004\073\004\076\004\111\004\060\000\040\004\072\004\100\004\070\004\062\004\076\004\073\004\126\004\075\004\126\004\071\004\075\004\076\004\127\000\040\004\102\004\100\004\060\004\077\004\065\004\106\004\126\004\127}{subsection.2.8}% 20
\BOOKMARK [3][-]{subsubsection.2.8.2}{\376\377\004\037\004\073\004\076\004\111\004\060\000\040\004\072\004\100\004\070\004\062\004\076\004\073\004\126\004\075\004\126\004\071\004\075\004\076\004\063\004\076\000\040\004\101\004\065\004\072\004\102\004\076\004\100\004\060}{subsection.2.8}% 21
\BOOKMARK [3][-]{subsubsection.2.8.3}{\376\377\004\032\004\100\004\070\004\062\004\060\000,\000\040\004\117\004\072\004\060\000\040\004\101\004\077\004\100\004\117\004\074\004\076\004\062\004\103\004\124\004\102\004\114\004\101\004\117}{subsection.2.8}% 22
\BOOKMARK [3][-]{subsubsection.2.8.4}{\376\377\004\036\004\061\000'\004\124\004\074\000\040\004\102\004\126\004\073\004\060\000\040\004\076\004\061\004\065\004\100\004\102\004\060\004\075\004\075\004\117}{subsection.2.8}% 23
\BOOKMARK [1][-]{section.3}{\376\377\004\035\004\065\004\062\004\073\004\060\004\101\004\075\004\126\000\040\004\126\004\075\004\102\004\065\004\063\004\100\004\060\004\073\004\070}{}% 24
\BOOKMARK [2][-]{subsection.3.1}{\376\377\004\036\004\101\004\075\004\076\004\062\004\075\004\126\000\040\004\076\004\067\004\075\004\060\004\107\004\065\004\075\004\075\004\117}{section.3}% 25
\BOOKMARK [2][-]{subsection.3.2}{\376\377\004\024\004\076\004\101\004\073\004\126\004\064\004\066\004\065\004\075\004\075\004\117\000\040\004\075\004\060\000\040\004\067\004\061\004\126\004\066\004\075\004\126\004\101\004\102\004\114\000/\004\100\004\076\004\067\004\061\004\126\004\066\004\075\004\126\004\101\004\102\004\114}{section.3}% 26
\BOOKMARK [3][-]{subsubsection.3.2.1}{\376\377\004\024\004\076\004\101\004\073\004\126\004\064\004\066\004\065\004\075\004\075\004\117\000\040\004\064\004\073\004\117\000\040\004\064\004\076\004\064\004\060\004\102\004\075\004\070\004\105\000\040\004\104\004\103\004\075\004\072\004\106\004\126\004\127}{subsection.3.2}% 27
\BOOKMARK [3][-]{subsubsection.3.2.2}{\376\377\004\024\004\076\004\101\004\073\004\126\004\064\004\066\004\065\004\075\004\075\004\117\000\040\004\064\004\073\004\117\000\040\004\067\004\075\004\060\004\072\004\076\004\064\004\076\004\062\004\126\004\073\004\114\004\075\004\070\004\105\000\040\004\104\004\103\004\075\004\072\004\106\004\126\004\071}{subsection.3.2}% 28
\BOOKMARK [2][-]{subsection.3.3}{\376\377\004\035\004\065\004\062\004\073\004\060\004\101\004\075\004\070\004\071\000\040\004\126\004\075\004\102\004\065\004\063\004\100\004\060\004\073\000\040\004\062\000\040\004\101\004\065\004\075\004\101\004\126\000\040\004\063\004\076\004\073\004\076\004\062\004\075\004\076\004\063\004\076\000\040\004\067\004\075\004\060\004\107\004\065\004\075\004\075\004\117}{section.3}% 29
\BOOKMARK [1][-]{section.4}{\376\377\004\040\004\117\004\064\004\070}{}% 30
\BOOKMARK [2][-]{subsection.4.1}{\376\377\004\037\004\065\004\100\004\062\004\070\004\075\004\075\004\070\004\071\000\040\004\060\004\075\004\060\004\073\004\126\004\067\000\040\004\067\004\061\004\126\004\066\004\075\004\076\004\101\004\102\004\126\000\040\004\102\004\060\000\040\004\060\004\100\004\070\004\104\004\074\004\065\004\102\004\070\004\072\004\060\000\040\004\100\004\117\004\064\004\126\004\062}{section.4}% 31
\BOOKMARK [2][-]{subsection.4.2}{\376\377\004\027\004\075\004\060\004\072\004\076\004\064\004\076\004\064\004\060\004\102\004\075\004\126\000\040\004\100\004\117\004\064\004\070}{section.4}% 32
\BOOKMARK [2][-]{subsection.4.3}{\376\377\004\027\004\075\004\060\004\072\004\076\004\067\004\074\004\126\004\075\004\075\004\126\000\040\004\100\004\117\004\064\004\070}{section.4}% 33
\BOOKMARK [1][-]{section.5}{\376\377\004\044\004\103\004\075\004\072\004\106\004\126\004\076\004\075\004\060\004\073\004\114\004\075\004\126\000\040\004\100\004\117\004\064\004\070}{}% 34
\BOOKMARK [2][-]{subsection.5.1}{\376\377\004\044\004\103\004\075\004\072\004\106\004\126\004\076\004\075\004\060\004\073\004\114\004\075\004\126\000\040\004\077\004\076\004\101\004\073\004\126\004\064\004\076\004\062\004\075\004\076\004\101\004\102\004\126}{section.5}% 35
\BOOKMARK [2][-]{subsection.5.2}{\376\377\004\044\004\103\004\075\004\072\004\106\004\126\004\076\004\075\004\060\004\073\004\114\004\075\004\126\000\040\004\100\004\117\004\064\004\070}{section.5}% 36
\BOOKMARK [2][-]{subsection.5.3}{\376\377\004\041\004\102\004\065\004\077\004\065\004\075\004\065\004\062\004\126\000\040\004\100\004\117\004\064\004\070}{section.5}% 37
\BOOKMARK [2][-]{subsection.5.4}{\376\377\004\027\004\062\000'\004\117\004\067\004\076\004\072\000\040\004\067\000\040\004\042\004\065\004\071\004\073\004\076\004\100\004\076\004\074\000\040\004\102\004\060\000\040\004\124\004\064\004\070\004\075\004\126\004\101\004\102\004\114\000\040\004\101\004\102\004\065\004\077\004\065\004\075\004\065\004\062\004\076\004\063\004\076\000\040\004\100\004\117\004\064\004\103}{section.5}% 38
\BOOKMARK [1][-]{section.6}{\376\377\004\022\004\101\004\102\004\103\004\077\000\040\004\064\004\076\000\040\000R\000m}{}% 39
\BOOKMARK [2][-]{subsection.6.1}{\376\377\004\042\004\076\004\077\004\076\004\073\004\076\004\063\004\126\004\117\000\040\004\102\004\060\000\040\004\077\004\100\004\070\004\075\004\106\004\070\004\077\000\040\004\060\004\075\004\060\004\073\004\126\004\067\004\060\000\040\004\062\000\040\000R\000m}{section.6}% 40
\BOOKMARK [2][-]{subsection.6.2}{\376\377\004\023\004\100\004\060\004\075\004\070\004\106\004\117\000\040\004\077\004\076\004\101\004\073\004\126\004\064\004\076\004\062\004\075\004\076\004\101\004\102\004\126}{section.6}% 41
\BOOKMARK [2][-]{subsection.6.3}{\376\377\004\044\004\103\004\075\004\072\004\106\004\126\004\117\000\040\004\062\004\126\004\064\000\040\004\064\004\065\004\072\004\126\004\073\004\114\004\072\004\076\004\105\000\040\004\067\004\074\004\126\004\075\004\075\004\070\004\105\000.\000\040\004\023\004\100\004\060\004\075\004\070\004\106\004\117\000\040\004\104\004\103\004\075\004\072\004\106\004\126\004\127}{section.6}% 42
\BOOKMARK [2][-]{subsection.6.4}{\376\377\004\035\004\065\004\077\004\065\004\100\004\065\004\100\004\062\004\075\004\126\004\101\004\102\004\114\000\040\004\104\004\103\004\075\004\072\004\106\004\126\004\127}{section.6}% 43
\BOOKMARK [2][-]{subsection.6.5}{\376\377\004\023\004\100\004\060\004\075\004\070\004\106\004\117\000\040\004\102\004\060\000\040\004\075\004\065\004\077\004\065\004\100\004\065\004\100\004\062\004\075\004\126\004\101\004\102\004\114\000\040\004\062\004\065\004\072\004\102\004\076\004\100\004\075\004\076\004\067\004\075\004\060\004\107\004\075\004\076\004\127\000\040\004\104\004\103\004\075\004\072\004\106\004\126\004\127}{section.6}% 44
\BOOKMARK [2][-]{subsection.6.6}{\376\377\004\032\004\100\004\070\004\062\004\060\000\040\004\062\000\040\000R\000m}{section.6}% 45
\BOOKMARK [1][-]{section.7}{\376\377\004\024\004\070\004\104\004\065\004\100\004\065\004\075\004\106\004\126\004\071\004\076\004\062\004\060\004\075\004\126\004\101\004\102\004\114}{}% 46
\BOOKMARK [2][-]{subsection.7.1}{\376\377\004\024\004\073\004\117\000\040\004\104\004\103\004\075\004\072\004\106\004\126\004\127\000\040\004\126\004\067\000\040\004\061\004\060\004\063\004\060\004\102\004\114\004\074\004\060\000\040\004\067\004\074\004\126\004\075\004\075\004\070\004\074\004\070}{section.7}% 47
\BOOKMARK [2][-]{subsection.7.2}{\376\377\004\024\004\073\004\117\000\040\004\062\004\065\004\072\004\102\004\076\004\100\004\075\004\076\004\067\004\075\004\060\004\107\004\075\004\070\004\105\000\040\004\104\004\103\004\075\004\072\004\106\004\126\004\071}{section.7}% 48
\BOOKMARK [2][-]{subsection.7.3}{\376\377\004\037\004\076\004\105\004\126\004\064\004\075\004\060\000\040\004\067\004\060\000\040\004\075\004\060\004\077\004\100\004\117\004\074\004\072\004\076\004\074\000.\000\040\004\023\004\100\004\060\004\064\004\126\004\124\004\075\004\102}{section.7}% 49
\BOOKMARK [2][-]{subsection.7.4}{\376\377\004\035\004\065\004\117\004\062\004\075\004\076\000\040\004\067\004\060\004\064\004\060\004\075\004\126\000\040\004\104\004\103\004\075\004\072\004\106\004\126\004\127}{section.7}% 50
\BOOKMARK [2][-]{subsection.7.5}{\376\377\004\036\004\061\004\065\004\100\004\075\004\065\004\075\004\126\000\040\004\104\004\103\004\075\004\072\004\106\004\126\004\127}{section.7}% 51
\BOOKMARK [2][-]{subsection.7.6}{\376\377\004\023\004\065\004\076\004\074\004\065\004\102\004\100\004\070\004\107\004\075\004\065\000\040\004\102\004\060\000\040\004\060\004\073\004\063\004\065\004\061\004\100\004\060\004\127\004\107\004\075\004\065\000\040\004\067\004\060\004\101\004\102\004\076\004\101\004\103\004\062\004\060\004\075\004\075\004\117}{section.7}% 52
\BOOKMARK [3][-]{subsubsection.7.6.1}{\376\377\004\024\004\076\004\102\004\070\004\107\004\075\004\060\000\040\004\077\004\073\004\076\004\111\004\070\004\075\004\060\000,\000\040\004\075\004\076\004\100\004\074\004\060\004\073\004\114\004\075\004\060\000\040\004\077\004\100\004\117\004\074\004\060\000\040\004\077\004\076\004\062\004\065\004\100\004\105\004\126}{subsection.7.6}% 53
\BOOKMARK [3][-]{subsubsection.7.6.2}{\376\377\004\024\004\076\004\102\004\070\004\107\004\075\004\060\000\040\004\077\004\100\004\117\004\074\004\060\000,\000\040\004\075\004\076\004\100\004\074\004\060\004\073\004\114\004\075\004\060\000\040\004\077\004\073\004\076\004\111\004\070\004\075\004\060\000\040\004\072\004\100\004\070\004\062\004\076\004\127}{subsection.7.6}% 54
\BOOKMARK [3][-]{subsubsection.7.6.3}{\376\377\004\037\004\100\004\070\004\061\004\073\004\070\004\067\004\075\004\065\000\040\004\076\004\061\004\107\004\070\004\101\004\073\004\065\004\075\004\075\004\117}{subsection.7.6}% 55
\BOOKMARK [2][-]{subsection.7.7}{\376\377\004\024\004\070\004\104\004\065\004\100\004\065\004\075\004\106\004\126\004\116\004\062\004\060\004\075\004\075\004\117\000\040\004\102\004\060\000\040\004\077\004\076\004\105\004\126\004\064\004\075\004\126\000\040\004\101\004\102\004\060\004\100\004\110\004\070\004\105\000\040\004\077\004\076\004\100\004\117\004\064\004\072\004\126\004\062}{section.7}% 56
\BOOKMARK [2][-]{subsection.7.8}{\376\377\004\044\004\076\004\100\004\074\004\103\004\073\004\060\000\040\004\042\004\065\004\071\004\073\004\076\004\100\004\060}{section.7}% 57
\BOOKMARK [2][-]{subsection.7.9}{\376\377\004\033\004\076\004\072\004\060\004\073\004\114\004\075\004\126\000\040\004\065\004\072\004\101\004\102\004\100\004\065\004\074\004\103\004\074\004\070}{section.7}% 58
\BOOKMARK [2][-]{subsection.7.10}{\376\377\004\043\004\074\004\076\004\062\004\075\004\126\000\040\004\073\004\076\004\072\004\060\004\073\004\114\004\075\004\126\000\040\004\065\004\072\004\101\004\102\004\100\004\065\004\074\004\103\004\074\004\070}{section.7}% 59
\BOOKMARK [1][-]{section.8}{\376\377\004\006\004\075\004\102\004\065\004\063\004\100\004\060\004\073\004\070\000\040\004\067\000\040\004\077\004\060\004\100\004\060\004\074\004\065\004\102\004\100\004\076\004\074}{}% 60
\BOOKMARK [2][-]{subsection.8.1}{\376\377\004\036\004\101\004\075\004\076\004\062\004\075\004\126\000\040\004\076\004\067\004\075\004\060\004\107\004\065\004\075\004\075\004\117\000\040\004\102\004\060\000\040\004\062\004\073\004\060\004\101\004\102\004\070\004\062\004\076\004\101\004\102\004\126}{section.8}% 61
\BOOKMARK [2][-]{subsection.8.2}{\376\377\004\035\004\065\004\062\004\073\004\060\004\101\004\075\004\126\000\040\004\126\004\075\004\102\004\065\004\063\004\100\004\060\004\073\004\070\000\040\004\067\000\040\004\077\004\060\004\100\004\060\004\074\004\065\004\102\004\100\004\076\004\074}{section.8}% 62
\BOOKMARK [2][-]{subsection.8.3}{\376\377\004\006\004\075\004\102\004\065\004\063\004\100\004\060\004\073\000\040\004\024\004\126\004\100\004\126\004\105\004\073\004\065}{section.8}% 63
\BOOKMARK [2][-]{subsection.8.4}{\376\377\004\006\004\075\004\102\004\065\004\063\004\100\004\060\004\073\000\040\004\025\004\071\004\073\004\065\004\100\004\060\000-\004\037\004\103\004\060\004\101\004\101\004\076\004\075\004\060}{section.8}% 64
\BOOKMARK [2][-]{subsection.8.5}{\376\377\004\023\004\060\004\074\004\074\004\060\000-\004\104\004\103\004\075\004\072\004\106\004\126\004\117}{section.8}% 65
\BOOKMARK [2][-]{subsection.8.6}{\376\377\004\021\004\065\004\102\004\060\000-\004\104\004\103\004\075\004\072\004\106\004\126\004\117}{section.8}% 66
