\BOOKMARK [1][-]{section.1}{\376\377\004\024\004\070\004\104\004\065\004\100\004\065\004\075\004\106\004\126\004\116\004\062\004\060\004\075\004\075\004\117}{}% 1
\BOOKMARK [2][-]{subsection.1.1}{\376\377\004\036\004\101\004\075\004\076\004\062\004\075\004\126\000\040\004\076\004\067\004\075\004\060\004\107\004\065\004\075\004\075\004\117}{section.1}% 2
\BOOKMARK [2][-]{subsection.1.2}{\376\377\004\043\004\074\004\076\004\062\004\060\000\040\004\032\004\076\004\110\004\126\000-\004\040\004\126\004\074\004\060\004\075\004\060\000\040\004\062\000\040\004\077\004\076\004\073\004\117\004\100\004\075\004\126\004\071\000\040\004\101\004\070\004\101\004\102\004\065\004\074\004\126\000\040\004\072\004\076\004\076\004\100\004\064\004\070\004\075\004\060\004\102\000\040\000\050\000*\000\051}{section.1}% 3
\BOOKMARK [2][-]{subsection.1.3}{\376\377\004\023\004\060\004\100\004\074\004\076\004\075\004\126\004\107\004\075\004\126\000\040\004\104\004\103\004\075\004\072\004\106\004\126\004\127}{section.1}% 4
\BOOKMARK [2][-]{subsection.1.4}{\376\377\004\023\004\065\004\076\004\074\004\065\004\102\004\100\004\070\004\107\004\075\004\065\000\040\004\067\004\060\004\101\004\102\004\076\004\101\004\103\004\062\004\060\004\075\004\075\004\117}{section.1}% 5
\BOOKMARK [1][-]{section.2}{\376\377\004\006\004\075\004\102\004\065\004\063\004\100\004\103\004\062\004\060\004\075\004\075\004\117}{}% 6
\BOOKMARK [2][-]{subsection.2.1}{\376\377\004\036\004\101\004\075\004\076\004\062\004\075\004\126\000\040\004\074\004\065\004\102\004\076\004\064\004\070\000\040\004\126\004\075\004\102\004\065\004\063\004\100\004\103\004\062\004\060\004\075\004\075\004\117}{section.2}% 7
\BOOKMARK [2][-]{subsection.2.2}{\376\377\004\022\004\073\004\060\004\101\004\102\004\070\004\062\004\076\004\101\004\102\004\126\000\040\004\102\004\060\000\040\004\126\004\075\004\110\004\126\000\040\004\102\004\065\004\076\004\100\004\065\004\074\004\070}{section.2}% 8
\BOOKMARK [2][-]{subsection.2.3}{\376\377\004\041\004\102\004\065\004\077\004\065\004\075\004\065\004\062\004\126\000\040\004\100\004\117\004\064\004\070}{section.2}% 9
\BOOKMARK [2][-]{subsection.2.4}{\376\377\004\035\004\103\004\073\004\126\000\040\004\060\004\075\004\060\004\073\004\126\004\102\004\070\004\107\004\075\004\076\004\127\000\040\004\104\004\103\004\075\004\072\004\106\004\126\004\127}{section.2}% 10
\BOOKMARK [2][-]{subsection.2.5}{\376\377\004\040\004\117\004\064\004\070\000\040\004\033\004\076\004\100\004\060\004\075\004\060}{section.2}% 11
\BOOKMARK [2][-]{subsection.2.6}{\376\377\004\036\004\101\004\076\004\061\004\073\004\070\004\062\004\126\000\040\004\102\004\076\004\107\004\072\004\070}{section.2}% 12
\BOOKMARK [3][-]{subsubsection.2.6.1}{\376\377\004\043\004\101\004\103\004\062\004\075\004\060\000\040\004\102\004\076\004\107\004\072\004\060}{subsection.2.6}% 13
\BOOKMARK [3][-]{subsubsection.2.6.2}{\376\377\004\037\004\076\004\073\004\116\004\101}{subsection.2.6}% 14
\BOOKMARK [3][-]{subsubsection.2.6.3}{\376\377\004\041\004\103\004\102\004\102\004\124\004\062\004\060\000\040\004\102\004\076\004\107\004\072\004\060}{subsection.2.6}% 15
\BOOKMARK [2][-]{subsection.2.7}{\376\377\004\033\004\070\004\110\004\072\004\070}{section.2}% 16
\BOOKMARK [3][-]{subsubsection.2.7.1}{\376\377\004\043\004\101\004\103\004\062\004\075\004\060\000\040\004\102\004\076\004\107\004\072\004\060}{subsection.2.7}% 17
\BOOKMARK [3][-]{subsubsection.2.7.2}{\376\377\004\037\004\076\004\073\004\116\004\101}{subsection.2.7}% 18
\BOOKMARK [3][-]{subsubsection.2.7.3}{\376\377\004\041\004\103\004\102\004\102\004\124\004\062\004\060\000\040\004\102\004\076\004\107\004\072\004\060}{subsection.2.7}% 19
\BOOKMARK [2][-]{subsection.2.8}{\376\377\004\027\004\060\004\101\004\102\004\076\004\101\004\103\004\062\004\060\004\075\004\075\004\117\000\040\004\073\004\070\004\110\004\072\004\126\004\062\000\040\004\064\004\073\004\117\000\040\004\076\004\061\004\107\004\070\004\101\004\073\004\065\004\075\004\075\004\117\000\040\004\126\004\075\004\102\004\065\004\063\004\100\004\060\004\073\004\126\004\062}{section.2}% 20
\BOOKMARK [2][-]{subsection.2.9}{\376\377\004\035\004\065\004\101\004\072\004\126\004\075\004\107\004\065\004\075\004\075\004\060\000\040\004\076\004\101\004\076\004\061\004\073\004\070\004\062\004\060\000\040\004\102\004\076\004\107\004\072\004\060}{section.2}% 21
\BOOKMARK [3][-]{subsubsection.2.9.1}{\376\377\004\040\004\076\004\067\004\072\004\073\004\060\004\064\000\040\004\062\000\040\004\033\004\076\004\100\004\060\004\075\004\060}{subsection.2.9}% 22
\BOOKMARK [3][-]{subsubsection.2.9.2}{\376\377\004\006\004\067\004\076\004\073\004\114\004\076\004\062\004\060\004\075\004\126\000\040\004\102\004\076\004\107\004\072\004\070}{subsection.2.9}% 23
\BOOKMARK [3][-]{subsubsection.2.9.3}{\376\377\004\033\004\070\004\110\004\072\004\070}{subsection.2.9}% 24
\BOOKMARK [2][-]{subsection.2.10}{\376\377\004\027\004\060\004\101\004\102\004\076\004\101\004\103\004\062\004\060\004\075\004\075\004\117\000\040\004\073\004\070\004\110\004\072\004\126\004\062\000\040\004\064\004\076\000\040\004\064\004\126\004\071\004\101\004\075\004\070\004\105\000\040\004\126\004\075\004\102\004\065\004\063\004\100\004\060\004\073\004\126\004\062}{section.2}% 25
\BOOKMARK [1][-]{section.3}{\376\377\004\040\004\117\004\064\004\070\000\040\004\044\004\103\004\100\000'\004\124}{}% 26
\BOOKMARK [2][-]{subsection.3.1}{\376\377\004\037\004\076\004\107\004\060\004\102\004\076\004\072}{section.3}% 27
\BOOKMARK [2][-]{subsection.3.2}{\376\377\004\020\004\075\004\060\004\073\004\126\004\067\000\040\004\067\004\061\004\126\004\066\004\075\004\076\004\101\004\102\004\126\000\040\004\100\004\117\004\064\004\103}{section.3}% 28
\BOOKMARK [2][-]{subsection.3.3}{\376\377\004\024\004\076\004\064\004\060\004\102\004\072\004\076\004\062\004\070\004\071\000\040\004\067\004\074\004\126\004\101\004\102\000\040\004\126\004\067\000\040\004\077\004\100\004\060\004\072\004\102\004\070\004\072\004\070\000\040\000\050\000*\000\051}{section.3}% 29
\BOOKMARK [2][-]{subsection.3.4}{\376\377\004\041\004\065\004\100\004\065\004\064\004\075\004\124\000\040\004\067\004\060\000\040\004\047\004\065\004\067\004\060\004\100\004\076}{section.3}% 30
\BOOKMARK [2][-]{subsection.3.5}{\376\377\004\037\004\065\004\100\004\065\004\102\004\062\004\076\004\100\004\065\004\075\004\075\004\117\000\040\004\044\004\103\004\100\000'\004\124}{section.3}% 31
\BOOKMARK [2][-]{subsection.3.6}{\376\377\004\027\004\062\004\076\004\100\004\076\004\102\004\075\004\124\000\040\004\077\004\065\004\100\004\065\004\102\004\062\004\076\004\100\004\065\004\075\004\075\004\117\000\040\004\044\004\103\004\100\000'\004\124}{section.3}% 32
\BOOKMARK [1][-]{section.4}{\376\377\004\036\004\077\004\065\004\100\004\060\004\106\004\126\004\071\004\075\004\065\000\040\004\107\004\070\004\101\004\073\004\065\004\075\004\075\004\117}{}% 33
\BOOKMARK [2][-]{subsection.4.1}{\376\377\004\036\004\100\004\070\004\063\004\126\004\075\004\060\004\073\004\070\000\040\004\104\004\103\004\075\004\072\004\106\004\126\004\071}{section.4}% 34
\BOOKMARK [2][-]{subsection.4.2}{\376\377\004\037\004\065\004\100\004\065\004\102\004\062\004\076\004\100\004\065\004\075\004\075\004\117\000\040\004\033\004\060\004\077\004\073\004\060\004\101\004\060}{section.4}% 35
\BOOKMARK [2][-]{subsection.4.3}{\376\377\004\022\004\126\004\064\004\075\004\076\004\062\004\073\004\065\004\075\004\075\004\117\000\040\004\076\004\100\004\070\004\063\004\126\004\075\004\060\004\073\004\060}{section.4}% 36
\BOOKMARK [3][-]{subsubsection.4.3.1}{\376\377\004\027\004\060\000\040\004\064\004\076\004\077\004\076\004\074\004\076\004\063\004\076\004\116\000\040\004\073\004\070\004\110\004\072\004\126\004\062}{subsection.4.3}% 37
\BOOKMARK [3][-]{subsubsection.4.3.2}{\376\377\004\027\004\060\000\040\004\100\004\076\004\067\004\072\004\073\004\060\004\064\004\076\004\074\000\040\004\067\004\076\004\061\004\100\004\060\004\066\004\065\004\075\004\075\004\117\000\040\004\062\000\040\004\100\004\117\004\064\000\040\004\033\004\076\004\100\004\060\004\075\004\060}{subsection.4.3}% 38
\BOOKMARK [2][-]{subsection.4.4}{\376\377\004\042\004\100\004\076\004\105\004\070\000\040\004\072\004\076\004\100\004\070\004\101\004\075\004\070\004\105\000\040\004\077\004\100\004\070\004\072\004\073\004\060\004\064\004\126\004\062\000\040\004\062\004\070\004\072\004\076\004\100\004\070\004\101\004\102\004\060\004\075\004\075\004\117}{section.4}% 39
