This is pdfTeX, Version 3.14159265-2.6-1.40.20 (TeX Live 2019/Debian) (preloaded format=pdflatex 2020.11.25)  25 SEP 2021 12:52
entering extended mode
 restricted \write18 enabled.
 %&-line parsing enabled.
**"Definite integral.tex"
(./Definite integral.tex
LaTeX2e <2020-02-02> patch level 2
L3 programming layer <2020-02-14>
(/usr/share/texlive/texmf-dist/tex/latex/extsizes/extarticle.cls
Document Class: extarticle 1996/10/08 v1.0 Non Standard LaTeX document class
(/usr/share/texlive/texmf-dist/tex/latex/extsizes/size14.clo
File: size14.clo 1999/11/11 v1.4a NON-Standard LaTeX file (size option)
)
(/usr/share/texlive/texmf-dist/tex/latex/base/exscale.sty
Package: exscale 2018/09/24 v2.1i Standard LaTeX package exscale
LaTeX Font Info:    Redeclaring symbol font `largesymbols' on input line 57.
LaTeX Font Info:    Overwriting symbol font `largesymbols' in version `normal'
(Font)                  OMX/cmex/m/n --> OMX/cmex/m/n on input line 57.
LaTeX Font Info:    Overwriting symbol font `largesymbols' in version `bold'
(Font)                  OMX/cmex/m/n --> OMX/cmex/m/n on input line 57.
\big@size=\dimen134
)
\c@part=\count167
\c@section=\count168
\c@subsection=\count169
\c@subsubsection=\count170
\c@paragraph=\count171
\c@subparagraph=\count172
\c@figure=\count173
\c@table=\count174
\abovecaptionskip=\skip47
\belowcaptionskip=\skip48
\bibindent=\dimen135
)
(/usr/share/texlive/texmf-dist/tex/latex/geometry/geometry.sty
Package: geometry 2020/01/02 v5.9 Page Geometry

(/usr/share/texlive/texmf-dist/tex/latex/graphics/keyval.sty
Package: keyval 2014/10/28 v1.15 key=value parser (DPC)
\KV@toks@=\toks14
)
(/usr/share/texlive/texmf-dist/tex/generic/iftex/ifvtex.sty
Package: ifvtex 2019/10/25 v1.7 ifvtex legacy package. Use iftex instead.

(/usr/share/texlive/texmf-dist/tex/generic/iftex/iftex.sty
Package: iftex 2019/11/07 v1.0c TeX engine tests
))
\Gm@cnth=\count175
\Gm@cntv=\count176
\c@Gm@tempcnt=\count177
\Gm@bindingoffset=\dimen136
\Gm@wd@mp=\dimen137
\Gm@odd@mp=\dimen138
\Gm@even@mp=\dimen139
\Gm@layoutwidth=\dimen140
\Gm@layoutheight=\dimen141
\Gm@layouthoffset=\dimen142
\Gm@layoutvoffset=\dimen143
\Gm@dimlist=\toks15
)
(/usr/share/texlive/texmf-dist/tex/latex/amsfonts/amsfonts.sty
Package: amsfonts 2013/01/14 v3.01 Basic AMSFonts support
\@emptytoks=\toks16
\symAMSa=\mathgroup4
\symAMSb=\mathgroup5
LaTeX Font Info:    Redeclaring math symbol \hbar on input line 98.
LaTeX Font Info:    Overwriting math alphabet `\mathfrak' in version `bold'
(Font)                  U/euf/m/n --> U/euf/b/n on input line 106.
)
(/usr/share/texlive/texmf-dist/tex/latex/amsmath/amsmath.sty
Package: amsmath 2020/01/20 v2.17e AMS math features
\@mathmargin=\skip49

For additional information on amsmath, use the `?' option.
(/usr/share/texlive/texmf-dist/tex/latex/amsmath/amstext.sty
Package: amstext 2000/06/29 v2.01 AMS text

(/usr/share/texlive/texmf-dist/tex/latex/amsmath/amsgen.sty
File: amsgen.sty 1999/11/30 v2.0 generic functions
\@emptytoks=\toks17
\ex@=\dimen144
))
(/usr/share/texlive/texmf-dist/tex/latex/amsmath/amsbsy.sty
Package: amsbsy 1999/11/29 v1.2d Bold Symbols
\pmbraise@=\dimen145
)
(/usr/share/texlive/texmf-dist/tex/latex/amsmath/amsopn.sty
Package: amsopn 2016/03/08 v2.02 operator names
)
\inf@bad=\count178
LaTeX Info: Redefining \frac on input line 227.
\uproot@=\count179
\leftroot@=\count180
LaTeX Info: Redefining \overline on input line 389.
\classnum@=\count181
\DOTSCASE@=\count182
LaTeX Info: Redefining \ldots on input line 486.
LaTeX Info: Redefining \dots on input line 489.
LaTeX Info: Redefining \cdots on input line 610.
\Mathstrutbox@=\box45
\strutbox@=\box46
\big@size=\dimen146
LaTeX Font Info:    Redeclaring font encoding OML on input line 733.
LaTeX Font Info:    Redeclaring font encoding OMS on input line 734.
\macc@depth=\count183
\c@MaxMatrixCols=\count184
\dotsspace@=\muskip16
\c@parentequation=\count185
\dspbrk@lvl=\count186
\tag@help=\toks18
\row@=\count187
\column@=\count188
\maxfields@=\count189
\andhelp@=\toks19
\eqnshift@=\dimen147
\alignsep@=\dimen148
\tagshift@=\dimen149
\tagwidth@=\dimen150
\totwidth@=\dimen151
\lineht@=\dimen152
\@envbody=\toks20
\multlinegap=\skip50
\multlinetaggap=\skip51
\mathdisplay@stack=\toks21
LaTeX Info: Redefining \[ on input line 2859.
LaTeX Info: Redefining \] on input line 2860.
)
(/usr/share/texlive/texmf-dist/tex/latex/amsfonts/amssymb.sty
Package: amssymb 2013/01/14 v3.01 AMS font symbols
)
(/usr/share/texlive/texmf-dist/tex/latex/hyphenat/hyphenat.sty
Package: hyphenat 2009/09/02 v2.3c hyphenation utilities
\langwohyphens=\language85
LaTeX Info: Redefining \_ on input line 43.
)
(/usr/share/texlive/texmf-dist/tex/latex/fancyhdr/fancyhdr.sty
Package: fancyhdr 2019/01/31 v3.10 Extensive control of page headers and footer
s
\f@nch@headwidth=\skip52
\f@nch@O@elh=\skip53
\f@nch@O@erh=\skip54
\f@nch@O@olh=\skip55
\f@nch@O@orh=\skip56
\f@nch@O@elf=\skip57
\f@nch@O@erf=\skip58
\f@nch@O@olf=\skip59
\f@nch@O@orf=\skip60
)
(/usr/share/texlive/texmf-dist/tex/latex/base/inputenc.sty
Package: inputenc 2018/08/11 v1.3c Input encoding file
\inpenc@prehook=\toks22
\inpenc@posthook=\toks23
)
(/usr/share/texlive/texmf-dist/tex/generic/babel/babel.sty
Package: babel 2020/02/14 3.40 The Babel package

(/usr/share/texlive/texmf-dist/tex/generic/babel/switch.def
File: switch.def 2020/02/14 3.40 Babel switching mechanism
)
(/usr/share/texlive/texmf-dist/tex/generic/babel-english/english.ldf
Language: english 2017/06/06 v3.3r English support from the babel system

(/usr/share/texlive/texmf-dist/tex/generic/babel/babel.def
File: babel.def 2020/02/14 3.40 Babel common definitions
\babel@savecnt=\count190
\U@D=\dimen153

(/usr/share/texlive/texmf-dist/tex/generic/babel/txtbabel.def)
\bbl@readstream=\read2
\bbl@dirlevel=\count191
)
Package babel Info: \l@canadian = using hyphenrules for english
(babel)             (\language0) on input line 102.
Package babel Info: \l@australian = using hyphenrules for ukenglish
(babel)             (\language49) on input line 105.
Package babel Info: \l@newzealand = using hyphenrules for ukenglish
(babel)             (\language49) on input line 108.
)
(/usr/share/texlive/texmf-dist/tex/generic/babel-ukrainian/ukraineb.ldf
Language: ukraineb 2018/04/11 1.4c Ukrainian support for the Babel system


Package babel Warning: No Cyrillic font encoding has been loaded so far.
(babel)                A font encoding should be declared before babel.
(babel)                Default `T2A' encoding will be loaded  on input line 79.


(/usr/share/texlive/texmf-dist/tex/latex/cyrillic/t2aenc.def
File: t2aenc.def 2005/09/27 v1.0i Cyrillic encoding definition file
Now handling font encoding T2A ...
... processing UTF-8 mapping file for font encoding T2A

(/usr/share/texlive/texmf-dist/tex/latex/base/t2aenc.dfu
File: t2aenc.dfu 2019/11/14 v1.2k UTF-8 support for inputenc
   defining Unicode char U+00A4 (decimal 164)
   defining Unicode char U+00A7 (decimal 167)
   defining Unicode char U+00AB (decimal 171)
   defining Unicode char U+00BB (decimal 187)
   defining Unicode char U+0131 (decimal 305)
   defining Unicode char U+0237 (decimal 567)
   defining Unicode char U+0400 (decimal 1024)
   defining Unicode char U+0401 (decimal 1025)
   defining Unicode char U+0402 (decimal 1026)
   defining Unicode char U+0403 (decimal 1027)
   defining Unicode char U+0404 (decimal 1028)
   defining Unicode char U+0405 (decimal 1029)
   defining Unicode char U+0406 (decimal 1030)
   defining Unicode char U+0407 (decimal 1031)
   defining Unicode char U+0408 (decimal 1032)
   defining Unicode char U+0409 (decimal 1033)
   defining Unicode char U+040A (decimal 1034)
   defining Unicode char U+040B (decimal 1035)
   defining Unicode char U+040C (decimal 1036)
   defining Unicode char U+040D (decimal 1037)
   defining Unicode char U+040E (decimal 1038)
   defining Unicode char U+040F (decimal 1039)
   defining Unicode char U+0410 (decimal 1040)
   defining Unicode char U+0411 (decimal 1041)
   defining Unicode char U+0412 (decimal 1042)
   defining Unicode char U+0413 (decimal 1043)
   defining Unicode char U+0414 (decimal 1044)
   defining Unicode char U+0415 (decimal 1045)
   defining Unicode char U+0416 (decimal 1046)
   defining Unicode char U+0417 (decimal 1047)
   defining Unicode char U+0418 (decimal 1048)
   defining Unicode char U+0419 (decimal 1049)
   defining Unicode char U+041A (decimal 1050)
   defining Unicode char U+041B (decimal 1051)
   defining Unicode char U+041C (decimal 1052)
   defining Unicode char U+041D (decimal 1053)
   defining Unicode char U+041E (decimal 1054)
   defining Unicode char U+041F (decimal 1055)
   defining Unicode char U+0420 (decimal 1056)
   defining Unicode char U+0421 (decimal 1057)
   defining Unicode char U+0422 (decimal 1058)
   defining Unicode char U+0423 (decimal 1059)
   defining Unicode char U+0424 (decimal 1060)
   defining Unicode char U+0425 (decimal 1061)
   defining Unicode char U+0426 (decimal 1062)
   defining Unicode char U+0427 (decimal 1063)
   defining Unicode char U+0428 (decimal 1064)
   defining Unicode char U+0429 (decimal 1065)
   defining Unicode char U+042A (decimal 1066)
   defining Unicode char U+042B (decimal 1067)
   defining Unicode char U+042C (decimal 1068)
   defining Unicode char U+042D (decimal 1069)
   defining Unicode char U+042E (decimal 1070)
   defining Unicode char U+042F (decimal 1071)
   defining Unicode char U+0430 (decimal 1072)
   defining Unicode char U+0431 (decimal 1073)
   defining Unicode char U+0432 (decimal 1074)
   defining Unicode char U+0433 (decimal 1075)
   defining Unicode char U+0434 (decimal 1076)
   defining Unicode char U+0435 (decimal 1077)
   defining Unicode char U+0436 (decimal 1078)
   defining Unicode char U+0437 (decimal 1079)
   defining Unicode char U+0438 (decimal 1080)
   defining Unicode char U+0439 (decimal 1081)
   defining Unicode char U+043A (decimal 1082)
   defining Unicode char U+043B (decimal 1083)
   defining Unicode char U+043C (decimal 1084)
   defining Unicode char U+043D (decimal 1085)
   defining Unicode char U+043E (decimal 1086)
   defining Unicode char U+043F (decimal 1087)
   defining Unicode char U+0440 (decimal 1088)
   defining Unicode char U+0441 (decimal 1089)
   defining Unicode char U+0442 (decimal 1090)
   defining Unicode char U+0443 (decimal 1091)
   defining Unicode char U+0444 (decimal 1092)
   defining Unicode char U+0445 (decimal 1093)
   defining Unicode char U+0446 (decimal 1094)
   defining Unicode char U+0447 (decimal 1095)
   defining Unicode char U+0448 (decimal 1096)
   defining Unicode char U+0449 (decimal 1097)
   defining Unicode char U+044A (decimal 1098)
   defining Unicode char U+044B (decimal 1099)
   defining Unicode char U+044C (decimal 1100)
   defining Unicode char U+044D (decimal 1101)
   defining Unicode char U+044E (decimal 1102)
   defining Unicode char U+044F (decimal 1103)
   defining Unicode char U+0450 (decimal 1104)
   defining Unicode char U+0451 (decimal 1105)
   defining Unicode char U+0452 (decimal 1106)
   defining Unicode char U+0453 (decimal 1107)
   defining Unicode char U+0454 (decimal 1108)
   defining Unicode char U+0455 (decimal 1109)
   defining Unicode char U+0456 (decimal 1110)
   defining Unicode char U+0457 (decimal 1111)
   defining Unicode char U+0458 (decimal 1112)
   defining Unicode char U+0459 (decimal 1113)
   defining Unicode char U+045A (decimal 1114)
   defining Unicode char U+045B (decimal 1115)
   defining Unicode char U+045C (decimal 1116)
   defining Unicode char U+045D (decimal 1117)
   defining Unicode char U+045E (decimal 1118)
   defining Unicode char U+045F (decimal 1119)
   defining Unicode char U+0490 (decimal 1168)
   defining Unicode char U+0491 (decimal 1169)
   defining Unicode char U+0492 (decimal 1170)
   defining Unicode char U+0493 (decimal 1171)
   defining Unicode char U+0496 (decimal 1174)
   defining Unicode char U+0497 (decimal 1175)
   defining Unicode char U+0498 (decimal 1176)
   defining Unicode char U+0499 (decimal 1177)
   defining Unicode char U+049A (decimal 1178)
   defining Unicode char U+049B (decimal 1179)
   defining Unicode char U+049C (decimal 1180)
   defining Unicode char U+049D (decimal 1181)
   defining Unicode char U+04A0 (decimal 1184)
   defining Unicode char U+04A1 (decimal 1185)
   defining Unicode char U+04A2 (decimal 1186)
   defining Unicode char U+04A3 (decimal 1187)
   defining Unicode char U+04A4 (decimal 1188)
   defining Unicode char U+04A5 (decimal 1189)
   defining Unicode char U+04AA (decimal 1194)
   defining Unicode char U+04AB (decimal 1195)
   defining Unicode char U+04AE (decimal 1198)
   defining Unicode char U+04AF (decimal 1199)
   defining Unicode char U+04B0 (decimal 1200)
   defining Unicode char U+04B1 (decimal 1201)
   defining Unicode char U+04B2 (decimal 1202)
   defining Unicode char U+04B3 (decimal 1203)
   defining Unicode char U+04B6 (decimal 1206)
   defining Unicode char U+04B7 (decimal 1207)
   defining Unicode char U+04B8 (decimal 1208)
   defining Unicode char U+04B9 (decimal 1209)
   defining Unicode char U+04BA (decimal 1210)
   defining Unicode char U+04BB (decimal 1211)
   defining Unicode char U+04C0 (decimal 1216)
   defining Unicode char U+04C1 (decimal 1217)
   defining Unicode char U+04C2 (decimal 1218)
   defining Unicode char U+04D0 (decimal 1232)
   defining Unicode char U+04D1 (decimal 1233)
   defining Unicode char U+04D2 (decimal 1234)
   defining Unicode char U+04D3 (decimal 1235)
   defining Unicode char U+04D4 (decimal 1236)
   defining Unicode char U+04D5 (decimal 1237)
   defining Unicode char U+04D6 (decimal 1238)
   defining Unicode char U+04D7 (decimal 1239)
   defining Unicode char U+04D8 (decimal 1240)
   defining Unicode char U+04D9 (decimal 1241)
   defining Unicode char U+04DA (decimal 1242)
   defining Unicode char U+04DB (decimal 1243)
   defining Unicode char U+04DC (decimal 1244)
   defining Unicode char U+04DD (decimal 1245)
   defining Unicode char U+04DE (decimal 1246)
   defining Unicode char U+04DF (decimal 1247)
   defining Unicode char U+04E2 (decimal 1250)
   defining Unicode char U+04E3 (decimal 1251)
   defining Unicode char U+04E4 (decimal 1252)
   defining Unicode char U+04E5 (decimal 1253)
   defining Unicode char U+04E6 (decimal 1254)
   defining Unicode char U+04E7 (decimal 1255)
   defining Unicode char U+04E8 (decimal 1256)
   defining Unicode char U+04E9 (decimal 1257)
   defining Unicode char U+04EC (decimal 1260)
   defining Unicode char U+04ED (decimal 1261)
   defining Unicode char U+04EE (decimal 1262)
   defining Unicode char U+04EF (decimal 1263)
   defining Unicode char U+04F0 (decimal 1264)
   defining Unicode char U+04F1 (decimal 1265)
   defining Unicode char U+04F2 (decimal 1266)
   defining Unicode char U+04F3 (decimal 1267)
   defining Unicode char U+04F4 (decimal 1268)
   defining Unicode char U+04F5 (decimal 1269)
   defining Unicode char U+04F8 (decimal 1272)
   defining Unicode char U+04F9 (decimal 1273)
   defining Unicode char U+200C (decimal 8204)
   defining Unicode char U+2013 (decimal 8211)
   defining Unicode char U+2014 (decimal 8212)
   defining Unicode char U+2018 (decimal 8216)
   defining Unicode char U+2019 (decimal 8217)
   defining Unicode char U+201C (decimal 8220)
   defining Unicode char U+201D (decimal 8221)
   defining Unicode char U+201E (decimal 8222)
   defining Unicode char U+2030 (decimal 8240)
   defining Unicode char U+2031 (decimal 8241)
   defining Unicode char U+2116 (decimal 8470)
   defining Unicode char U+2329 (decimal 9001)
   defining Unicode char U+232A (decimal 9002)
   defining Unicode char U+2423 (decimal 9251)
   defining Unicode char U+27E8 (decimal 10216)
   defining Unicode char U+27E9 (decimal 10217)
   defining Unicode char U+FB00 (decimal 64256)
   defining Unicode char U+FB01 (decimal 64257)
   defining Unicode char U+FB02 (decimal 64258)
   defining Unicode char U+FB03 (decimal 64259)
   defining Unicode char U+FB04 (decimal 64260)
   defining Unicode char U+FB05 (decimal 64261)
   defining Unicode char U+FB06 (decimal 64262)
))
Package babel Info: Making " an active character on input line 118.
Package babel Info: Default for \cyrdash is provided on input line 161.
))
(/usr/share/texlive/texmf-dist/tex/latex/pgfplots/pgfplots.sty
(/usr/share/texlive/texmf-dist/tex/generic/pgfplots/pgfplots.revision.tex)
Package: pgfplots 2018/03/28 v1.16 Data Visualization (1.16)

(/usr/share/texlive/texmf-dist/tex/latex/graphics/graphicx.sty
Package: graphicx 2019/11/30 v1.2a Enhanced LaTeX Graphics (DPC,SPQR)

(/usr/share/texlive/texmf-dist/tex/latex/graphics/graphics.sty
Package: graphics 2019/11/30 v1.4a Standard LaTeX Graphics (DPC,SPQR)

(/usr/share/texlive/texmf-dist/tex/latex/graphics/trig.sty
Package: trig 2016/01/03 v1.10 sin cos tan (DPC)
)
(/usr/share/texlive/texmf-dist/tex/latex/graphics-cfg/graphics.cfg
File: graphics.cfg 2016/06/04 v1.11 sample graphics configuration
)
Package graphics Info: Driver file: pdftex.def on input line 105.

(/usr/share/texlive/texmf-dist/tex/latex/graphics-def/pdftex.def
File: pdftex.def 2018/01/08 v1.0l Graphics/color driver for pdftex
))
\Gin@req@height=\dimen154
\Gin@req@width=\dimen155
)
(/usr/share/texlive/texmf-dist/tex/latex/pgf/frontendlayer/tikz.sty
(/usr/share/texlive/texmf-dist/tex/latex/pgf/basiclayer/pgf.sty
(/usr/share/texlive/texmf-dist/tex/latex/pgf/utilities/pgfrcs.sty
(/usr/share/texlive/texmf-dist/tex/generic/pgf/utilities/pgfutil-common.tex
\pgfutil@everybye=\toks24
\pgfutil@tempdima=\dimen156
\pgfutil@tempdimb=\dimen157

(/usr/share/texlive/texmf-dist/tex/generic/pgf/utilities/pgfutil-common-lists.t
ex)) (/usr/share/texlive/texmf-dist/tex/generic/pgf/utilities/pgfutil-latex.def
\pgfutil@abb=\box47
(/usr/share/texlive/texmf-dist/tex/latex/ms/everyshi.sty
Package: everyshi 2001/05/15 v3.00 EveryShipout Package (MS)
))
(/usr/share/texlive/texmf-dist/tex/generic/pgf/utilities/pgfrcs.code.tex
(/usr/share/texlive/texmf-dist/tex/generic/pgf/pgf.revision.tex)
Package: pgfrcs 2020/01/08 v3.1.5b (3.1.5b)
))
Package: pgf 2020/01/08 v3.1.5b (3.1.5b)

(/usr/share/texlive/texmf-dist/tex/latex/pgf/basiclayer/pgfcore.sty
(/usr/share/texlive/texmf-dist/tex/latex/pgf/systemlayer/pgfsys.sty
(/usr/share/texlive/texmf-dist/tex/generic/pgf/systemlayer/pgfsys.code.tex
Package: pgfsys 2020/01/08 v3.1.5b (3.1.5b)

(/usr/share/texlive/texmf-dist/tex/generic/pgf/utilities/pgfkeys.code.tex
\pgfkeys@pathtoks=\toks25
\pgfkeys@temptoks=\toks26

(/usr/share/texlive/texmf-dist/tex/generic/pgf/utilities/pgfkeysfiltered.code.t
ex
\pgfkeys@tmptoks=\toks27
))
\pgf@x=\dimen158
\pgf@y=\dimen159
\pgf@xa=\dimen160
\pgf@ya=\dimen161
\pgf@xb=\dimen162
\pgf@yb=\dimen163
\pgf@xc=\dimen164
\pgf@yc=\dimen165
\pgf@xd=\dimen166
\pgf@yd=\dimen167
\w@pgf@writea=\write3
\r@pgf@reada=\read3
\c@pgf@counta=\count192
\c@pgf@countb=\count193
\c@pgf@countc=\count194
\c@pgf@countd=\count195
\t@pgf@toka=\toks28
\t@pgf@tokb=\toks29
\t@pgf@tokc=\toks30
\pgf@sys@id@count=\count196
 (/usr/share/texlive/texmf-dist/tex/generic/pgf/systemlayer/pgf.cfg
File: pgf.cfg 2020/01/08 v3.1.5b (3.1.5b)
)
Driver file for pgf: pgfsys-pdftex.def

(/usr/share/texlive/texmf-dist/tex/generic/pgf/systemlayer/pgfsys-pdftex.def
File: pgfsys-pdftex.def 2020/01/08 v3.1.5b (3.1.5b)

(/usr/share/texlive/texmf-dist/tex/generic/pgf/systemlayer/pgfsys-common-pdf.de
f
File: pgfsys-common-pdf.def 2020/01/08 v3.1.5b (3.1.5b)
)))
(/usr/share/texlive/texmf-dist/tex/generic/pgf/systemlayer/pgfsyssoftpath.code.
tex
File: pgfsyssoftpath.code.tex 2020/01/08 v3.1.5b (3.1.5b)
\pgfsyssoftpath@smallbuffer@items=\count197
\pgfsyssoftpath@bigbuffer@items=\count198
)
(/usr/share/texlive/texmf-dist/tex/generic/pgf/systemlayer/pgfsysprotocol.code.
tex
File: pgfsysprotocol.code.tex 2020/01/08 v3.1.5b (3.1.5b)
)) (/usr/share/texlive/texmf-dist/tex/latex/xcolor/xcolor.sty
Package: xcolor 2016/05/11 v2.12 LaTeX color extensions (UK)

(/usr/share/texlive/texmf-dist/tex/latex/graphics-cfg/color.cfg
File: color.cfg 2016/01/02 v1.6 sample color configuration
)
Package xcolor Info: Driver file: pdftex.def on input line 225.
Package xcolor Info: Model `cmy' substituted by `cmy0' on input line 1348.
Package xcolor Info: Model `hsb' substituted by `rgb' on input line 1352.
Package xcolor Info: Model `RGB' extended on input line 1364.
Package xcolor Info: Model `HTML' substituted by `rgb' on input line 1366.
Package xcolor Info: Model `Hsb' substituted by `hsb' on input line 1367.
Package xcolor Info: Model `tHsb' substituted by `hsb' on input line 1368.
Package xcolor Info: Model `HSB' substituted by `hsb' on input line 1369.
Package xcolor Info: Model `Gray' substituted by `gray' on input line 1370.
Package xcolor Info: Model `wave' substituted by `hsb' on input line 1371.
)
(/usr/share/texlive/texmf-dist/tex/generic/pgf/basiclayer/pgfcore.code.tex
Package: pgfcore 2020/01/08 v3.1.5b (3.1.5b)

(/usr/share/texlive/texmf-dist/tex/generic/pgf/math/pgfmath.code.tex
(/usr/share/texlive/texmf-dist/tex/generic/pgf/math/pgfmathcalc.code.tex
(/usr/share/texlive/texmf-dist/tex/generic/pgf/math/pgfmathutil.code.tex)
(/usr/share/texlive/texmf-dist/tex/generic/pgf/math/pgfmathparser.code.tex
\pgfmath@dimen=\dimen168
\pgfmath@count=\count199
\pgfmath@box=\box48
\pgfmath@toks=\toks31
\pgfmath@stack@operand=\toks32
\pgfmath@stack@operation=\toks33
)
(/usr/share/texlive/texmf-dist/tex/generic/pgf/math/pgfmathfunctions.code.tex
(/usr/share/texlive/texmf-dist/tex/generic/pgf/math/pgfmathfunctions.basic.code
.tex)
(/usr/share/texlive/texmf-dist/tex/generic/pgf/math/pgfmathfunctions.trigonomet
ric.code.tex)
(/usr/share/texlive/texmf-dist/tex/generic/pgf/math/pgfmathfunctions.random.cod
e.tex)
(/usr/share/texlive/texmf-dist/tex/generic/pgf/math/pgfmathfunctions.comparison
.code.tex)
(/usr/share/texlive/texmf-dist/tex/generic/pgf/math/pgfmathfunctions.base.code.
tex)
(/usr/share/texlive/texmf-dist/tex/generic/pgf/math/pgfmathfunctions.round.code
.tex)
(/usr/share/texlive/texmf-dist/tex/generic/pgf/math/pgfmathfunctions.misc.code.
tex)
(/usr/share/texlive/texmf-dist/tex/generic/pgf/math/pgfmathfunctions.integerari
thmetics.code.tex)))
(/usr/share/texlive/texmf-dist/tex/generic/pgf/math/pgfmathfloat.code.tex
\c@pgfmathroundto@lastzeros=\count266
))
(/usr/share/texlive/texmf-dist/tex/generic/pgf/math/pgfint.code.tex)
(/usr/share/texlive/texmf-dist/tex/generic/pgf/basiclayer/pgfcorepoints.code.te
x
File: pgfcorepoints.code.tex 2020/01/08 v3.1.5b (3.1.5b)
\pgf@picminx=\dimen169
\pgf@picmaxx=\dimen170
\pgf@picminy=\dimen171
\pgf@picmaxy=\dimen172
\pgf@pathminx=\dimen173
\pgf@pathmaxx=\dimen174
\pgf@pathminy=\dimen175
\pgf@pathmaxy=\dimen176
\pgf@xx=\dimen177
\pgf@xy=\dimen178
\pgf@yx=\dimen179
\pgf@yy=\dimen180
\pgf@zx=\dimen181
\pgf@zy=\dimen182
)
(/usr/share/texlive/texmf-dist/tex/generic/pgf/basiclayer/pgfcorepathconstruct.
code.tex
File: pgfcorepathconstruct.code.tex 2020/01/08 v3.1.5b (3.1.5b)
\pgf@path@lastx=\dimen183
\pgf@path@lasty=\dimen184
)
(/usr/share/texlive/texmf-dist/tex/generic/pgf/basiclayer/pgfcorepathusage.code
.tex
File: pgfcorepathusage.code.tex 2020/01/08 v3.1.5b (3.1.5b)
\pgf@shorten@end@additional=\dimen185
\pgf@shorten@start@additional=\dimen186
)
(/usr/share/texlive/texmf-dist/tex/generic/pgf/basiclayer/pgfcorescopes.code.te
x
File: pgfcorescopes.code.tex 2020/01/08 v3.1.5b (3.1.5b)
\pgfpic=\box49
\pgf@hbox=\box50
\pgf@layerbox@main=\box51
\pgf@picture@serial@count=\count267
)
(/usr/share/texlive/texmf-dist/tex/generic/pgf/basiclayer/pgfcoregraphicstate.c
ode.tex
File: pgfcoregraphicstate.code.tex 2020/01/08 v3.1.5b (3.1.5b)
\pgflinewidth=\dimen187
)
(/usr/share/texlive/texmf-dist/tex/generic/pgf/basiclayer/pgfcoretransformation
s.code.tex
File: pgfcoretransformations.code.tex 2020/01/08 v3.1.5b (3.1.5b)
\pgf@pt@x=\dimen188
\pgf@pt@y=\dimen189
\pgf@pt@temp=\dimen190
)
(/usr/share/texlive/texmf-dist/tex/generic/pgf/basiclayer/pgfcorequick.code.tex
File: pgfcorequick.code.tex 2020/01/08 v3.1.5b (3.1.5b)
)
(/usr/share/texlive/texmf-dist/tex/generic/pgf/basiclayer/pgfcoreobjects.code.t
ex
File: pgfcoreobjects.code.tex 2020/01/08 v3.1.5b (3.1.5b)
)
(/usr/share/texlive/texmf-dist/tex/generic/pgf/basiclayer/pgfcorepathprocessing
.code.tex
File: pgfcorepathprocessing.code.tex 2020/01/08 v3.1.5b (3.1.5b)
)
(/usr/share/texlive/texmf-dist/tex/generic/pgf/basiclayer/pgfcorearrows.code.te
x
File: pgfcorearrows.code.tex 2020/01/08 v3.1.5b (3.1.5b)
\pgfarrowsep=\dimen191
)
(/usr/share/texlive/texmf-dist/tex/generic/pgf/basiclayer/pgfcoreshade.code.tex
File: pgfcoreshade.code.tex 2020/01/08 v3.1.5b (3.1.5b)
\pgf@max=\dimen192
\pgf@sys@shading@range@num=\count268
\pgf@shadingcount=\count269
)
(/usr/share/texlive/texmf-dist/tex/generic/pgf/basiclayer/pgfcoreimage.code.tex
File: pgfcoreimage.code.tex 2020/01/08 v3.1.5b (3.1.5b)

(/usr/share/texlive/texmf-dist/tex/generic/pgf/basiclayer/pgfcoreexternal.code.
tex
File: pgfcoreexternal.code.tex 2020/01/08 v3.1.5b (3.1.5b)
\pgfexternal@startupbox=\box52
))
(/usr/share/texlive/texmf-dist/tex/generic/pgf/basiclayer/pgfcorelayers.code.te
x
File: pgfcorelayers.code.tex 2020/01/08 v3.1.5b (3.1.5b)
)
(/usr/share/texlive/texmf-dist/tex/generic/pgf/basiclayer/pgfcoretransparency.c
ode.tex
File: pgfcoretransparency.code.tex 2020/01/08 v3.1.5b (3.1.5b)
)
(/usr/share/texlive/texmf-dist/tex/generic/pgf/basiclayer/pgfcorepatterns.code.
tex
File: pgfcorepatterns.code.tex 2020/01/08 v3.1.5b (3.1.5b)
)
(/usr/share/texlive/texmf-dist/tex/generic/pgf/basiclayer/pgfcorerdf.code.tex
File: pgfcorerdf.code.tex 2020/01/08 v3.1.5b (3.1.5b)
)))
(/usr/share/texlive/texmf-dist/tex/generic/pgf/modules/pgfmoduleshapes.code.tex
File: pgfmoduleshapes.code.tex 2020/01/08 v3.1.5b (3.1.5b)
\pgfnodeparttextbox=\box53
) (/usr/share/texlive/texmf-dist/tex/generic/pgf/modules/pgfmoduleplot.code.tex
File: pgfmoduleplot.code.tex 2020/01/08 v3.1.5b (3.1.5b)
)
(/usr/share/texlive/texmf-dist/tex/latex/pgf/compatibility/pgfcomp-version-0-65
.sty
Package: pgfcomp-version-0-65 2020/01/08 v3.1.5b (3.1.5b)
\pgf@nodesepstart=\dimen193
\pgf@nodesepend=\dimen194
)
(/usr/share/texlive/texmf-dist/tex/latex/pgf/compatibility/pgfcomp-version-1-18
.sty
Package: pgfcomp-version-1-18 2020/01/08 v3.1.5b (3.1.5b)
)) (/usr/share/texlive/texmf-dist/tex/latex/pgf/utilities/pgffor.sty
(/usr/share/texlive/texmf-dist/tex/latex/pgf/utilities/pgfkeys.sty
(/usr/share/texlive/texmf-dist/tex/generic/pgf/utilities/pgfkeys.code.tex))
(/usr/share/texlive/texmf-dist/tex/latex/pgf/math/pgfmath.sty
(/usr/share/texlive/texmf-dist/tex/generic/pgf/math/pgfmath.code.tex))
(/usr/share/texlive/texmf-dist/tex/generic/pgf/utilities/pgffor.code.tex
Package: pgffor 2020/01/08 v3.1.5b (3.1.5b)

(/usr/share/texlive/texmf-dist/tex/generic/pgf/math/pgfmath.code.tex)
\pgffor@iter=\dimen195
\pgffor@skip=\dimen196
\pgffor@stack=\toks34
\pgffor@toks=\toks35
))
(/usr/share/texlive/texmf-dist/tex/generic/pgf/frontendlayer/tikz/tikz.code.tex
Package: tikz 2020/01/08 v3.1.5b (3.1.5b)

(/usr/share/texlive/texmf-dist/tex/generic/pgf/libraries/pgflibraryplothandlers
.code.tex
File: pgflibraryplothandlers.code.tex 2020/01/08 v3.1.5b (3.1.5b)
\pgf@plot@mark@count=\count270
\pgfplotmarksize=\dimen197
)
\tikz@lastx=\dimen198
\tikz@lasty=\dimen199
\tikz@lastxsaved=\dimen256
\tikz@lastysaved=\dimen257
\tikz@lastmovetox=\dimen258
\tikz@lastmovetoy=\dimen259
\tikzleveldistance=\dimen260
\tikzsiblingdistance=\dimen261
\tikz@figbox=\box54
\tikz@figbox@bg=\box55
\tikz@tempbox=\box56
\tikz@tempbox@bg=\box57
\tikztreelevel=\count271
\tikznumberofchildren=\count272
\tikznumberofcurrentchild=\count273
\tikz@fig@count=\count274

(/usr/share/texlive/texmf-dist/tex/generic/pgf/modules/pgfmodulematrix.code.tex
File: pgfmodulematrix.code.tex 2020/01/08 v3.1.5b (3.1.5b)
\pgfmatrixcurrentrow=\count275
\pgfmatrixcurrentcolumn=\count276
\pgf@matrix@numberofcolumns=\count277
)
\tikz@expandcount=\count278

(/usr/share/texlive/texmf-dist/tex/generic/pgf/frontendlayer/tikz/libraries/tik
zlibrarytopaths.code.tex
File: tikzlibrarytopaths.code.tex 2020/01/08 v3.1.5b (3.1.5b)
)))
(/usr/share/texlive/texmf-dist/tex/generic/pgfplots/pgfplots.code.tex
(/usr/share/texlive/texmf-dist/tex/generic/pgfplots/pgfplotscore.code.tex
\t@pgfplots@toka=\toks36
\t@pgfplots@tokb=\toks37
\t@pgfplots@tokc=\toks38
\pgfplots@tmpa=\dimen262
\c@pgfplots@coordindex=\count279
\c@pgfplots@scanlineindex=\count280

(/usr/share/texlive/texmf-dist/tex/generic/pgfplots/sys/pgfplotssysgeneric.code
.tex))
(/usr/share/texlive/texmf-dist/tex/generic/pgfplots/libs/pgfplotslibrary.code.t
ex)
(/usr/share/texlive/texmf-dist/tex/generic/pgfplots/oldpgfcompatib/pgfplotsoldp
gfsupp_loader.code.tex
(/usr/share/texlive/texmf-dist/tex/generic/pgf/libraries/pgflibraryfpu.code.tex
))
(/usr/share/texlive/texmf-dist/tex/generic/pgfplots/util/pgfplotsutil.code.tex
(/usr/share/texlive/texmf-dist/tex/generic/pgfplots/liststructure/pgfplotslists
tructure.code.tex)
(/usr/share/texlive/texmf-dist/tex/generic/pgfplots/liststructure/pgfplotslists
tructureext.code.tex)
(/usr/share/texlive/texmf-dist/tex/generic/pgfplots/liststructure/pgfplotsarray
.code.tex
\c@pgfplotsarray@tmp=\count281
)
(/usr/share/texlive/texmf-dist/tex/generic/pgfplots/liststructure/pgfplotsmatri
x.code.tex)
(/usr/share/texlive/texmf-dist/tex/generic/pgfplots/numtable/pgfplotstableshare
d.code.tex
\c@pgfplotstable@counta=\count282
\t@pgfplotstable@a=\toks39
)
(/usr/share/texlive/texmf-dist/tex/generic/pgfplots/liststructure/pgfplotsdeque
.code.tex)
(/usr/share/texlive/texmf-dist/tex/generic/pgfplots/util/pgfplotsbinary.code.te
x
(/usr/share/texlive/texmf-dist/tex/generic/pgfplots/util/pgfplotsbinary.data.co
de.tex))
(/usr/share/texlive/texmf-dist/tex/generic/pgfplots/util/pgfplotsutil.verb.code
.tex)
(/usr/share/texlive/texmf-dist/tex/generic/pgfplots/libs/pgflibrarypgfplots.sur
fshading.code.tex
\c@pgfplotslibrarysurf@no=\count283

(/usr/share/texlive/texmf-dist/tex/generic/pgfplots/sys/pgflibrarypgfplots.surf
shading.pgfsys-pdftex.def)))
(/usr/share/texlive/texmf-dist/tex/generic/pgfplots/util/pgfplotscolormap.code.
tex
(/usr/share/texlive/texmf-dist/tex/generic/pgfplots/util/pgfplotscolor.code.tex
))
(/usr/share/texlive/texmf-dist/tex/generic/pgfplots/pgfplotsstackedplots.code.t
ex)
(/usr/share/texlive/texmf-dist/tex/generic/pgfplots/pgfplotsplothandlers.code.t
ex
(/usr/share/texlive/texmf-dist/tex/generic/pgfplots/pgfplotsmeshplothandler.cod
e.tex
(/usr/share/texlive/texmf-dist/tex/generic/pgfplots/pgfplotsmeshplotimage.code.
tex)))
(/usr/share/texlive/texmf-dist/tex/generic/pgfplots/pgfplots.scaling.code.tex)
(/usr/share/texlive/texmf-dist/tex/generic/pgfplots/pgfplotscoordprocessing.cod
e.tex)
(/usr/share/texlive/texmf-dist/tex/generic/pgfplots/pgfplots.errorbars.code.tex
) (/usr/share/texlive/texmf-dist/tex/generic/pgfplots/pgfplots.markers.code.tex
) (/usr/share/texlive/texmf-dist/tex/generic/pgfplots/pgfplotsticks.code.tex)
(/usr/share/texlive/texmf-dist/tex/generic/pgfplots/pgfplots.paths.code.tex)
(/usr/share/texlive/texmf-dist/tex/generic/pgf/frontendlayer/tikz/libraries/tik
zlibrarydecorations.code.tex
(/usr/share/texlive/texmf-dist/tex/generic/pgf/modules/pgfmoduledecorations.cod
e.tex
\pgfdecoratedcompleteddistance=\dimen263
\pgfdecoratedremainingdistance=\dimen264
\pgfdecoratedinputsegmentcompleteddistance=\dimen265
\pgfdecoratedinputsegmentremainingdistance=\dimen266
\pgf@decorate@distancetomove=\dimen267
\pgf@decorate@repeatstate=\count284
\pgfdecorationsegmentamplitude=\dimen268
\pgfdecorationsegmentlength=\dimen269
)
\tikz@lib@dec@box=\box58
)
(/usr/share/texlive/texmf-dist/tex/generic/pgf/frontendlayer/tikz/libraries/tik
zlibrarydecorations.pathmorphing.code.tex
(/usr/share/texlive/texmf-dist/tex/generic/pgf/libraries/decorations/pgflibrary
decorations.pathmorphing.code.tex))
(/usr/share/texlive/texmf-dist/tex/generic/pgf/frontendlayer/tikz/libraries/tik
zlibrarydecorations.pathreplacing.code.tex
(/usr/share/texlive/texmf-dist/tex/generic/pgf/libraries/decorations/pgflibrary
decorations.pathreplacing.code.tex))
\pgfplots@numplots=\count285
\pgfplots@xmin@reg=\dimen270
\pgfplots@xmax@reg=\dimen271
\pgfplots@ymin@reg=\dimen272
\pgfplots@ymax@reg=\dimen273
\pgfplots@zmin@reg=\dimen274
\pgfplots@zmax@reg=\dimen275
)
(/usr/share/texlive/texmf-dist/tex/generic/pgf/frontendlayer/tikz/libraries/tik
zlibraryplotmarks.code.tex
File: tikzlibraryplotmarks.code.tex 2020/01/08 v3.1.5b (3.1.5b)

(/usr/share/texlive/texmf-dist/tex/generic/pgf/libraries/pgflibraryplotmarks.co
de.tex
File: pgflibraryplotmarks.code.tex 2020/01/08 v3.1.5b (3.1.5b)
)))
(/usr/share/texlive/texmf-dist/tex/generic/pgfplots/libs/tikzlibrarypgfplots.fi
llbetween.code.tex
(/usr/share/texlive/texmf-dist/tex/generic/pgfplots/pgfcontrib/tikzlibraryfillb
etween.code.tex
(/usr/share/texlive/texmf-dist/tex/generic/pgf/frontendlayer/tikz/libraries/tik
zlibraryintersections.code.tex
(/usr/share/texlive/texmf-dist/tex/generic/pgf/libraries/pgflibraryintersection
s.code.tex
\pgf@intersect@solutions=\count286
))
(/usr/share/texlive/texmf-dist/tex/generic/pgfplots/pgfcontrib/tikzlibrarydecor
ations.softclip.code.tex
(/usr/share/texlive/texmf-dist/tex/generic/pgfplots/pgfcontrib/pgflibraryfillbe
tween.code.tex)))
(/usr/share/texlive/texmf-dist/tex/generic/pgfplots/libs/tikzlibrarypgfplots.de
corations.softclip.code.tex))
(/usr/share/texlive/texmf-dist/tex/latex/rsfso/rsfso.sty
Package: rsfso 2013/11/02 v1.01 U/rsfso (Michael Sharpe)

(/usr/share/texlive/texmf-dist/tex/latex/xkeyval/xkeyval.sty
Package: xkeyval 2014/12/03 v2.7a package option processing (HA)

(/usr/share/texlive/texmf-dist/tex/generic/xkeyval/xkeyval.tex
(/usr/share/texlive/texmf-dist/tex/generic/xkeyval/xkvutils.tex
\XKV@toks=\toks40
\XKV@tempa@toks=\toks41
)
\XKV@depth=\count287
File: xkeyval.tex 2014/12/03 v2.7a key=value parser (HA)
)))
(/usr/share/texlive/texmf-dist/tex/latex/physics/physics.sty
Package: physics 

(/usr/share/texlive/texmf-dist/tex/latex/l3packages/xparse/xparse.sty
(/usr/share/texlive/texmf-dist/tex/latex/l3kernel/expl3.sty
Package: expl3 2020-02-14 L3 programming layer (loader) 

(/usr/share/texlive/texmf-dist/tex/latex/l3backend/l3backend-pdfmode.def
File: l3backend-pdfmode.def 2020-02-03 L3 backend support: PDF mode
\l__kernel_color_stack_int=\count288
\l__pdf_internal_box=\box59
))
Package: xparse 2020-02-14 L3 Experimental document command parser
\l__xparse_current_arg_int=\count289
\g__xparse_grabber_int=\count290
\l__xparse_m_args_int=\count291
\l__xparse_v_nesting_int=\count292
))
(/usr/share/texlive/texmf-dist/tex/latex/hyperref/hyperref.sty
Package: hyperref 2020/01/14 v7.00d Hypertext links for LaTeX

(/usr/share/texlive/texmf-dist/tex/generic/ltxcmds/ltxcmds.sty
Package: ltxcmds 2019/12/15 v1.24 LaTeX kernel commands for general use (HO)
)
(/usr/share/texlive/texmf-dist/tex/latex/pdftexcmds/pdftexcmds.sty
Package: pdftexcmds 2019/11/24 v0.31 Utility functions of pdfTeX for LuaTeX (HO
)

(/usr/share/texlive/texmf-dist/tex/generic/infwarerr/infwarerr.sty
Package: infwarerr 2019/12/03 v1.5 Providing info/warning/error messages (HO)
)
Package pdftexcmds Info: \pdf@primitive is available.
Package pdftexcmds Info: \pdf@ifprimitive is available.
Package pdftexcmds Info: \pdfdraftmode found.
)
(/usr/share/texlive/texmf-dist/tex/generic/kvsetkeys/kvsetkeys.sty
Package: kvsetkeys 2019/12/15 v1.18 Key value parser (HO)
)
(/usr/share/texlive/texmf-dist/tex/generic/kvdefinekeys/kvdefinekeys.sty
Package: kvdefinekeys 2019-12-19 v1.6 Define keys (HO)
)
(/usr/share/texlive/texmf-dist/tex/generic/pdfescape/pdfescape.sty
Package: pdfescape 2019/12/09 v1.15 Implements pdfTeX's escape features (HO)
)
(/usr/share/texlive/texmf-dist/tex/latex/hycolor/hycolor.sty
Package: hycolor 2020-01-27 v1.10 Color options for hyperref/bookmark (HO)
)
(/usr/share/texlive/texmf-dist/tex/latex/letltxmacro/letltxmacro.sty
Package: letltxmacro 2019/12/03 v1.6 Let assignment for LaTeX macros (HO)
)
(/usr/share/texlive/texmf-dist/tex/latex/auxhook/auxhook.sty
Package: auxhook 2019-12-17 v1.6 Hooks for auxiliary files (HO)
)
(/usr/share/texlive/texmf-dist/tex/latex/kvoptions/kvoptions.sty
Package: kvoptions 2019/11/29 v3.13 Key value format for package options (HO)
)
\@linkdim=\dimen276
\Hy@linkcounter=\count293
\Hy@pagecounter=\count294

(/usr/share/texlive/texmf-dist/tex/latex/hyperref/pd1enc.def
File: pd1enc.def 2020/01/14 v7.00d Hyperref: PDFDocEncoding definition (HO)
Now handling font encoding PD1 ...
... no UTF-8 mapping file for font encoding PD1
)
(/usr/share/texlive/texmf-dist/tex/generic/intcalc/intcalc.sty
Package: intcalc 2019/12/15 v1.3 Expandable calculations with integers (HO)
)
(/usr/share/texlive/texmf-dist/tex/generic/etexcmds/etexcmds.sty
Package: etexcmds 2019/12/15 v1.7 Avoid name clashes with e-TeX commands (HO)
)
\Hy@SavedSpaceFactor=\count295
\pdfmajorversion=\count296
Package hyperref Info: Option `unicode' set `true' on input line 4421.

(/usr/share/texlive/texmf-dist/tex/latex/hyperref/puenc.def
File: puenc.def 2020/01/14 v7.00d Hyperref: PDF Unicode definition (HO)
Now handling font encoding PU ...
... no UTF-8 mapping file for font encoding PU
)
Package hyperref Info: Hyper figures OFF on input line 4547.
Package hyperref Info: Link nesting OFF on input line 4552.
Package hyperref Info: Hyper index ON on input line 4555.
Package hyperref Info: Plain pages OFF on input line 4562.
Package hyperref Info: Backreferencing OFF on input line 4567.
Package hyperref Info: Implicit mode ON; LaTeX internals redefined.
Package hyperref Info: Bookmarks ON on input line 4800.
\c@Hy@tempcnt=\count297

(/usr/share/texlive/texmf-dist/tex/latex/url/url.sty
\Urlmuskip=\muskip17
Package: url 2013/09/16  ver 3.4  Verb mode for urls, etc.
)
LaTeX Info: Redefining \url on input line 5159.
\XeTeXLinkMargin=\dimen277

(/usr/share/texlive/texmf-dist/tex/generic/bitset/bitset.sty
Package: bitset 2019/12/09 v1.3 Handle bit-vector datatype (HO)

(/usr/share/texlive/texmf-dist/tex/generic/bigintcalc/bigintcalc.sty
Package: bigintcalc 2019/12/15 v1.5 Expandable calculations on big integers (HO
)
))
\Fld@menulength=\count298
\Field@Width=\dimen278
\Fld@charsize=\dimen279
Package hyperref Info: Hyper figures OFF on input line 6430.
Package hyperref Info: Link nesting OFF on input line 6435.
Package hyperref Info: Hyper index ON on input line 6438.
Package hyperref Info: backreferencing OFF on input line 6445.
Package hyperref Info: Link coloring OFF on input line 6450.
Package hyperref Info: Link coloring with OCG OFF on input line 6455.
Package hyperref Info: PDF/A mode OFF on input line 6460.
LaTeX Info: Redefining \ref on input line 6500.
LaTeX Info: Redefining \pageref on input line 6504.

(/usr/share/texlive/texmf-dist/tex/generic/atbegshi/atbegshi.sty
Package: atbegshi 2019/12/05 v1.19 At begin shipout hook (HO)
)
\Hy@abspage=\count299
\c@Item=\count300
\c@Hfootnote=\count301
)
Package hyperref Info: Driver (autodetected): hpdftex.

(/usr/share/texlive/texmf-dist/tex/latex/hyperref/hpdftex.def
File: hpdftex.def 2020/01/14 v7.00d Hyperref driver for pdfTeX

(/usr/share/texlive/texmf-dist/tex/latex/atveryend/atveryend.sty
Package: atveryend 2019-12-11 v1.11 Hooks at the very end of document (HO)
Package atveryend Info: \enddocument detected (standard20110627).
)
\Fld@listcount=\count302
\c@bookmark@seq@number=\count303

(/usr/share/texlive/texmf-dist/tex/latex/rerunfilecheck/rerunfilecheck.sty
Package: rerunfilecheck 2019/12/05 v1.9 Rerun checks for auxiliary files (HO)

(/usr/share/texlive/texmf-dist/tex/generic/uniquecounter/uniquecounter.sty
Package: uniquecounter 2019/12/15 v1.4 Provide unlimited unique counter (HO)
)
Package uniquecounter Info: New unique counter `rerunfilecheck' on input line 2
86.
)
\Hy@SectionHShift=\skip61
)
(/usr/share/texlive/texmf-dist/tex/latex/caption/caption.sty
Package: caption 2020/01/03 v3.4h Customizing captions (AR)

(/usr/share/texlive/texmf-dist/tex/latex/caption/caption3.sty
Package: caption3 2020/01/03 v1.8h caption3 kernel (AR)
Package caption3 Info: TeX engine: e-TeX on input line 61.
\captionmargin=\dimen280
\captionmargin@=\dimen281
\captionwidth=\dimen282
\caption@tempdima=\dimen283
\caption@indent=\dimen284
\caption@parindent=\dimen285
\caption@hangindent=\dimen286
Package caption Info: Standard document class detected.
)
\c@caption@flags=\count304
\c@continuedfloat=\count305
Package caption Info: hyperref package is loaded.
)
(/usr/share/texlive/texmf-dist/tex/latex/scalerel/scalerel.sty
Package: scalerel 2016/12/29 v1.8 Routines for constrained scaling and stretchi
ng of objects, relative to a reference object or in absolute terms

(/usr/share/texlive/texmf-dist/tex/latex/tools/calc.sty
Package: calc 2017/05/25 v4.3 Infix arithmetic (KKT,FJ)
\calc@Acount=\count306
\calc@Bcount=\count307
\calc@Adimen=\dimen287
\calc@Bdimen=\dimen288
\calc@Askip=\skip62
\calc@Bskip=\skip63
LaTeX Info: Redefining \setlength on input line 80.
LaTeX Info: Redefining \addtolength on input line 81.
\calc@Ccount=\count308
\calc@Cskip=\skip64
)
(/usr/share/texlive/texmf-dist/tex/latex/etoolbox/etoolbox.sty
Package: etoolbox 2019/09/21 v2.5h e-TeX tools for LaTeX (JAW)
\etb@tempcnta=\count309
)
\thesrwidth=\skip65
\thesrheight=\skip66
\srblobheight=\skip67
\srblobdepth=\skip68
\mnxsrwidth=\skip69
\LMex=\skip70
\LMpt=\skip71
)
(/usr/share/texlive/texmf-dist/tex/latex/stackengine/stackengine.sty
Package: stackengine 2017/02/13 v4.01\ Stacking text and objects in convenient 
ways

(/usr/share/texlive/texmf-dist/tex/generic/listofitems/listofitems.sty
(/usr/share/texlive/texmf-dist/tex/generic/listofitems/listofitems.tex
\loi_cnt_foreach_nest=\count310
\loi_nestcnt=\count311
)
Package: listofitems 2019/08/21 v1.63 Grab items in lists using user-specified 
sep char (CT)
)
\c@@stackindex=\count312
\@boxshift=\skip72
\stack@tmplength=\skip73
\temp@stkl=\skip74
\@stackedboxwidth=\skip75
\@addedbox=\box60
\@anchorbox=\box61
\stackedbox=\box62
\@centerbox=\box63
\c@ROWcellindex@=\count313
)
(/usr/share/texlive/texmf-dist/tex/latex/ragged2e/ragged2e.sty
Package: ragged2e 2019/07/28 v2.2 ragged2e Package (MS)

(/usr/share/texlive/texmf-dist/tex/latex/ms/everysel.sty
Package: everysel 2011/10/28 v1.2 EverySelectfont Package (MS)
)
\CenteringLeftskip=\skip76
\RaggedLeftLeftskip=\skip77
\RaggedRightLeftskip=\skip78
\CenteringRightskip=\skip79
\RaggedLeftRightskip=\skip80
\RaggedRightRightskip=\skip81
\CenteringParfillskip=\skip82
\RaggedLeftParfillskip=\skip83
\RaggedRightParfillskip=\skip84
\JustifyingParfillskip=\skip85
\CenteringParindent=\skip86
\RaggedLeftParindent=\skip87
\RaggedRightParindent=\skip88
\JustifyingParindent=\skip89
)
(/usr/share/texlive/texmf-dist/tex/latex/ncctools/extdash.sty
Package: extdash 2018/06/24 v1.3 Extended Dash Package (NCC)
)
(/usr/share/texlive/texmf-dist/tex/latex/blindtext/blindtext.sty
Package: blindtext 2012/01/06 V2.0 blindtext-Package

(/usr/share/texlive/texmf-dist/tex/latex/tools/xspace.sty
Package: xspace 2014/10/28 v1.13 Space after command names (DPC,MH)
)
\c@blindtext=\count314
\c@Blindtext=\count315
\c@blind@countparstart=\count316
\blind@countxx=\count317
\blindtext@numBlindtext=\count318
\blind@countyy=\count319
\c@blindlist=\count320
\c@blindlistlevel=\count321
\c@blindlist@level=\count322
\blind@listitem=\count323
\c@blind@listcount=\count324
\c@blind@levelcount=\count325
\blind@mathformula=\count326
\blind@Mathformula=\count327
\c@blind@randomcount=\count328
\c@blind@randommax=\count329
\c@blind@pangramcount=\count330
\c@blind@pangrammax=\count331
)
(./Definite integral.aux
LaTeX Font Info:    Trying to load font information for T2A+cmr on input line 2
1.

(/usr/share/texlive/texmf-dist/tex/latex/cyrillic/t2acmr.fd
File: t2acmr.fd 2001/08/11 v1.0a Computer Modern Cyrillic font definitions
))
\openout1 = `"Definite integral.aux"'.

LaTeX Font Info:    Checking defaults for OML/cmm/m/it on input line 43.
LaTeX Font Info:    ... okay on input line 43.
LaTeX Font Info:    Checking defaults for OMS/cmsy/m/n on input line 43.
LaTeX Font Info:    ... okay on input line 43.
LaTeX Font Info:    Checking defaults for OT1/cmr/m/n on input line 43.
LaTeX Font Info:    ... okay on input line 43.
LaTeX Font Info:    Checking defaults for T1/cmr/m/n on input line 43.
LaTeX Font Info:    ... okay on input line 43.
LaTeX Font Info:    Checking defaults for TS1/cmr/m/n on input line 43.
LaTeX Font Info:    ... okay on input line 43.
LaTeX Font Info:    Checking defaults for OMX/cmex/m/n on input line 43.
LaTeX Font Info:    ... okay on input line 43.
LaTeX Font Info:    Checking defaults for U/cmr/m/n on input line 43.
LaTeX Font Info:    ... okay on input line 43.
LaTeX Font Info:    Checking defaults for T2A/cmr/m/n on input line 43.
LaTeX Font Info:    ... okay on input line 43.
LaTeX Font Info:    Checking defaults for PD1/pdf/m/n on input line 43.
LaTeX Font Info:    ... okay on input line 43.
LaTeX Font Info:    Checking defaults for PU/pdf/m/n on input line 43.
LaTeX Font Info:    ... okay on input line 43.

*geometry* driver: auto-detecting
*geometry* detected driver: pdftex
*geometry* verbose mode - [ preamble ] result:
* driver: pdftex
* paper: a4paper
* layout: <same size as paper>
* layoutoffset:(h,v)=(0.0pt,0.0pt)
* modes: 
* h-part:(L,W,R)=(72.26999pt, 452.9679pt, 72.26999pt)
* v-part:(T,H,B)=(72.26999pt, 700.50687pt, 72.26999pt)
* \paperwidth=597.50787pt
* \paperheight=845.04684pt
* \textwidth=452.9679pt
* \textheight=700.50687pt
* \oddsidemargin=0.0pt
* \evensidemargin=0.0pt
* \topmargin=-39.0pt
* \headheight=14.0pt
* \headsep=25.0pt
* \topskip=14.0pt
* \footskip=30.0pt
* \marginparwidth=15.0pt
* \marginparsep=10.0pt
* \columnsep=10.0pt
* \skip\footins=12.0pt plus 4.0pt minus 2.0pt
* \hoffset=0.0pt
* \voffset=0.0pt
* \mag=1000
* \@twocolumnfalse
* \@twosidefalse
* \@mparswitchfalse
* \@reversemarginfalse
* (1in=72.27pt=25.4mm, 1cm=28.453pt)

(/usr/share/texlive/texmf-dist/tex/context/base/mkii/supp-pdf.mkii
[Loading MPS to PDF converter (version 2006.09.02).]
\scratchcounter=\count332
\scratchdimen=\dimen289
\scratchbox=\box64
\nofMPsegments=\count333
\nofMParguments=\count334
\everyMPshowfont=\toks42
\MPscratchCnt=\count335
\MPscratchDim=\dimen290
\MPnumerator=\count336
\makeMPintoPDFobject=\count337
\everyMPtoPDFconversion=\toks43
) (/usr/share/texlive/texmf-dist/tex/latex/epstopdf-pkg/epstopdf-base.sty
Package: epstopdf-base 2020-01-24 v2.11 Base part for package epstopdf
Package epstopdf-base Info: Redefining graphics rule for `.eps' on input line 4
85.

(/usr/share/texlive/texmf-dist/tex/latex/latexconfig/epstopdf-sys.cfg
File: epstopdf-sys.cfg 2010/07/13 v1.3 Configuration of (r)epstopdf for TeX Liv
e
))
ABD: EveryShipout initializing macros

Package pgfplots Warning: running in backwards compatibility mode (unsuitable t
ick labels; missing features). Consider writing \pgfplotsset{compat=1.16} into 
your preamble.
 on input line 43.

\AtBeginShipoutBox=\box65
Package hyperref Info: Link coloring OFF on input line 43.
(/usr/share/texlive/texmf-dist/tex/latex/hyperref/nameref.sty
Package: nameref 2019/09/16 v2.46 Cross-referencing by name of section

(/usr/share/texlive/texmf-dist/tex/latex/refcount/refcount.sty
Package: refcount 2019/12/15 v3.6 Data extraction from label references (HO)
)
(/usr/share/texlive/texmf-dist/tex/generic/gettitlestring/gettitlestring.sty
Package: gettitlestring 2019/12/15 v1.6 Cleanup title references (HO)
)
\c@section@level=\count338
)
LaTeX Info: Redefining \ref on input line 43.
LaTeX Info: Redefining \pageref on input line 43.
LaTeX Info: Redefining \nameref on input line 43.

(./Definite integral.out) (./Definite integral.out)
\@outlinefile=\write4
\openout4 = `"Definite integral.out"'.

Package caption Info: Begin \AtBeginDocument code.
Package caption Info: End \AtBeginDocument code.

ABD: EverySelectfont initializing macros
LaTeX Info: Redefining \selectfont on input line 43.
 [1

{/var/lib/texmf/fonts/map/pdftex/updmap/pdftex.map}] (./Definite integral.toc
LaTeX Font Info:    Trying to load font information for U+msa on input line 3.

(/usr/share/texlive/texmf-dist/tex/latex/amsfonts/umsa.fd
File: umsa.fd 2013/01/14 v3.01 AMS symbols A
)
LaTeX Font Info:    Trying to load font information for U+msb on input line 3.

(/usr/share/texlive/texmf-dist/tex/latex/amsfonts/umsb.fd
File: umsb.fd 2013/01/14 v3.01 AMS symbols B
)pdfTeX warning (ext4): destination with the same identifier (name{page.1}) has
 been already used, duplicate ignored
<to be read again> 
                   \relax 
l.39 ...ЏРґ Р›РѕСЂР°РЅР°}{68}{subsubsection.4.3.2}
                                                  % [1])
\tf@toc=\write5
\openout5 = `"Definite integral.toc"'.

 [2]
Underfull \hbox (badness 10000) in paragraph at lines 69--71

 []


Overfull \hbox (32.8055pt too wide) in paragraph at lines 79--107
\OMS/cmsy/m/n/14.4 ([])  9\OML/cmm/m/it/14.4 A; B \OMS/cmsy/m/n/14.4 2 \U/msb/m
/n/14.4 R \OT1/cmr/m/n/14.4 : [] [] 
 []


Overfull \hbox (20.52153pt too wide) in paragraph at lines 79--107
\OMS/cmsy/m/n/14.4 ([])  \OML/cmm/m/it/14.4 u; v$ \T2A/cmr/m/n/14.4 - ди-фе-рен
-цi-йо-ва-нi в т. $\OT1/cmr/m/n/14.4 (\OML/cmm/m/it/14.4 x[]; y[]\OT1/cmr/m/n/1
4.4 )$ \T2A/cmr/m/n/14.4 та: $[]$
 []

[3]
Underfull \hbox (badness 10000) in paragraph at lines 109--112

 []


Underfull \hbox (badness 10000) in paragraph at lines 113--128

 []


Underfull \hbox (badness 10000) in paragraph at lines 129--132

 []


Underfull \hbox (badness 10000) in paragraph at lines 133--153

 []

[4]

Package hyperref Warning: Token not allowed in a PDF string (Unicode):
(hyperref)                removing `\\' on input line 154.


Overfull \hbox (8.05437pt too wide) in paragraph at lines 155--196
[] \OMS/cmsy/m/n/14.4 ) []$ 
 []

[5]
Underfull \hbox (badness 10000) in paragraph at lines 201--216

 []


Underfull \hbox (badness 10000) in paragraph at lines 221--223

 []

[6]
Underfull \hbox (badness 10000) in paragraph at lines 228--230

 []


Overfull \hbox (9.4532pt too wide) in paragraph at lines 231--272
\T2A/cmr/m/n/14.4 Також оскiль-ки $\OML/cmm/m/it/14.4 f$ \T2A/cmr/m/n/14.4 - ан
а-лi-ти-чна, то для неЁ ви-ко-ну-№-ться умо-ва Кошi-Рiмана: 
 []


Overfull \hbox (10.20425pt too wide) in paragraph at lines 231--272
\T2A/cmr/m/n/14.4 Перевiримо, що ми змо-же-мо зна-йти цю фун-кцiю че-рез iн-те-
грал за шля-хом.
 []


Overfull \hbox (3.64395pt too wide) in paragraph at lines 231--272
\T2A/cmr/m/n/14.4 Рiвнiсть № спра-ве-дли-вою в си-лу гар-мо-нi-чно-стi фун-кцiЁ
. То-му наш iн-те-грал
 []


Overfull \hbox (13.57426pt too wide) in paragraph at lines 231--272
\T2A/cmr/m/it/14.4 Дiйсно, якщо $\OML/cmm/m/it/14.4 f$ \T2A/cmr/m/it/14.4 - ана
-лi-ти-чна, то ми ви-ко-ри-сто-ву-№-мо умо-ву Кошi-Рiмана.
 []


Overfull \hbox (15.59818pt too wide) in paragraph at lines 231--272
\T2A/cmr/m/it/14.4 Якщо си-сте-му про-ди-фе-рен-цi-ю-ва-ти спо-ча-тку по $\OML/
cmm/m/it/14.4 x$\T2A/cmr/m/it/14.4 , до-да-ти оби-двi ря-до-чки,
 []


Overfull \hbox (24.07451pt too wide) in paragraph at lines 231--272
\T2A/cmr/m/it/14.4 а по-тiм зро-би-ти тi са-мi про-це-ду-ри по $\OML/cmm/m/it/1
4.4 y$\T2A/cmr/m/it/14.4 , то отри-ма-№-мо умо-ви гар-мо-нi-чних
 []


Underfull \hbox (badness 10000) in paragraph at lines 231--272

 []

[7]
<geom sense.png, id=253, 548.0475pt x 237.13594pt>
File: geom sense.png Graphic file (type png)
<use geom sense.png>
Package pdftex.def Info: geom sense.png  used on input line 296.
(pdftex.def)             Requested size: 548.04616pt x 237.13535pt.

Underfull \hbox (badness 10000) in paragraph at lines 274--299

 []

[8]
Underfull \hbox (badness 10000) in paragraph at lines 300--304

 []

[9 <./geom sense.png>]
Underfull \hbox (badness 10000) in paragraph at lines 312--324

 []


Underfull \hbox (badness 10000) in paragraph at lines 312--324

 []


Overfull \hbox (29.2549pt too wide) in paragraph at lines 326--344
\T2A/cmr/bx/n/14.4 Proposition 2.2.1. \T2A/cmr/m/n/14.4 Iн-те-грал $[] \OML/cmm
/m/it/14.4 f\OT1/cmr/m/n/14.4 (\OML/cmm/m/it/14.4 z\OT1/cmr/m/n/14.4 ) \OML/cmm
/m/it/14.4 dz$ \T2A/cmr/m/n/14.4 вiд па-ра-ме-три-за-цiЁ кри-воЁ не за-ле-жить 

 []


Overfull \hbox (14.58588pt too wide) in paragraph at lines 326--344
\T2A/cmr/bx/n/14.4 Proposition 2.2.2. \T2A/cmr/m/n/14.4 Для цьо-го ж iн-те-гра-
лу ви-ко-ну-ю-ться лi-нiй-нi вла-сти-во-стi 
 []


Overfull \hbox (66.1919pt too wide) in paragraph at lines 326--344
\OT1/cmr/m/n/14.4 = [][] [](\OML/cmm/m/it/14.4 e[]f\OT1/cmr/m/n/14.4 (\OML/cmm/
m/it/14.4 z\OT1/cmr/m/n/14.4 (\OML/cmm/m/it/14.4 t\OT1/cmr/m/n/14.4 ))\OML/cmm/
m/it/14.4 z[]\OT1/cmr/m/n/14.4 (\OML/cmm/m/it/14.4 t\OT1/cmr/m/n/14.4 )) \OML/c
mm/m/it/14.4 dt \OT1/cmr/m/n/14.4 + [] = [][] [](\OML/cmm/m/it/14.4 e[]f\OT1/cm
r/m/n/14.4 (\OML/cmm/m/it/14.4 z\OT1/cmr/m/n/14.4 (\OML/cmm/m/it/14.4 t\OT1/cmr
/m/n/14.4 ))\OML/cmm/m/it/14.4 z[]\OT1/cmr/m/n/14.4 (\OML/cmm/m/it/14.4 t\OT1/c
mr/m/n/14.4 )) \OML/cmm/m/it/14.4 dt[] 
 []


Underfull \hbox (badness 10000) in paragraph at lines 326--344

 []

[10]
<simply_connected.png, id=269, 550.30594pt x 171.64125pt>
File: simply_connected.png Graphic file (type png)
<use simply_connected.png>
Package pdftex.def Info: simply_connected.png  used on input line 348.
(pdftex.def)             Requested size: 275.1523pt x 85.8204pt.

Underfull \hbox (badness 10000) in paragraph at lines 345--352

 []


Overfull \hbox (20.86363pt too wide) in paragraph at lines 353--355
\T2A/cmr/m/n/14.4 Задана фун-кцiя $\OML/cmm/m/it/14.4 f$ \T2A/cmr/m/n/14.4 - ан
а-лi-ти-чна в однозв'язнiй обла-стi $\OML/cmm/m/it/14.4 D$\T2A/cmr/m/n/14.4 . Т
о-дi для до-вiль-но-го
 []

[11 <./simply_connected.png>]
<g1026.png, id=276, 264.23718pt x 114.4275pt>
File: g1026.png Graphic file (type png)
<use g1026.png>
Package pdftex.def Info: g1026.png  used on input line 359.
(pdftex.def)             Requested size: 264.23653pt x 114.42722pt.

Underfull \hbox (badness 10000) in paragraph at lines 357--372

 []


Overfull \hbox (20.43915pt too wide) in paragraph at lines 373--411
\OMS/cmsy/m/n/14.4 ) [] [] \OT1/cmr/m/n/14.4 = [][] [] = \OML/cmm/m/it/14.4 i [
][] e[] dt \OT1/cmr/m/n/14.4 =$ $[]$
 []


Underfull \hbox (badness 10000) in paragraph at lines 373--411

 []

[12 <./g1026.png>] [13]
<path1375.png, id=288, 364.36125pt x 207.77625pt>
File: path1375.png Graphic file (type png)
<use path1375.png>
Package pdftex.def Info: path1375.png  used on input line 418.
(pdftex.def)             Requested size: 364.36035pt x 207.77573pt.

Underfull \hbox (badness 10000) in paragraph at lines 416--425

 []

[14 <./path1375.png>]
<path1376.png, id=297, 364.36125pt x 207.77625pt>
File: path1376.png Graphic file (type png)
<use path1376.png>
Package pdftex.def Info: path1376.png  used on input line 432.
(pdftex.def)             Requested size: 364.36035pt x 207.77573pt.

Underfull \hbox (badness 10000) in paragraph at lines 430--445

 []

[15 <./path1376.png>]
Overfull \hbox (31.43848pt too wide) in paragraph at lines 450--455
\T2A/cmr/m/n/14.4 Так са-мо ра-дi-ус збi-жно-стi ви-зна-ча-№-ться або Да-лам-бе
-ром, або Кошi-Адамаром. 
 []


Underfull \hbox (badness 10000) in paragraph at lines 450--455

 []


Underfull \hbox (badness 10000) in paragraph at lines 456--463

 []


Overfull \hbox (1.78874pt too wide) in paragraph at lines 469--484
[][] [] [] \OMS/cmsy/m/n/14.4 ^^A [] \OML/cmm/m/it/14.4 d^^P \OT1/cmr/m/n/14.4 
= [] [] [] \OMS/cmsy/m/n/14.4 ^^A [] [] \OML/cmm/m/it/14.4 d^^P \OT1/cmr/m/n/14
.4 =
 []


Underfull \hbox (badness 10000) in paragraph at lines 469--484

 []

[16]
Overfull \hbox (23.02217pt too wide) in paragraph at lines 485--506
\T2A/cmr/bx/n/14.4 Proposition 2.3.4. \T2A/cmr/m/n/14.4 Якщо фун-кцiя $\OML/cmm
/m/it/14.4 f$ \T2A/cmr/m/n/14.4 ма№ пер-вi-сну в $\OML/cmm/m/it/14.4 D$\T2A/cmr
/m/n/14.4 , то во-на № ана-лi-ти-чною
 []


Underfull \hbox (badness 10000) in paragraph at lines 485--506

 []

[17]
Underfull \hbox (badness 10000) in paragraph at lines 507--522

 []

[18] [19]
Overfull \hbox (11.4578pt too wide) in paragraph at lines 546--552
[] \OT1/cmr/m/n/14.4 = [][] [] [][] = [][] = [] [](\OMS/cmsy/m/n/14.4 ^^@\OML/c
mm/m/it/14.4 t\OT1/cmr/m/n/14.4 )[] = [](\OMS/cmsy/m/n/14.4 ^^@\OT1/cmr/m/n/14.
4 1)[][]$ 
 []


Underfull \hbox (badness 10000) in paragraph at lines 546--552

 []


Underfull \hbox (badness 10000) in paragraph at lines 553--555

 []

[20]
Overfull \hbox (18.77385pt too wide) detected at line 577
[]
 []

<Pic.png, id=325, 654.94687pt x 348.55219pt>
File: Pic.png Graphic file (type png)
<use Pic.png>
Package pdftex.def Info: Pic.png  used on input line 580.
(pdftex.def)             Requested size: 458.45969pt x 243.98485pt.

Overfull \hbox (5.49179pt too wide) in paragraph at lines 580--581
[][] 
 []


Underfull \hbox (badness 10000) in paragraph at lines 577--586

 []


Overfull \hbox (7.90533pt too wide) in paragraph at lines 588--615
\T2A/cmr/m/n/14.4 но-ме-ра $\OT1/cmr/m/n/14.4 0$\T2A/cmr/m/n/14.4 . То-му всi в
и-ра-зи з дуж-ка-ми вiд $\OT1/cmr/m/n/14.4 0$ \T2A/cmr/m/n/14.4 до $\OML/cmm/m/
it/14.4 k \OMS/cmsy/m/n/14.4 ^^@ \OT1/cmr/m/n/14.4 1$ \T2A/cmr/m/n/14.4 ма-ють 
бу-ти обну-ле-ни-ми.
 []


Underfull \hbox (badness 10000) in paragraph at lines 588--615

 []

[21 <./Pic.png>]
Overfull \hbox (12.31189pt too wide) in paragraph at lines 620--631
\T2A/cmr/m/n/14.4 - го-лов-на ча-сти-на: тим-ча-со-ва за-мi-на $\OML/cmm/m/it/1
4.4 t \OT1/cmr/m/n/14.4 = []$\T2A/cmr/m/n/14.4 . То-дi отри-ма-№-мо сте-пе-не-в
ий
 []

[22]
Overfull \hbox (6.86475pt too wide) in paragraph at lines 643--665
\OT1/cmr/m/n/14.4 = [] [] [] [] \OML/cmm/m/it/14.4 d^^P \OMS/cmsy/m/n/14.4 ^^A 
\OT1/cmr/m/n/14.4 (\OML/cmm/m/it/14.4 z \OMS/cmsy/m/n/14.4 ^^@ \OML/cmm/m/it/14
.4 z[]\OT1/cmr/m/n/14.4 )[] + [] [] [] \OML/cmm/m/it/14.4 f\OT1/cmr/m/n/14.4 (\
OML/cmm/m/it/14.4 ^^P\OT1/cmr/m/n/14.4 )(\OML/cmm/m/it/14.4 ^^P \OMS/cmsy/m/n/1
4.4 ^^@ \OML/cmm/m/it/14.4 z[]\OT1/cmr/m/n/14.4 )[] \OML/cmm/m/it/14.4 d^^P \OM
S/cmsy/m/n/14.4 ^^A []$ 
 []


Underfull \hbox (badness 10000) in paragraph at lines 643--665

 []

[23]
Underfull \hbox (badness 10000) in paragraph at lines 667--676

 []

[24]
Overfull \hbox (2.56647pt too wide) in paragraph at lines 678--691
\T2A/cmr/bx/n/14.4 Theorem. \T2A/cmr/m/n/14.4 Т. $\OML/cmm/m/it/14.4 z[]$ \T2A/
cmr/m/n/14.4 - усув-на $ \OMS/cmsy/m/n/14.4 ([]) $ \T2A/cmr/m/n/14.4 при роз-кл
а-дi $\OML/cmm/m/it/14.4 f\OT1/cmr/m/n/14.4 (\OML/cmm/m/it/14.4 z\OT1/cmr/m/n/1
4.4 )$ \T2A/cmr/m/n/14.4 в Ло-ра-на всi ко-е-фi-цi-№н-ти
 []


Overfull \hbox (20.78357pt too wide) in paragraph at lines 678--691
\T2A/cmr/m/n/14.4 Усувну то-чку $\OML/cmm/m/it/14.4 z[]$ \T2A/cmr/m/n/14.4 мо-ж
на до-ви-зна-чи-ти зна-че-н-ням $\OML/cmm/m/it/14.4 c[]$ \T2A/cmr/m/n/14.4 з ря
-ду. То-дi $\OML/cmm/m/it/14.4 f$ \T2A/cmr/m/n/14.4 - ана-лi-ти-чна
 []


Underfull \hbox (badness 10000) in paragraph at lines 678--691

 []


Underfull \hbox (badness 10000) in paragraph at lines 693--723

 []

[25] [26]
Overfull \hbox (0.80472pt too wide) in paragraph at lines 725--749
\T2A/cmr/m/n/14.4 Зауважимо, що $[] \OML/cmm/m/it/14.4 z[] \OT1/cmr/m/n/14.4 = 
0$\T2A/cmr/m/n/14.4 , але $\OT1/cmr/m/n/14.4 ([] \OML/cmm/m/it/14.4 z[]\OT1/cmr
/m/n/14.4 )[] = [] \OML/cmm/m/it/14.4 z[] \OMS/cmsy/m/n/14.4 6\OT1/cmr/m/n/14.4
 = 0$\T2A/cmr/m/n/14.4 . То-му для зна-мен-ни-ку
 []


Underfull \hbox (badness 10000) in paragraph at lines 725--749

 []

[27]
Overfull \hbox (10.11726pt too wide) in paragraph at lines 757--762
\T2A/cmr/m/n/14.4 Дiйсно, оскiль-ки $\OML/cmm/m/it/14.4 f$ \T2A/cmr/m/n/14.4 - 
ана-лi-ти-чна, ми мо-же-мо роз-кла-сти на Ло-ра-на. Зокре-ма
 []


Underfull \hbox (badness 10000) in paragraph at lines 763--767

 []

[28]
Underfull \hbox (badness 10000) in paragraph at lines 769--779

 []


Underfull \hbox (badness 10000) in paragraph at lines 780--787

 []


Underfull \hbox (badness 10000) in paragraph at lines 789--802

 []

[29]
Overfull \hbox (1.83215pt too wide) in paragraph at lines 804--806
\T2A/cmr/m/n/14.4 кiль-ко-стi осо-бли-вих то-чок i за-мкне-ний кон-тур $\OML/cm
m/m/it/14.4 ^^M$\T2A/cmr/m/n/14.4 , якийй охо-плю№ осо-бли-i-вi
 []

<path1377.png, id=366, 364.36125pt x 207.77625pt>
File: path1377.png Graphic file (type png)
<use path1377.png>
Package pdftex.def Info: path1377.png  used on input line 816.
(pdftex.def)             Requested size: 364.36035pt x 207.77573pt.

Overfull \hbox (5.37071pt too wide) in paragraph at lines 808--828
\T2A/cmr/m/n/14.4 Для ко-жно-го iн-те-гра-лу з мi-ну-сом ми за-мi-ню-№-мо знак,
 змi-ню-ю-чи на-пря-мок
 []


Underfull \hbox (badness 10000) in paragraph at lines 808--828

 []

[30] [31 <./path1377.png>]
Overfull \hbox (1.64706pt too wide) in paragraph at lines 833--841
\T2A/cmr/m/n/14.4 Розглянемо за-мкне-ний кон-тур $\OML/cmm/m/it/14.4 ^^M$\T2A/c
mr/m/n/14.4 , що охо-плю№ всi скiн-чен-нi осо-бли-вi то-чки 
 []


Underfull \hbox (badness 10000) in paragraph at lines 833--841

 []


Package amsmath Warning: Foreign command \over;
(amsmath)                \frac or \genfrac should be used instead
(amsmath)                 on input line 844.

<Riemann_sphere.png, id=378, 304.13625pt x 266.49562pt>
File: Riemann_sphere.png Graphic file (type png)
<use Riemann_sphere.png>
Package pdftex.def Info: Riemann_sphere.png  used on input line 848.
(pdftex.def)             Requested size: 304.1355pt x 266.49496pt.
<Riemann_sphereINF.png, id=379, 1014.79124pt x 422.32782pt>
File: Riemann_sphereINF.png Graphic file (type png)
<use Riemann_sphereINF.png>
Package pdftex.def Info: Riemann_sphereINF.png  used on input line 858.
(pdftex.def)             Requested size: 507.39438pt x 211.16339pt.

Overfull \hbox (0.36137pt too wide) in paragraph at lines 843--863
\T2A/cmr/m/n/14.4 Через то-чку iз $\OML/cmm/m/it/14.4 XOY$ \T2A/cmr/m/n/14.4 (с
ка-жi-мо, т. $\OML/cmm/m/it/14.4 P$\T2A/cmr/m/n/14.4 ) та т. $\OML/cmm/m/it/14.
4 N$ \T2A/cmr/m/n/14.4 про-ве-де-мо пря-му. Отри-ма-№-мо
 []


Overfull \hbox (4.31201pt too wide) in paragraph at lines 843--863
\T2A/cmr/m/n/14.4 Тодi ко-жна то-чка сфе-ри вiд-по-вiд-а№ то-чцi $\OML/cmm/m/it
/14.4 XOY$\T2A/cmr/m/n/14.4 . Звiд-си якщо взя-ти якийсь
 []


Underfull \hbox (badness 10000) in paragraph at lines 843--863

 []


LaTeX Warning: `h' float specifier changed to `ht'.


LaTeX Warning: `h' float specifier changed to `ht'.

[32] [33 <./Riemann_Sphere.png>]
Underfull \hbox (badness 10000) in paragraph at lines 885--887

 []


Underfull \hbox (badness 10000) in paragraph at lines 889--904

 []

[34 <./Riemann_SphereINF.png>]
Overfull \hbox (47.13832pt too wide) in paragraph at lines 910--923
\T2A/cmr/m/n/14.4 Шукати ли-шки мо-жна за ана-ло-гi-чни-ми те-о-ре-ма-ми в за-л
е-жно-стi вiд кла-си-фi-ка-цiЁ
 []


Underfull \hbox (badness 10000) in paragraph at lines 910--923

 []

[35]
Underfull \hbox (badness 10000) in paragraph at lines 925--950

 []

[36]
Underfull \hbox (badness 10000) in paragraph at lines 958--976

 []


Underfull \hbox (badness 10000) in paragraph at lines 958--976

 []

[37]
Underfull \hbox (badness 10000) in paragraph at lines 977--985

 []

[38]
<sinless.png, id=413, 648.4225pt x 343.2825pt>
File: sinless.png Graphic file (type png)
<use sinless.png>
Package pdftex.def Info: sinless.png  used on input line 1012.
(pdftex.def)             Requested size: 389.0565pt x 205.97107pt.

Underfull \hbox (badness 10000) in paragraph at lines 998--1015

 []


LaTeX Warning: `h' float specifier changed to `ht'.


Overfull \hbox (68.39229pt too wide) in paragraph at lines 1016--1025
[] [] [] [][] \OML/cmm/m/it/14.4 e[]R dt \OT1/cmr/m/n/14.4 = [] [] [] =
 []


Overfull \hbox (69.3132pt too wide) in paragraph at lines 1016--1025
\OT1/cmr/m/n/14.4 = [] []\OML/cmm/m/it/14.4 R [] \OT1/cmr/m/n/14.4 = [] [] [] =

 []


Overfull \hbox (4.6049pt too wide) in paragraph at lines 1016--1025
\T2A/cmr/m/n/14.4 ана-лi-ти-чно на верх-ню пiв-пло-щи-ну $\U/msb/m/n/14.4 C$ \T
2A/cmr/m/n/14.4 за ви-клю-че-н-ням скiн-чен-ноЁ кiль-ко-стi
 []

[39]
Overfull \hbox (54.45738pt too wide) in paragraph at lines 1027--1032
[][] \OML/cmm/m/it/14.4 f\OT1/cmr/m/n/14.4 (\OML/cmm/m/it/14.4 x\OT1/cmr/m/n/14
.4 )\OML/cmm/m/it/14.4 e[] dx \OT1/cmr/m/n/14.4 = [] [] =
 []


Underfull \hbox (badness 10000) in paragraph at lines 1027--1032

 []

[40 <./sinless.png>] [41]
Overfull \hbox (18.01709pt too wide) in paragraph at lines 1046--1049
\T2A/cmr/m/n/14.4 Зазвичай аби роз-по-вi-сти про ря-ди Фур'№ та Ёхн№ по-яв-ле-н
-ня на свiт, не-о-бiх-дно
 []


Underfull \hbox (badness 10000) in paragraph at lines 1046--1049

 []


Underfull \hbox (badness 10000) in paragraph at lines 1046--1049

 []


Overfull \hbox (5.30183pt too wide) in paragraph at lines 1051--1093
\T2A/cmr/m/n/14.4 Будемо ви-вча-ти для ви-пад-ку $\OML/cmm/m/it/14.4 f\OT1/cmr/
m/n/14.4 (\OML/cmm/m/it/14.4 x\OT1/cmr/m/n/14.4 )$ \T2A/cmr/m/n/14.4 - дiй-сно-
зна-чна фун-кцiя (в подаль-шо-му) 
 []


Overfull \hbox (3.95604pt too wide) in paragraph at lines 1051--1093
\OML/cmm/m/it/14.4 c[] \OT1/cmr/m/n/14.4 = [] [][] \OML/cmm/m/it/14.4 f\OT1/cmr
/m/n/14.4 (\OML/cmm/m/it/14.4 x\OT1/cmr/m/n/14.4 )\OML/cmm/m/it/14.4 e[] dx \OT
1/cmr/m/n/14.4 = [] [][] \OML/cmm/m/it/14.4 f\OT1/cmr/m/n/14.4 (\OML/cmm/m/it/1
4.4 x\OT1/cmr/m/n/14.4 ) [] \OML/cmm/m/it/14.4 nx dx \OMS/cmsy/m/n/14.4 ^^@ \OM
L/cmm/m/it/14.4 i[] [][] f\OT1/cmr/m/n/14.4 (\OML/cmm/m/it/14.4 x\OT1/cmr/m/n/1
4.4 ) [] \OML/cmm/m/it/14.4 nx dx$ 
 []


Overfull \hbox (47.1144pt too wide) in paragraph at lines 1051--1093
\OT1/cmr/m/n/14.4 = [] [] =
 []

[42] [43]
Underfull \hbox (badness 10000) in paragraph at lines 1097--1111

 []

[44]
Overfull \hbox (27.15446pt too wide) in paragraph at lines 1117--1145
\OMS/cmsy/m/n/14.4 ) [][] \OML/cmm/m/it/14.4 f\OT1/cmr/m/n/14.4 (\OML/cmm/m/it/
14.4 x\OT1/cmr/m/n/14.4 ) [] \OML/cmm/m/it/14.4 ^^Ux dx \OT1/cmr/m/n/14.4 = [] 
[][] 1[](\OML/cmm/m/it/14.4 x\OT1/cmr/m/n/14.4 )\OML/cmm/m/it/14.4 c[] [] ^^Ux 
dx \OT1/cmr/m/n/14.4 = [] \OML/cmm/m/it/14.4 c[] [][] [] ^^Ux dx \OT1/cmr/m/n/1
4.4 =
 []


Overfull \hbox (26.59653pt too wide) in paragraph at lines 1117--1145
\OMS/cmsy/m/n/14.4 ) [] \OT1/cmr/m/n/14.4 = [] \OMS/cmsy/m/n/14.4 ^^T
 []


Overfull \hbox (66.87611pt too wide) in paragraph at lines 1117--1145
[] \OMS/cmsy/m/n/14.4 ^^T [] \OT1/cmr/m/n/14.4 + [][] 
 []


Overfull \hbox (15.33333pt too wide) in paragraph at lines 1117--1145
\T2A/cmr/m/n/14.4 г) ви-па-док не-вла-сно-го iн-те-гра-лу, що збi-жний аб-со-лю
-тно, тоб-то (на-при-клад) 
 []


Underfull \hbox (badness 10000) in paragraph at lines 1117--1145

 []

[45]
Overfull \hbox (37.20381pt too wide) in paragraph at lines 1146--1175
\OML/cmm/m/it/14.4 S[]\OT1/cmr/m/n/14.4 (\OML/cmm/m/it/14.4 x\OT1/cmr/m/n/14.4 
) = [] [][] \OML/cmm/m/it/14.4 f\OT1/cmr/m/n/14.4 (\OML/cmm/m/it/14.4 t\OT1/cmr
/m/n/14.4 ) \OML/cmm/m/it/14.4 dt \OT1/cmr/m/n/14.4 + [] [] [][] \OML/cmm/m/it/
14.4 f\OT1/cmr/m/n/14.4 (\OML/cmm/m/it/14.4 t\OT1/cmr/m/n/14.4 ) [] \OML/cmm/m/
it/14.4 nt dt [] nx \OT1/cmr/m/n/14.4 + [][] \OML/cmm/m/it/14.4 f\OT1/cmr/m/n/1
4.4 (\OML/cmm/m/it/14.4 t\OT1/cmr/m/n/14.4 ) [] \OML/cmm/m/it/14.4 nt dt [] nx 
\OT1/cmr/m/n/14.4 =
 []


Overfull \hbox (79.4192pt too wide) in paragraph at lines 1146--1175
\OT1/cmr/m/n/14.4 = [] + [] [] [] 
 []

[46]
Overfull \hbox (18.02486pt too wide) in paragraph at lines 1177--1214
\T2A/cmr/m/n/14.4 Можемо за-сто-су-ва-ти ле-му Рi-ма-на. Але тре-ба за-зна-чи-т
и, що $[][] [] \OML/cmm/m/it/14.4 du$
 []


Overfull \hbox (10.77669pt too wide) in paragraph at lines 1177--1214
\T2A/cmr/m/n/14.4 збi-жний аб-со-лю-тно. Пе-ре-вi-ри-мо за озна-кою по-рiв-ня-н
-ня в гра-ни-чнiй фор-мi. 
 []


Underfull \hbox (badness 10000) in paragraph at lines 1177--1214

 []

[47] [48]
Overfull \hbox (1.56969pt too wide) in paragraph at lines 1215--1238
\OT1/cmr/m/n/14.4 = [] [] \OMS/cmsy/m/n/14.4 j\OML/cmm/m/it/14.4 f[]\OT1/cmr/m/
n/14.4 (\OML/cmm/m/it/14.4 x[]; \OT1/cmr/m/n/14.4 +) + \OML/cmm/m/it/14.4 f[]\O
T1/cmr/m/n/14.4 (\OML/cmm/m/it/14.4 x[]; \OMS/cmsy/m/n/14.4 ^^@\OT1/cmr/m/n/14.
4 )\OMS/cmsy/m/n/14.4 j$ 
 []


Underfull \hbox (badness 10000) in paragraph at lines 1215--1238

 []

[49]
<FourierExpansion.png, id=464, 872.25874pt x 497.86pt>
File: FourierExpansion.png Graphic file (type png)
<use FourierExpansion.png>
Package pdftex.def Info: FourierExpansion.png  used on input line 1257.
(pdftex.def)             Requested size: 523.35928pt x 298.71829pt.

Overfull \hbox (0.7065pt too wide) in paragraph at lines 1239--1261
\T2A/cmr/m/it/14.4 факт, що фун-кцiя - не-пар-на; або пло-ща фi-гу-ри $\OT1/cmr
/m/n/14.4 [3\OML/cmm/m/it/14.4 ; \OT1/cmr/m/n/14.4 6]$ \T2A/cmr/m/it/14.4 рiв-н
ий про-ти-ле-жно
 []


Underfull \hbox (badness 10000) in paragraph at lines 1239--1261

 []

[50]
Overfull \hbox (5.86807pt too wide) in paragraph at lines 1263--1303
\T2A/cmr/bx/n/14.4 Remark! \T2A/cmr/m/n/14.4 Фун-кцiю з при-кла-ду мо-жна роз-к
ла-сти в ряд Фур'№ стан-дар-тним
 []


Underfull \hbox (badness 10000) in paragraph at lines 1263--1303

 []

[51 <./FourierExpansion.png>] [52]
Underfull \hbox (badness 10000) in paragraph at lines 1309--1323

 []


Underfull \hbox (badness 10000) in paragraph at lines 1325--1334

 []

[53]
Overfull \hbox (36.71585pt too wide) in paragraph at lines 1335--1360
[] \OT1/cmr/m/n/14.4 = [] \OMS/cmsy/m/n/14.4 ^^T [] \OT1/cmr/m/n/14.4 + [] \OML
/cmm/m/it/14.4 <
 []

[54]
Overfull \hbox (22.67075pt too wide) in paragraph at lines 1362--1387
[][] [][]  \OML/cmm/m/it/14.4 dx \OT1/cmr/m/n/14.4 = [][] \OML/cmm/m/it/14.4 f[
]\OT1/cmr/m/n/14.4 (\OML/cmm/m/it/14.4 x\OT1/cmr/m/n/14.4 ) \OML/cmm/m/it/14.4 
dx \OMS/cmsy/m/n/14.4 ^^@ \OT1/cmr/m/n/14.4 2 [][] \OML/cmm/m/it/14.4 f\OT1/cmr
/m/n/14.4 (\OML/cmm/m/it/14.4 x\OT1/cmr/m/n/14.4 )\OML/cmm/m/it/14.4 S[]\OT1/cm
r/m/n/14.4 (\OML/cmm/m/it/14.4 x\OT1/cmr/m/n/14.4 ) \OML/cmm/m/it/14.4 dx \OT1/
cmr/m/n/14.4 + [][] \OML/cmm/m/it/14.4 S[]\OT1/cmr/m/n/14.4 (\OML/cmm/m/it/14.4
 x\OT1/cmr/m/n/14.4 ) \OML/cmm/m/it/14.4 dx \OT1/cmr/m/n/14.4 =
 []


Overfull \hbox (21.62492pt too wide) in paragraph at lines 1362--1387
\OMS/cmsy/m/n/14.4 ^^@ \OT1/cmr/m/n/14.4 2 [] +
 []


Overfull \hbox (4.7875pt too wide) in paragraph at lines 1362--1387
\T2A/cmr/m/n/14.4 Також звiд-си ви-пли-ва№, що $[][] [] \OML/cmm/m/it/14.4 nx [
] mx dx \OT1/cmr/m/n/14.4 = [][] [] \OML/cmm/m/it/14.4 nx [] mx dx \OT1/cmr/m/n
/14.4 =
 []


Overfull \hbox (73.75632pt too wide) in paragraph at lines 1362--1387
[] [][] \OML/cmm/m/it/14.4 f[]\OT1/cmr/m/n/14.4 (\OML/cmm/m/it/14.4 x\OT1/cmr/m
/n/14.4 ) \OML/cmm/m/it/14.4 dx \OMS/cmsy/m/n/14.4 ^^@ [] ^^@ \OT1/cmr/m/n/14.4
 2\OML/cmm/m/it/14.4 ^^Y [] a[] \OT1/cmr/m/n/14.4 + \OML/cmm/m/it/14.4 b[] \OT1
/cmr/m/n/14.4 + [] [] =
 []

[55]
Underfull \hbox (badness 10000) in paragraph at lines 1389--1391

 []

[56]
LaTeX Font Info:    Trying to load font information for U+rsfso on input line 1
397.
 (/usr/share/texlive/texmf-dist/tex/latex/rsfso/ursfso.fd
File: ursfso.fd 2011/02/13 Fontinst v1.933 font definitions for U/rsfso.
)
LaTeX Font Info:    Font shape `U/rsfso/m/n' will be
(Font)              scaled to size 14.4pt on input line 1397.
LaTeX Font Info:    Font shape `U/rsfso/m/n' will be
(Font)              scaled to size 10.0pt on input line 1397.
LaTeX Font Info:    Font shape `U/rsfso/m/n' will be
(Font)              scaled to size 7.0pt on input line 1397.
\tmpboxcontent=\box66

Overfull \hbox (28.15497pt too wide) in paragraph at lines 1397--1442
\T2A/cmr/m/n/14.4 1. За озна-кою Вейер-штрас-са та умо-вою вла-сти-во-стi, $\OM
S/cmsy/m/n/14.4 j\OML/cmm/m/it/14.4 f\OT1/cmr/m/n/14.4 (\OML/cmm/m/it/14.4 x\OT
1/cmr/m/n/14.4 )\OML/cmm/m/it/14.4 e[]\OMS/cmsy/m/n/14.4 j \OT1/cmr/m/n/14.4 = 
\OMS/cmsy/m/n/14.4 j\OML/cmm/m/it/14.4 f\OT1/cmr/m/n/14.4 (\OML/cmm/m/it/14.4 x
\OT1/cmr/m/n/14.4 )\OMS/cmsy/m/n/14.4 jj\OML/cmm/m/it/14.4 e[]\OMS/cmsy/m/n/14.
4 j \OT1/cmr/m/n/14.4 =
 []


Overfull \hbox (5.37364pt too wide) in paragraph at lines 1397--1442
\T2A/cmr/m/n/14.4 Обчислимо фор-маль-но, чо-му до-рiв-ню№ пра-ва ча-сти-на (нам
 по-ки не-вi-до-мо,
 []


Overfull \hbox (26.28139pt too wide) in paragraph at lines 1397--1442
[][] [][]  \OML/cmm/m/it/14.4 dx \OT1/cmr/m/n/14.4 = [][] \OML/cmm/m/it/14.4 f\
OT1/cmr/m/n/14.4 (\OML/cmm/m/it/14.4 x\OT1/cmr/m/n/14.4 )(\OML/cmm/m/it/14.4 ix
\OT1/cmr/m/n/14.4 )[]\OML/cmm/m/it/14.4 e[] dx$\T2A/cmr/m/n/14.4 . €Ё ми пе-ре-
вi-ри-мо на рiв-но-мiр-ну
 []


Overfull \hbox (17.23218pt too wide) in paragraph at lines 1397--1442
\T2A/cmr/m/n/14.4 Скориста№мось фа-ктом (ко-лись дав-но з 2 се-ме-стру), що $[]
[] []$ - збi-жний.
 []


Underfull \hbox (badness 10000) in paragraph at lines 1397--1442

 []

[57] [58]
Underfull \hbox (badness 10000) in paragraph at lines 1448--1485

 []


Overfull \hbox (43.1678pt too wide) in paragraph at lines 1448--1485
[] [][] [] \OML/cmm/m/it/14.4 e[] d^^U \OT1/cmr/m/n/14.4 = [] [] [][] [] \OML/c
mm/m/it/14.4 e[] d^^U$ 
 []


Underfull \hbox (badness 10000) in paragraph at lines 1448--1485

 []


Overfull \hbox (1.02983pt too wide) in paragraph at lines 1448--1485
\T2A/cmr/m/n/14.4 2) Якщо $\OML/cmm/m/it/14.4 f$ \T2A/cmr/m/n/14.4 - ди-фе-рен-
цi-йо-ва-на в лi-во-му та пра-во-му око-лi т. $\OML/cmm/m/it/14.4 x[]$\T2A/cmr/
m/n/14.4 , то $[]\OT1/cmr/m/n/14.4 (\OML/cmm/m/it/14.4 x[]\OT1/cmr/m/n/14.4 ) =

 []


Underfull \hbox (badness 10000) in paragraph at lines 1448--1485

 []

[59] [60]
Overfull \hbox (3.74765pt too wide) in paragraph at lines 1511--1554
\T2A/cmr/m/n/14.4 1. $\OML/cmm/m/it/14.4 f\OT1/cmr/m/n/14.4 (\OML/cmm/m/it/14.4
 t\OT1/cmr/m/n/14.4 ) = [] \OML/cmm/m/it/14.4 t$\T2A/cmr/m/n/14.4 . (тут ав-то-
ма-ти-чно вва-жа-№-мо, що ви-ко-ну-№-ться пер-ша умо-ва).
 []


Underfull \hbox (badness 10000) in paragraph at lines 1511--1554

 []


Underfull \hbox (badness 10000) in paragraph at lines 1511--1554

 []


Overfull \hbox (15.36444pt too wide) in paragraph at lines 1511--1554
\T2A/cmr/m/n/14.4 Зробимо ана-ло-гi-чнi кро-ки, та отри-ма-№-мо, що дрiб пря-му
№ до не-скiн-чен-но-стi,
 []


Overfull \hbox (19.35823pt too wide) in paragraph at lines 1511--1554
\T2A/cmr/m/n/14.4 Пункт 3 ви-ко-ну-№-ться, то-му $\OML/cmm/m/it/14.4 h$ \T2A/cm
r/m/n/14.4 - ори-гi-нал. Бiльш то-го, $\OML/cmm/m/it/14.4 ^^[\OT1/cmr/m/n/14.4 
(\OML/cmm/m/it/14.4 h\OT1/cmr/m/n/14.4 ) = []\OMS/cmsy/m/n/14.4 f\OML/cmm/m/it/
14.4 ^^[\OT1/cmr/m/n/14.4 (\OML/cmm/m/it/14.4 f\OT1/cmr/m/n/14.4 )\OML/cmm/m/it
/14.4 ; ^^[\OT1/cmr/m/n/14.4 (\OML/cmm/m/it/14.4 g\OT1/cmr/m/n/14.4 )\OMS/cmsy/
m/n/14.4 g$ 
 []


Underfull \hbox (badness 10000) in paragraph at lines 1511--1554

 []

[61]
Overfull \hbox (23.91357pt too wide) in paragraph at lines 1556--1576
\OML/cmm/m/it/14.4 < [][] \OMS/cmsy/m/n/14.4 j\OML/cmm/m/it/14.4 f\OT1/cmr/m/n/
14.4 (\OML/cmm/m/it/14.4 s\OT1/cmr/m/n/14.4 )\OMS/cmsy/m/n/14.4 jj\OML/cmm/m/it
/14.4 g\OT1/cmr/m/n/14.4 (\OML/cmm/m/it/14.4 t \OMS/cmsy/m/n/14.4 ^^@ \OML/cmm/
m/it/14.4 s\OT1/cmr/m/n/14.4 )\OMS/cmsy/m/n/14.4 j \OML/cmm/m/it/14.4 ds < [][]
 M[]e[]M[]e[] ds \OT1/cmr/m/n/14.4 = \OML/cmm/m/it/14.4 e[]M[]M[] [][] e[] ds \
OT1/cmr/m/n/14.4 =
 []


Underfull \hbox (badness 10000) in paragraph at lines 1556--1576

 []

[62]

LaTeX Warning: `!h' float specifier changed to `!ht'.


Overfull \hbox (9.18031pt too wide) in paragraph at lines 1609--1683
\OMS/cmsy/m/n/14.4 j\OML/cmm/m/it/14.4 F\OT1/cmr/m/n/14.4 (\OML/cmm/m/it/14.4 p
\OT1/cmr/m/n/14.4 )\OMS/cmsy/m/n/14.4 j \OT1/cmr/m/n/14.4 = [] \OMS/cmsy/m/n/14
.4 ^^T [][] j\OML/cmm/m/it/14.4 f\OT1/cmr/m/n/14.4 (\OML/cmm/m/it/14.4 t\OT1/cm
r/m/n/14.4 )\OMS/cmsy/m/n/14.4 jj\OML/cmm/m/it/14.4 e[]\OMS/cmsy/m/n/14.4 j \OM
L/cmm/m/it/14.4 dt \OT1/cmr/m/n/14.4 = [][] \OMS/cmsy/m/n/14.4 j\OML/cmm/m/it/1
4.4 f\OT1/cmr/m/n/14.4 (\OML/cmm/m/it/14.4 t\OT1/cmr/m/n/14.4 )\OMS/cmsy/m/n/14
.4 j\OML/cmm/m/it/14.4 e[] dt <$ 
 []


Overfull \hbox (30.5355pt too wide) in paragraph at lines 1609--1683
\T2A/cmr/m/n/14.4 4. $\OML/cmm/m/it/14.4 f[]\OT1/cmr/m/n/14.4 (\OML/cmm/m/it/14
.4 t\OT1/cmr/m/n/14.4 ) \OMS/cmsy/m/n/14.4 $ [][] \OML/cmm/m/it/14.4 f[]\OT1/cm
r/m/n/14.4 (\OML/cmm/m/it/14.4 t\OT1/cmr/m/n/14.4 )\OML/cmm/m/it/14.4 e[] dt []
 f\OT1/cmr/m/n/14.4 (\OML/cmm/m/it/14.4 t\OT1/cmr/m/n/14.4 )\OML/cmm/m/it/14.4 
e[][][] \OMS/cmsy/m/n/14.4 ^^@ \OT1/cmr/m/n/14.4 (\OMS/cmsy/m/n/14.4 ^^@\OML/cm
m/m/it/14.4 p\OT1/cmr/m/n/14.4 ) [][] \OML/cmm/m/it/14.4 f\OT1/cmr/m/n/14.4 (\O
ML/cmm/m/it/14.4 t\OT1/cmr/m/n/14.4 )\OML/cmm/m/it/14.4 e[] dt \OT1/cmr/m/n/14.
4 =$ 
 []


Overfull \hbox (17.7887pt too wide) in paragraph at lines 1609--1683
\T2A/cmr/m/n/14.4 6. $\OML/cmm/m/it/14.4 tf\OT1/cmr/m/n/14.4 (\OML/cmm/m/it/14.
4 t\OT1/cmr/m/n/14.4 ) \OMS/cmsy/m/n/14.4 $ [][] \OML/cmm/m/it/14.4 tf\OT1/cmr/
m/n/14.4 (\OML/cmm/m/it/14.4 t\OT1/cmr/m/n/14.4 )\OML/cmm/m/it/14.4 e[] \OT1/cm
r/m/n/14.4 = \OMS/cmsy/m/n/14.4 ^^@ [][] \OML/cmm/m/it/14.4 f\OT1/cmr/m/n/14.4 
(\OML/cmm/m/it/14.4 t\OT1/cmr/m/n/14.4 )(\OML/cmm/m/it/14.4 e[]\OT1/cmr/m/n/14.
4 )[] \OML/cmm/m/it/14.4 dt \OT1/cmr/m/n/14.4 = \OMS/cmsy/m/n/14.4 ^^@ [][] \OT
1/cmr/m/n/14.4 =
 []


Overfull \hbox (4.04486pt too wide) in paragraph at lines 1609--1683
\OT1/cmr/m/n/14.4 = [][] [][] \OML/cmm/m/it/14.4 f\OT1/cmr/m/n/14.4 (\OML/cmm/m
/it/14.4 s\OT1/cmr/m/n/14.4 )\OML/cmm/m/it/14.4 g\OT1/cmr/m/n/14.4 (\OML/cmm/m/
it/14.4 y\OT1/cmr/m/n/14.4 )\OML/cmm/m/it/14.4 e[] ds dy \OT1/cmr/m/n/14.4 = []
[] \OML/cmm/m/it/14.4 g\OT1/cmr/m/n/14.4 (\OML/cmm/m/it/14.4 y\OT1/cmr/m/n/14.4
 )\OML/cmm/m/it/14.4 e[] dy [][] f\OT1/cmr/m/n/14.4 (\OML/cmm/m/it/14.4 s\OT1/c
mr/m/n/14.4 )\OML/cmm/m/it/14.4 e[] ds \OT1/cmr/m/n/14.4 =
 []

[63] [64] [65] [66]
Overfull \hbox (91.46948pt too wide) in paragraph at lines 1685--1702
\OT1/cmr/m/n/14.4 = [] [][] []  \OML/cmm/m/it/14.4 d^^U [] [] [][] []  dy$ 
 []


Overfull \hbox (31.719pt too wide) in paragraph at lines 1685--1702
\T2A/cmr/m/n/14.4 та кра-си-ве до-ве-де-н-ня бу-де в книж-цi Ти-хо-но-ва "Те-о-
рия фун-кций ком-пле-ксно-го
 []


Underfull \hbox (badness 10000) in paragraph at lines 1685--1702

 []

[67]
Overfull \hbox (69.13866pt too wide) in paragraph at lines 1707--1716
\OT1/cmr/m/n/14.4 = [] [][] \OML/cmm/m/it/14.4 F\OT1/cmr/m/n/14.4 (\OML/cmm/m/i
t/14.4 x \OT1/cmr/m/n/14.4 + \OML/cmm/m/it/14.4 iy\OT1/cmr/m/n/14.4 )\OML/cmm/m
/it/14.4 e[] dy [] []e[] [][] g\OT1/cmr/m/n/14.4 (\OML/cmm/m/it/14.4 y\OT1/cmr/
m/n/14.4 )\OML/cmm/m/it/14.4 e[] dy []
 []


Underfull \hbox (badness 10000) in paragraph at lines 1707--1716

 []


Overfull \hbox (32.86458pt too wide) in paragraph at lines 1717--1718
\T2A/cmr/bx/n/14.4 Lemma. \T2A/cmr/m/n/14.4 За-да-ний $\OML/cmm/m/it/14.4 f\OT1
/cmr/m/n/14.4 (\OML/cmm/m/it/14.4 t\OT1/cmr/m/n/14.4 )$\T2A/cmr/m/n/14.4 , $\OM
L/cmm/m/it/14.4 F\OT1/cmr/m/n/14.4 (\OML/cmm/m/it/14.4 p\OT1/cmr/m/n/14.4 )$ \T
2A/cmr/m/n/14.4 - ди-фе-рен-цi-йо-ва-ний ори-гi-нал та йо-го зо-бра-же-н-ня.
 []


Underfull \hbox (badness 10000) in paragraph at lines 1720--1723

 []


Overfull \hbox (46.97351pt too wide) in paragraph at lines 1725--1761
\T2A/cmr/bx/n/14.4 Example 4.4.1. \T2A/cmr/m/n/14.4 Розв'язати си-сте-му ди-фе-
рен-цi-аль-них рiв-нянь: $[]$ 
 []


Overfull \hbox (33.51227pt too wide) in paragraph at lines 1725--1761
[]$ \T2A/cmr/m/n/14.4 Об-чи-сли-мо си-сте-му, розв'язуючи вiд-но-сно $\OML/cmm/
m/it/14.4 X\OT1/cmr/m/n/14.4 (\OML/cmm/m/it/14.4 p\OT1/cmr/m/n/14.4 )\OML/cmm/m
/it/14.4 ; Y\OT1/cmr/m/n/14.4 (\OML/cmm/m/it/14.4 p\OT1/cmr/m/n/14.4 )$\T2A/cmr
/m/n/14.4 .
 []


Overfull \hbox (9.64035pt too wide) in paragraph at lines 1725--1761
\T2A/cmr/m/n/14.4 I на-ре-штi, за-ува-жи-мо згор-тку: $[][] []\OT1/cmr/m/n/14.4
 (\OML/cmm/m/it/14.4 t \OMS/cmsy/m/n/14.4 ^^@ \OML/cmm/m/it/14.4 ^^\\OT1/cmr/m/
n/14.4 )\OML/cmm/m/it/14.4 x\OT1/cmr/m/n/14.4 (\OML/cmm/m/it/14.4 ^^\\OT1/cmr/m
/n/14.4 ) \OML/cmm/m/it/14.4 d^^\ \OT1/cmr/m/n/14.4 = \OML/cmm/m/it/14.4 ch \OM
S/cmsy/m/n/14.4 ^^C \OML/cmm/m/it/14.4 x\OT1/cmr/m/n/14.4 (\OML/cmm/m/it/14.4 t
\OT1/cmr/m/n/14.4 ) \OMS/cmsy/m/n/14.4 ! []\OML/cmm/m/it/14.4 X\OT1/cmr/m/n/14.
4 (\OML/cmm/m/it/14.4 p\OT1/cmr/m/n/14.4 )$
 []

[68] [69]
Package atveryend Info: Empty hook `BeforeClearDocument' on input line 1761.
Package atveryend Info: Empty hook `AfterLastShipout' on input line 1761.
 (./Definite integral.aux)
Package atveryend Info: Executing hook `AtVeryEndDocument' on input line 1761.
Package atveryend Info: Executing hook `AtEndAfterFileList' on input line 1761.

Package rerunfilecheck Info: File `"Definite integral".out' has not changed.
(rerunfilecheck)             Checksum: 4EE531F3EAE3C5779BACEEAAAD610C38;8434.
Package atveryend Info: Empty hook `AtVeryVeryEnd' on input line 1761.
 ) 
Here is how much of TeX's memory you used:
 35446 strings out of 481239
 783839 string characters out of 5920376
 1146052 words of memory out of 5000000
 49968 multiletter control sequences out of 15000+600000
 544931 words of font info for 51 fonts, out of 8000000 for 9000
 1141 hyphenation exceptions out of 8191
 68i,21n,98p,939b,609s stack positions out of 5000i,500n,10000p,200000b,80000s
{/usr/share/texmf/fonts/enc/dvips/cm-super/cm-super-t2a.enc}</usr/share/texli
ve/texmf-dist/fonts/type1/public/amsfonts/cm/cmex10.pfb></usr/share/texlive/tex
mf-dist/fonts/type1/public/amsfonts/cm/cmmi10.pfb></usr/share/texlive/texmf-dis
t/fonts/type1/public/amsfonts/cm/cmmi12.pfb></usr/share/texlive/texmf-dist/font
s/type1/public/amsfonts/cm/cmmi7.pfb></usr/share/texlive/texmf-dist/fonts/type1
/public/amsfonts/cm/cmr10.pfb></usr/share/texlive/texmf-dist/fonts/type1/public
/amsfonts/cm/cmr12.pfb></usr/share/texlive/texmf-dist/fonts/type1/public/amsfon
ts/cm/cmr7.pfb></usr/share/texlive/texmf-dist/fonts/type1/public/amsfonts/cm/cm
sy10.pfb></usr/share/texlive/texmf-dist/fonts/type1/public/amsfonts/cm/cmsy7.pf
b></usr/share/texlive/texmf-dist/fonts/type1/public/amsfonts/symbols/msam10.pfb
></usr/share/texlive/texmf-dist/fonts/type1/public/amsfonts/symbols/msbm10.pfb>
</usr/share/texlive/texmf-dist/fonts/type1/public/rsfs/rsfs10.pfb></usr/share/t
exmf/fonts/type1/public/cm-super/sfbx1440.pfb></usr/share/texmf/fonts/type1/pub
lic/cm-super/sfbx1728.pfb></usr/share/texmf/fonts/type1/public/cm-super/sfbx207
4.pfb></usr/share/texmf/fonts/type1/public/cm-super/sfrm1000.pfb></usr/share/te
xmf/fonts/type1/public/cm-super/sfrm1440.pfb></usr/share/texmf/fonts/type1/publ
ic/cm-super/sfti1000.pfb></usr/share/texmf/fonts/type1/public/cm-super/sfti1440
.pfb>
Output written on "Definite integral.pdf" (70 pages, 691316 bytes).
PDF statistics:
 646 PDF objects out of 1000 (max. 8388607)
 527 compressed objects within 6 object streams
 123 named destinations out of 1000 (max. 500000)
 380 words of extra memory for PDF output out of 10000 (max. 10000000)

