This is pdfTeX, Version 3.14159265-2.6-1.40.20 (TeX Live 2019/Debian) (preloaded format=pdflatex 2020.11.25)  6 JAN 2022 19:19
entering extended mode
 restricted \write18 enabled.
 %&-line parsing enabled.
**Diffeq.tex
(./Diffeq.tex
LaTeX2e <2020-02-02> patch level 2
L3 programming layer <2020-02-14>
(/usr/share/texlive/texmf-dist/tex/latex/extsizes/extarticle.cls
Document Class: extarticle 1996/10/08 v1.0 Non Standard LaTeX document class
(/usr/share/texlive/texmf-dist/tex/latex/extsizes/size14.clo
File: size14.clo 1999/11/11 v1.4a NON-Standard LaTeX file (size option)
)
(/usr/share/texlive/texmf-dist/tex/latex/base/exscale.sty
Package: exscale 2018/09/24 v2.1i Standard LaTeX package exscale
LaTeX Font Info:    Redeclaring symbol font `largesymbols' on input line 57.
LaTeX Font Info:    Overwriting symbol font `largesymbols' in version `normal'
(Font)                  OMX/cmex/m/n --> OMX/cmex/m/n on input line 57.
LaTeX Font Info:    Overwriting symbol font `largesymbols' in version `bold'
(Font)                  OMX/cmex/m/n --> OMX/cmex/m/n on input line 57.
\big@size=\dimen134
)
\c@part=\count167
\c@section=\count168
\c@subsection=\count169
\c@subsubsection=\count170
\c@paragraph=\count171
\c@subparagraph=\count172
\c@figure=\count173
\c@table=\count174
\abovecaptionskip=\skip47
\belowcaptionskip=\skip48
\bibindent=\dimen135
)
(/usr/share/texlive/texmf-dist/tex/latex/geometry/geometry.sty
Package: geometry 2020/01/02 v5.9 Page Geometry

(/usr/share/texlive/texmf-dist/tex/latex/graphics/keyval.sty
Package: keyval 2014/10/28 v1.15 key=value parser (DPC)
\KV@toks@=\toks14
)
(/usr/share/texlive/texmf-dist/tex/generic/iftex/ifvtex.sty
Package: ifvtex 2019/10/25 v1.7 ifvtex legacy package. Use iftex instead.

(/usr/share/texlive/texmf-dist/tex/generic/iftex/iftex.sty
Package: iftex 2019/11/07 v1.0c TeX engine tests
))
\Gm@cnth=\count175
\Gm@cntv=\count176
\c@Gm@tempcnt=\count177
\Gm@bindingoffset=\dimen136
\Gm@wd@mp=\dimen137
\Gm@odd@mp=\dimen138
\Gm@even@mp=\dimen139
\Gm@layoutwidth=\dimen140
\Gm@layoutheight=\dimen141
\Gm@layouthoffset=\dimen142
\Gm@layoutvoffset=\dimen143
\Gm@dimlist=\toks15
)
(/usr/share/texlive/texmf-dist/tex/latex/amsfonts/amsfonts.sty
Package: amsfonts 2013/01/14 v3.01 Basic AMSFonts support
\@emptytoks=\toks16
\symAMSa=\mathgroup4
\symAMSb=\mathgroup5
LaTeX Font Info:    Redeclaring math symbol \hbar on input line 98.
LaTeX Font Info:    Overwriting math alphabet `\mathfrak' in version `bold'
(Font)                  U/euf/m/n --> U/euf/b/n on input line 106.
)
(/usr/share/texlive/texmf-dist/tex/latex/amsmath/amsmath.sty
Package: amsmath 2020/01/20 v2.17e AMS math features
\@mathmargin=\skip49

For additional information on amsmath, use the `?' option.
(/usr/share/texlive/texmf-dist/tex/latex/amsmath/amstext.sty
Package: amstext 2000/06/29 v2.01 AMS text

(/usr/share/texlive/texmf-dist/tex/latex/amsmath/amsgen.sty
File: amsgen.sty 1999/11/30 v2.0 generic functions
\@emptytoks=\toks17
\ex@=\dimen144
))
(/usr/share/texlive/texmf-dist/tex/latex/amsmath/amsbsy.sty
Package: amsbsy 1999/11/29 v1.2d Bold Symbols
\pmbraise@=\dimen145
)
(/usr/share/texlive/texmf-dist/tex/latex/amsmath/amsopn.sty
Package: amsopn 2016/03/08 v2.02 operator names
)
\inf@bad=\count178
LaTeX Info: Redefining \frac on input line 227.
\uproot@=\count179
\leftroot@=\count180
LaTeX Info: Redefining \overline on input line 389.
\classnum@=\count181
\DOTSCASE@=\count182
LaTeX Info: Redefining \ldots on input line 486.
LaTeX Info: Redefining \dots on input line 489.
LaTeX Info: Redefining \cdots on input line 610.
\Mathstrutbox@=\box45
\strutbox@=\box46
\big@size=\dimen146
LaTeX Font Info:    Redeclaring font encoding OML on input line 733.
LaTeX Font Info:    Redeclaring font encoding OMS on input line 734.
\macc@depth=\count183
\c@MaxMatrixCols=\count184
\dotsspace@=\muskip16
\c@parentequation=\count185
\dspbrk@lvl=\count186
\tag@help=\toks18
\row@=\count187
\column@=\count188
\maxfields@=\count189
\andhelp@=\toks19
\eqnshift@=\dimen147
\alignsep@=\dimen148
\tagshift@=\dimen149
\tagwidth@=\dimen150
\totwidth@=\dimen151
\lineht@=\dimen152
\@envbody=\toks20
\multlinegap=\skip50
\multlinetaggap=\skip51
\mathdisplay@stack=\toks21
LaTeX Info: Redefining \[ on input line 2859.
LaTeX Info: Redefining \] on input line 2860.
)
(/usr/share/texlive/texmf-dist/tex/latex/amsfonts/amssymb.sty
Package: amssymb 2013/01/14 v3.01 AMS font symbols
)
(/usr/share/texlive/texmf-dist/tex/latex/hyphenat/hyphenat.sty
Package: hyphenat 2009/09/02 v2.3c hyphenation utilities
\langwohyphens=\language85
LaTeX Info: Redefining \_ on input line 43.
)
(/usr/share/texlive/texmf-dist/tex/latex/fancyhdr/fancyhdr.sty
Package: fancyhdr 2019/01/31 v3.10 Extensive control of page headers and footer
s
\f@nch@headwidth=\skip52
\f@nch@O@elh=\skip53
\f@nch@O@erh=\skip54
\f@nch@O@olh=\skip55
\f@nch@O@orh=\skip56
\f@nch@O@elf=\skip57
\f@nch@O@erf=\skip58
\f@nch@O@olf=\skip59
\f@nch@O@orf=\skip60
)
(/usr/share/texlive/texmf-dist/tex/latex/base/inputenc.sty
Package: inputenc 2018/08/11 v1.3c Input encoding file
\inpenc@prehook=\toks22
\inpenc@posthook=\toks23
)
(/usr/share/texlive/texmf-dist/tex/generic/babel/babel.sty
Package: babel 2020/02/14 3.40 The Babel package

(/usr/share/texlive/texmf-dist/tex/generic/babel/switch.def
File: switch.def 2020/02/14 3.40 Babel switching mechanism
)
(/usr/share/texlive/texmf-dist/tex/generic/babel-english/english.ldf
Language: english 2017/06/06 v3.3r English support from the babel system

(/usr/share/texlive/texmf-dist/tex/generic/babel/babel.def
File: babel.def 2020/02/14 3.40 Babel common definitions
\babel@savecnt=\count190
\U@D=\dimen153

(/usr/share/texlive/texmf-dist/tex/generic/babel/txtbabel.def)
\bbl@readstream=\read2
\bbl@dirlevel=\count191
)
Package babel Info: \l@canadian = using hyphenrules for english
(babel)             (\language0) on input line 102.
Package babel Info: \l@australian = using hyphenrules for ukenglish
(babel)             (\language49) on input line 105.
Package babel Info: \l@newzealand = using hyphenrules for ukenglish
(babel)             (\language49) on input line 108.
)
(/usr/share/texlive/texmf-dist/tex/generic/babel-ukrainian/ukraineb.ldf
Language: ukraineb 2018/04/11 1.4c Ukrainian support for the Babel system


Package babel Warning: No Cyrillic font encoding has been loaded so far.
(babel)                A font encoding should be declared before babel.
(babel)                Default `T2A' encoding will be loaded  on input line 79.


(/usr/share/texlive/texmf-dist/tex/latex/cyrillic/t2aenc.def
File: t2aenc.def 2005/09/27 v1.0i Cyrillic encoding definition file
Now handling font encoding T2A ...
... processing UTF-8 mapping file for font encoding T2A

(/usr/share/texlive/texmf-dist/tex/latex/base/t2aenc.dfu
File: t2aenc.dfu 2019/11/14 v1.2k UTF-8 support for inputenc
   defining Unicode char U+00A4 (decimal 164)
   defining Unicode char U+00A7 (decimal 167)
   defining Unicode char U+00AB (decimal 171)
   defining Unicode char U+00BB (decimal 187)
   defining Unicode char U+0131 (decimal 305)
   defining Unicode char U+0237 (decimal 567)
   defining Unicode char U+0400 (decimal 1024)
   defining Unicode char U+0401 (decimal 1025)
   defining Unicode char U+0402 (decimal 1026)
   defining Unicode char U+0403 (decimal 1027)
   defining Unicode char U+0404 (decimal 1028)
   defining Unicode char U+0405 (decimal 1029)
   defining Unicode char U+0406 (decimal 1030)
   defining Unicode char U+0407 (decimal 1031)
   defining Unicode char U+0408 (decimal 1032)
   defining Unicode char U+0409 (decimal 1033)
   defining Unicode char U+040A (decimal 1034)
   defining Unicode char U+040B (decimal 1035)
   defining Unicode char U+040C (decimal 1036)
   defining Unicode char U+040D (decimal 1037)
   defining Unicode char U+040E (decimal 1038)
   defining Unicode char U+040F (decimal 1039)
   defining Unicode char U+0410 (decimal 1040)
   defining Unicode char U+0411 (decimal 1041)
   defining Unicode char U+0412 (decimal 1042)
   defining Unicode char U+0413 (decimal 1043)
   defining Unicode char U+0414 (decimal 1044)
   defining Unicode char U+0415 (decimal 1045)
   defining Unicode char U+0416 (decimal 1046)
   defining Unicode char U+0417 (decimal 1047)
   defining Unicode char U+0418 (decimal 1048)
   defining Unicode char U+0419 (decimal 1049)
   defining Unicode char U+041A (decimal 1050)
   defining Unicode char U+041B (decimal 1051)
   defining Unicode char U+041C (decimal 1052)
   defining Unicode char U+041D (decimal 1053)
   defining Unicode char U+041E (decimal 1054)
   defining Unicode char U+041F (decimal 1055)
   defining Unicode char U+0420 (decimal 1056)
   defining Unicode char U+0421 (decimal 1057)
   defining Unicode char U+0422 (decimal 1058)
   defining Unicode char U+0423 (decimal 1059)
   defining Unicode char U+0424 (decimal 1060)
   defining Unicode char U+0425 (decimal 1061)
   defining Unicode char U+0426 (decimal 1062)
   defining Unicode char U+0427 (decimal 1063)
   defining Unicode char U+0428 (decimal 1064)
   defining Unicode char U+0429 (decimal 1065)
   defining Unicode char U+042A (decimal 1066)
   defining Unicode char U+042B (decimal 1067)
   defining Unicode char U+042C (decimal 1068)
   defining Unicode char U+042D (decimal 1069)
   defining Unicode char U+042E (decimal 1070)
   defining Unicode char U+042F (decimal 1071)
   defining Unicode char U+0430 (decimal 1072)
   defining Unicode char U+0431 (decimal 1073)
   defining Unicode char U+0432 (decimal 1074)
   defining Unicode char U+0433 (decimal 1075)
   defining Unicode char U+0434 (decimal 1076)
   defining Unicode char U+0435 (decimal 1077)
   defining Unicode char U+0436 (decimal 1078)
   defining Unicode char U+0437 (decimal 1079)
   defining Unicode char U+0438 (decimal 1080)
   defining Unicode char U+0439 (decimal 1081)
   defining Unicode char U+043A (decimal 1082)
   defining Unicode char U+043B (decimal 1083)
   defining Unicode char U+043C (decimal 1084)
   defining Unicode char U+043D (decimal 1085)
   defining Unicode char U+043E (decimal 1086)
   defining Unicode char U+043F (decimal 1087)
   defining Unicode char U+0440 (decimal 1088)
   defining Unicode char U+0441 (decimal 1089)
   defining Unicode char U+0442 (decimal 1090)
   defining Unicode char U+0443 (decimal 1091)
   defining Unicode char U+0444 (decimal 1092)
   defining Unicode char U+0445 (decimal 1093)
   defining Unicode char U+0446 (decimal 1094)
   defining Unicode char U+0447 (decimal 1095)
   defining Unicode char U+0448 (decimal 1096)
   defining Unicode char U+0449 (decimal 1097)
   defining Unicode char U+044A (decimal 1098)
   defining Unicode char U+044B (decimal 1099)
   defining Unicode char U+044C (decimal 1100)
   defining Unicode char U+044D (decimal 1101)
   defining Unicode char U+044E (decimal 1102)
   defining Unicode char U+044F (decimal 1103)
   defining Unicode char U+0450 (decimal 1104)
   defining Unicode char U+0451 (decimal 1105)
   defining Unicode char U+0452 (decimal 1106)
   defining Unicode char U+0453 (decimal 1107)
   defining Unicode char U+0454 (decimal 1108)
   defining Unicode char U+0455 (decimal 1109)
   defining Unicode char U+0456 (decimal 1110)
   defining Unicode char U+0457 (decimal 1111)
   defining Unicode char U+0458 (decimal 1112)
   defining Unicode char U+0459 (decimal 1113)
   defining Unicode char U+045A (decimal 1114)
   defining Unicode char U+045B (decimal 1115)
   defining Unicode char U+045C (decimal 1116)
   defining Unicode char U+045D (decimal 1117)
   defining Unicode char U+045E (decimal 1118)
   defining Unicode char U+045F (decimal 1119)
   defining Unicode char U+0490 (decimal 1168)
   defining Unicode char U+0491 (decimal 1169)
   defining Unicode char U+0492 (decimal 1170)
   defining Unicode char U+0493 (decimal 1171)
   defining Unicode char U+0496 (decimal 1174)
   defining Unicode char U+0497 (decimal 1175)
   defining Unicode char U+0498 (decimal 1176)
   defining Unicode char U+0499 (decimal 1177)
   defining Unicode char U+049A (decimal 1178)
   defining Unicode char U+049B (decimal 1179)
   defining Unicode char U+049C (decimal 1180)
   defining Unicode char U+049D (decimal 1181)
   defining Unicode char U+04A0 (decimal 1184)
   defining Unicode char U+04A1 (decimal 1185)
   defining Unicode char U+04A2 (decimal 1186)
   defining Unicode char U+04A3 (decimal 1187)
   defining Unicode char U+04A4 (decimal 1188)
   defining Unicode char U+04A5 (decimal 1189)
   defining Unicode char U+04AA (decimal 1194)
   defining Unicode char U+04AB (decimal 1195)
   defining Unicode char U+04AE (decimal 1198)
   defining Unicode char U+04AF (decimal 1199)
   defining Unicode char U+04B0 (decimal 1200)
   defining Unicode char U+04B1 (decimal 1201)
   defining Unicode char U+04B2 (decimal 1202)
   defining Unicode char U+04B3 (decimal 1203)
   defining Unicode char U+04B6 (decimal 1206)
   defining Unicode char U+04B7 (decimal 1207)
   defining Unicode char U+04B8 (decimal 1208)
   defining Unicode char U+04B9 (decimal 1209)
   defining Unicode char U+04BA (decimal 1210)
   defining Unicode char U+04BB (decimal 1211)
   defining Unicode char U+04C0 (decimal 1216)
   defining Unicode char U+04C1 (decimal 1217)
   defining Unicode char U+04C2 (decimal 1218)
   defining Unicode char U+04D0 (decimal 1232)
   defining Unicode char U+04D1 (decimal 1233)
   defining Unicode char U+04D2 (decimal 1234)
   defining Unicode char U+04D3 (decimal 1235)
   defining Unicode char U+04D4 (decimal 1236)
   defining Unicode char U+04D5 (decimal 1237)
   defining Unicode char U+04D6 (decimal 1238)
   defining Unicode char U+04D7 (decimal 1239)
   defining Unicode char U+04D8 (decimal 1240)
   defining Unicode char U+04D9 (decimal 1241)
   defining Unicode char U+04DA (decimal 1242)
   defining Unicode char U+04DB (decimal 1243)
   defining Unicode char U+04DC (decimal 1244)
   defining Unicode char U+04DD (decimal 1245)
   defining Unicode char U+04DE (decimal 1246)
   defining Unicode char U+04DF (decimal 1247)
   defining Unicode char U+04E2 (decimal 1250)
   defining Unicode char U+04E3 (decimal 1251)
   defining Unicode char U+04E4 (decimal 1252)
   defining Unicode char U+04E5 (decimal 1253)
   defining Unicode char U+04E6 (decimal 1254)
   defining Unicode char U+04E7 (decimal 1255)
   defining Unicode char U+04E8 (decimal 1256)
   defining Unicode char U+04E9 (decimal 1257)
   defining Unicode char U+04EC (decimal 1260)
   defining Unicode char U+04ED (decimal 1261)
   defining Unicode char U+04EE (decimal 1262)
   defining Unicode char U+04EF (decimal 1263)
   defining Unicode char U+04F0 (decimal 1264)
   defining Unicode char U+04F1 (decimal 1265)
   defining Unicode char U+04F2 (decimal 1266)
   defining Unicode char U+04F3 (decimal 1267)
   defining Unicode char U+04F4 (decimal 1268)
   defining Unicode char U+04F5 (decimal 1269)
   defining Unicode char U+04F8 (decimal 1272)
   defining Unicode char U+04F9 (decimal 1273)
   defining Unicode char U+200C (decimal 8204)
   defining Unicode char U+2013 (decimal 8211)
   defining Unicode char U+2014 (decimal 8212)
   defining Unicode char U+2018 (decimal 8216)
   defining Unicode char U+2019 (decimal 8217)
   defining Unicode char U+201C (decimal 8220)
   defining Unicode char U+201D (decimal 8221)
   defining Unicode char U+201E (decimal 8222)
   defining Unicode char U+2030 (decimal 8240)
   defining Unicode char U+2031 (decimal 8241)
   defining Unicode char U+2116 (decimal 8470)
   defining Unicode char U+2329 (decimal 9001)
   defining Unicode char U+232A (decimal 9002)
   defining Unicode char U+2423 (decimal 9251)
   defining Unicode char U+27E8 (decimal 10216)
   defining Unicode char U+27E9 (decimal 10217)
   defining Unicode char U+FB00 (decimal 64256)
   defining Unicode char U+FB01 (decimal 64257)
   defining Unicode char U+FB02 (decimal 64258)
   defining Unicode char U+FB03 (decimal 64259)
   defining Unicode char U+FB04 (decimal 64260)
   defining Unicode char U+FB05 (decimal 64261)
   defining Unicode char U+FB06 (decimal 64262)
))
Package babel Info: Making " an active character on input line 118.
Package babel Info: Default for \cyrdash is provided on input line 161.
))
(/usr/share/texlive/texmf-dist/tex/latex/pgfplots/pgfplots.sty
(/usr/share/texlive/texmf-dist/tex/generic/pgfplots/pgfplots.revision.tex)
Package: pgfplots 2018/03/28 v1.16 Data Visualization (1.16)

(/usr/share/texlive/texmf-dist/tex/latex/graphics/graphicx.sty
Package: graphicx 2019/11/30 v1.2a Enhanced LaTeX Graphics (DPC,SPQR)

(/usr/share/texlive/texmf-dist/tex/latex/graphics/graphics.sty
Package: graphics 2019/11/30 v1.4a Standard LaTeX Graphics (DPC,SPQR)

(/usr/share/texlive/texmf-dist/tex/latex/graphics/trig.sty
Package: trig 2016/01/03 v1.10 sin cos tan (DPC)
)
(/usr/share/texlive/texmf-dist/tex/latex/graphics-cfg/graphics.cfg
File: graphics.cfg 2016/06/04 v1.11 sample graphics configuration
)
Package graphics Info: Driver file: pdftex.def on input line 105.

(/usr/share/texlive/texmf-dist/tex/latex/graphics-def/pdftex.def
File: pdftex.def 2018/01/08 v1.0l Graphics/color driver for pdftex
))
\Gin@req@height=\dimen154
\Gin@req@width=\dimen155
)
(/usr/share/texlive/texmf-dist/tex/latex/pgf/frontendlayer/tikz.sty
(/usr/share/texlive/texmf-dist/tex/latex/pgf/basiclayer/pgf.sty
(/usr/share/texlive/texmf-dist/tex/latex/pgf/utilities/pgfrcs.sty
(/usr/share/texlive/texmf-dist/tex/generic/pgf/utilities/pgfutil-common.tex
\pgfutil@everybye=\toks24
\pgfutil@tempdima=\dimen156
\pgfutil@tempdimb=\dimen157

(/usr/share/texlive/texmf-dist/tex/generic/pgf/utilities/pgfutil-common-lists.t
ex)) (/usr/share/texlive/texmf-dist/tex/generic/pgf/utilities/pgfutil-latex.def
\pgfutil@abb=\box47
(/usr/share/texlive/texmf-dist/tex/latex/ms/everyshi.sty
Package: everyshi 2001/05/15 v3.00 EveryShipout Package (MS)
))
(/usr/share/texlive/texmf-dist/tex/generic/pgf/utilities/pgfrcs.code.tex
(/usr/share/texlive/texmf-dist/tex/generic/pgf/pgf.revision.tex)
Package: pgfrcs 2020/01/08 v3.1.5b (3.1.5b)
))
Package: pgf 2020/01/08 v3.1.5b (3.1.5b)

(/usr/share/texlive/texmf-dist/tex/latex/pgf/basiclayer/pgfcore.sty
(/usr/share/texlive/texmf-dist/tex/latex/pgf/systemlayer/pgfsys.sty
(/usr/share/texlive/texmf-dist/tex/generic/pgf/systemlayer/pgfsys.code.tex
Package: pgfsys 2020/01/08 v3.1.5b (3.1.5b)

(/usr/share/texlive/texmf-dist/tex/generic/pgf/utilities/pgfkeys.code.tex
\pgfkeys@pathtoks=\toks25
\pgfkeys@temptoks=\toks26

(/usr/share/texlive/texmf-dist/tex/generic/pgf/utilities/pgfkeysfiltered.code.t
ex
\pgfkeys@tmptoks=\toks27
))
\pgf@x=\dimen158
\pgf@y=\dimen159
\pgf@xa=\dimen160
\pgf@ya=\dimen161
\pgf@xb=\dimen162
\pgf@yb=\dimen163
\pgf@xc=\dimen164
\pgf@yc=\dimen165
\pgf@xd=\dimen166
\pgf@yd=\dimen167
\w@pgf@writea=\write3
\r@pgf@reada=\read3
\c@pgf@counta=\count192
\c@pgf@countb=\count193
\c@pgf@countc=\count194
\c@pgf@countd=\count195
\t@pgf@toka=\toks28
\t@pgf@tokb=\toks29
\t@pgf@tokc=\toks30
\pgf@sys@id@count=\count196
 (/usr/share/texlive/texmf-dist/tex/generic/pgf/systemlayer/pgf.cfg
File: pgf.cfg 2020/01/08 v3.1.5b (3.1.5b)
)
Driver file for pgf: pgfsys-pdftex.def

(/usr/share/texlive/texmf-dist/tex/generic/pgf/systemlayer/pgfsys-pdftex.def
File: pgfsys-pdftex.def 2020/01/08 v3.1.5b (3.1.5b)

(/usr/share/texlive/texmf-dist/tex/generic/pgf/systemlayer/pgfsys-common-pdf.de
f
File: pgfsys-common-pdf.def 2020/01/08 v3.1.5b (3.1.5b)
)))
(/usr/share/texlive/texmf-dist/tex/generic/pgf/systemlayer/pgfsyssoftpath.code.
tex
File: pgfsyssoftpath.code.tex 2020/01/08 v3.1.5b (3.1.5b)
\pgfsyssoftpath@smallbuffer@items=\count197
\pgfsyssoftpath@bigbuffer@items=\count198
)
(/usr/share/texlive/texmf-dist/tex/generic/pgf/systemlayer/pgfsysprotocol.code.
tex
File: pgfsysprotocol.code.tex 2020/01/08 v3.1.5b (3.1.5b)
)) (/usr/share/texlive/texmf-dist/tex/latex/xcolor/xcolor.sty
Package: xcolor 2016/05/11 v2.12 LaTeX color extensions (UK)

(/usr/share/texlive/texmf-dist/tex/latex/graphics-cfg/color.cfg
File: color.cfg 2016/01/02 v1.6 sample color configuration
)
Package xcolor Info: Driver file: pdftex.def on input line 225.
Package xcolor Info: Model `cmy' substituted by `cmy0' on input line 1348.
Package xcolor Info: Model `hsb' substituted by `rgb' on input line 1352.
Package xcolor Info: Model `RGB' extended on input line 1364.
Package xcolor Info: Model `HTML' substituted by `rgb' on input line 1366.
Package xcolor Info: Model `Hsb' substituted by `hsb' on input line 1367.
Package xcolor Info: Model `tHsb' substituted by `hsb' on input line 1368.
Package xcolor Info: Model `HSB' substituted by `hsb' on input line 1369.
Package xcolor Info: Model `Gray' substituted by `gray' on input line 1370.
Package xcolor Info: Model `wave' substituted by `hsb' on input line 1371.
)
(/usr/share/texlive/texmf-dist/tex/generic/pgf/basiclayer/pgfcore.code.tex
Package: pgfcore 2020/01/08 v3.1.5b (3.1.5b)

(/usr/share/texlive/texmf-dist/tex/generic/pgf/math/pgfmath.code.tex
(/usr/share/texlive/texmf-dist/tex/generic/pgf/math/pgfmathcalc.code.tex
(/usr/share/texlive/texmf-dist/tex/generic/pgf/math/pgfmathutil.code.tex)
(/usr/share/texlive/texmf-dist/tex/generic/pgf/math/pgfmathparser.code.tex
\pgfmath@dimen=\dimen168
\pgfmath@count=\count199
\pgfmath@box=\box48
\pgfmath@toks=\toks31
\pgfmath@stack@operand=\toks32
\pgfmath@stack@operation=\toks33
)
(/usr/share/texlive/texmf-dist/tex/generic/pgf/math/pgfmathfunctions.code.tex
(/usr/share/texlive/texmf-dist/tex/generic/pgf/math/pgfmathfunctions.basic.code
.tex)
(/usr/share/texlive/texmf-dist/tex/generic/pgf/math/pgfmathfunctions.trigonomet
ric.code.tex)
(/usr/share/texlive/texmf-dist/tex/generic/pgf/math/pgfmathfunctions.random.cod
e.tex)
(/usr/share/texlive/texmf-dist/tex/generic/pgf/math/pgfmathfunctions.comparison
.code.tex)
(/usr/share/texlive/texmf-dist/tex/generic/pgf/math/pgfmathfunctions.base.code.
tex)
(/usr/share/texlive/texmf-dist/tex/generic/pgf/math/pgfmathfunctions.round.code
.tex)
(/usr/share/texlive/texmf-dist/tex/generic/pgf/math/pgfmathfunctions.misc.code.
tex)
(/usr/share/texlive/texmf-dist/tex/generic/pgf/math/pgfmathfunctions.integerari
thmetics.code.tex)))
(/usr/share/texlive/texmf-dist/tex/generic/pgf/math/pgfmathfloat.code.tex
\c@pgfmathroundto@lastzeros=\count266
))
(/usr/share/texlive/texmf-dist/tex/generic/pgf/math/pgfint.code.tex)
(/usr/share/texlive/texmf-dist/tex/generic/pgf/basiclayer/pgfcorepoints.code.te
x
File: pgfcorepoints.code.tex 2020/01/08 v3.1.5b (3.1.5b)
\pgf@picminx=\dimen169
\pgf@picmaxx=\dimen170
\pgf@picminy=\dimen171
\pgf@picmaxy=\dimen172
\pgf@pathminx=\dimen173
\pgf@pathmaxx=\dimen174
\pgf@pathminy=\dimen175
\pgf@pathmaxy=\dimen176
\pgf@xx=\dimen177
\pgf@xy=\dimen178
\pgf@yx=\dimen179
\pgf@yy=\dimen180
\pgf@zx=\dimen181
\pgf@zy=\dimen182
)
(/usr/share/texlive/texmf-dist/tex/generic/pgf/basiclayer/pgfcorepathconstruct.
code.tex
File: pgfcorepathconstruct.code.tex 2020/01/08 v3.1.5b (3.1.5b)
\pgf@path@lastx=\dimen183
\pgf@path@lasty=\dimen184
)
(/usr/share/texlive/texmf-dist/tex/generic/pgf/basiclayer/pgfcorepathusage.code
.tex
File: pgfcorepathusage.code.tex 2020/01/08 v3.1.5b (3.1.5b)
\pgf@shorten@end@additional=\dimen185
\pgf@shorten@start@additional=\dimen186
)
(/usr/share/texlive/texmf-dist/tex/generic/pgf/basiclayer/pgfcorescopes.code.te
x
File: pgfcorescopes.code.tex 2020/01/08 v3.1.5b (3.1.5b)
\pgfpic=\box49
\pgf@hbox=\box50
\pgf@layerbox@main=\box51
\pgf@picture@serial@count=\count267
)
(/usr/share/texlive/texmf-dist/tex/generic/pgf/basiclayer/pgfcoregraphicstate.c
ode.tex
File: pgfcoregraphicstate.code.tex 2020/01/08 v3.1.5b (3.1.5b)
\pgflinewidth=\dimen187
)
(/usr/share/texlive/texmf-dist/tex/generic/pgf/basiclayer/pgfcoretransformation
s.code.tex
File: pgfcoretransformations.code.tex 2020/01/08 v3.1.5b (3.1.5b)
\pgf@pt@x=\dimen188
\pgf@pt@y=\dimen189
\pgf@pt@temp=\dimen190
)
(/usr/share/texlive/texmf-dist/tex/generic/pgf/basiclayer/pgfcorequick.code.tex
File: pgfcorequick.code.tex 2020/01/08 v3.1.5b (3.1.5b)
)
(/usr/share/texlive/texmf-dist/tex/generic/pgf/basiclayer/pgfcoreobjects.code.t
ex
File: pgfcoreobjects.code.tex 2020/01/08 v3.1.5b (3.1.5b)
)
(/usr/share/texlive/texmf-dist/tex/generic/pgf/basiclayer/pgfcorepathprocessing
.code.tex
File: pgfcorepathprocessing.code.tex 2020/01/08 v3.1.5b (3.1.5b)
)
(/usr/share/texlive/texmf-dist/tex/generic/pgf/basiclayer/pgfcorearrows.code.te
x
File: pgfcorearrows.code.tex 2020/01/08 v3.1.5b (3.1.5b)
\pgfarrowsep=\dimen191
)
(/usr/share/texlive/texmf-dist/tex/generic/pgf/basiclayer/pgfcoreshade.code.tex
File: pgfcoreshade.code.tex 2020/01/08 v3.1.5b (3.1.5b)
\pgf@max=\dimen192
\pgf@sys@shading@range@num=\count268
\pgf@shadingcount=\count269
)
(/usr/share/texlive/texmf-dist/tex/generic/pgf/basiclayer/pgfcoreimage.code.tex
File: pgfcoreimage.code.tex 2020/01/08 v3.1.5b (3.1.5b)

(/usr/share/texlive/texmf-dist/tex/generic/pgf/basiclayer/pgfcoreexternal.code.
tex
File: pgfcoreexternal.code.tex 2020/01/08 v3.1.5b (3.1.5b)
\pgfexternal@startupbox=\box52
))
(/usr/share/texlive/texmf-dist/tex/generic/pgf/basiclayer/pgfcorelayers.code.te
x
File: pgfcorelayers.code.tex 2020/01/08 v3.1.5b (3.1.5b)
)
(/usr/share/texlive/texmf-dist/tex/generic/pgf/basiclayer/pgfcoretransparency.c
ode.tex
File: pgfcoretransparency.code.tex 2020/01/08 v3.1.5b (3.1.5b)
)
(/usr/share/texlive/texmf-dist/tex/generic/pgf/basiclayer/pgfcorepatterns.code.
tex
File: pgfcorepatterns.code.tex 2020/01/08 v3.1.5b (3.1.5b)
)
(/usr/share/texlive/texmf-dist/tex/generic/pgf/basiclayer/pgfcorerdf.code.tex
File: pgfcorerdf.code.tex 2020/01/08 v3.1.5b (3.1.5b)
)))
(/usr/share/texlive/texmf-dist/tex/generic/pgf/modules/pgfmoduleshapes.code.tex
File: pgfmoduleshapes.code.tex 2020/01/08 v3.1.5b (3.1.5b)
\pgfnodeparttextbox=\box53
) (/usr/share/texlive/texmf-dist/tex/generic/pgf/modules/pgfmoduleplot.code.tex
File: pgfmoduleplot.code.tex 2020/01/08 v3.1.5b (3.1.5b)
)
(/usr/share/texlive/texmf-dist/tex/latex/pgf/compatibility/pgfcomp-version-0-65
.sty
Package: pgfcomp-version-0-65 2020/01/08 v3.1.5b (3.1.5b)
\pgf@nodesepstart=\dimen193
\pgf@nodesepend=\dimen194
)
(/usr/share/texlive/texmf-dist/tex/latex/pgf/compatibility/pgfcomp-version-1-18
.sty
Package: pgfcomp-version-1-18 2020/01/08 v3.1.5b (3.1.5b)
)) (/usr/share/texlive/texmf-dist/tex/latex/pgf/utilities/pgffor.sty
(/usr/share/texlive/texmf-dist/tex/latex/pgf/utilities/pgfkeys.sty
(/usr/share/texlive/texmf-dist/tex/generic/pgf/utilities/pgfkeys.code.tex))
(/usr/share/texlive/texmf-dist/tex/latex/pgf/math/pgfmath.sty
(/usr/share/texlive/texmf-dist/tex/generic/pgf/math/pgfmath.code.tex))
(/usr/share/texlive/texmf-dist/tex/generic/pgf/utilities/pgffor.code.tex
Package: pgffor 2020/01/08 v3.1.5b (3.1.5b)

(/usr/share/texlive/texmf-dist/tex/generic/pgf/math/pgfmath.code.tex)
\pgffor@iter=\dimen195
\pgffor@skip=\dimen196
\pgffor@stack=\toks34
\pgffor@toks=\toks35
))
(/usr/share/texlive/texmf-dist/tex/generic/pgf/frontendlayer/tikz/tikz.code.tex
Package: tikz 2020/01/08 v3.1.5b (3.1.5b)

(/usr/share/texlive/texmf-dist/tex/generic/pgf/libraries/pgflibraryplothandlers
.code.tex
File: pgflibraryplothandlers.code.tex 2020/01/08 v3.1.5b (3.1.5b)
\pgf@plot@mark@count=\count270
\pgfplotmarksize=\dimen197
)
\tikz@lastx=\dimen198
\tikz@lasty=\dimen199
\tikz@lastxsaved=\dimen256
\tikz@lastysaved=\dimen257
\tikz@lastmovetox=\dimen258
\tikz@lastmovetoy=\dimen259
\tikzleveldistance=\dimen260
\tikzsiblingdistance=\dimen261
\tikz@figbox=\box54
\tikz@figbox@bg=\box55
\tikz@tempbox=\box56
\tikz@tempbox@bg=\box57
\tikztreelevel=\count271
\tikznumberofchildren=\count272
\tikznumberofcurrentchild=\count273
\tikz@fig@count=\count274

(/usr/share/texlive/texmf-dist/tex/generic/pgf/modules/pgfmodulematrix.code.tex
File: pgfmodulematrix.code.tex 2020/01/08 v3.1.5b (3.1.5b)
\pgfmatrixcurrentrow=\count275
\pgfmatrixcurrentcolumn=\count276
\pgf@matrix@numberofcolumns=\count277
)
\tikz@expandcount=\count278

(/usr/share/texlive/texmf-dist/tex/generic/pgf/frontendlayer/tikz/libraries/tik
zlibrarytopaths.code.tex
File: tikzlibrarytopaths.code.tex 2020/01/08 v3.1.5b (3.1.5b)
)))
(/usr/share/texlive/texmf-dist/tex/generic/pgfplots/pgfplots.code.tex
(/usr/share/texlive/texmf-dist/tex/generic/pgfplots/pgfplotscore.code.tex
\t@pgfplots@toka=\toks36
\t@pgfplots@tokb=\toks37
\t@pgfplots@tokc=\toks38
\pgfplots@tmpa=\dimen262
\c@pgfplots@coordindex=\count279
\c@pgfplots@scanlineindex=\count280

(/usr/share/texlive/texmf-dist/tex/generic/pgfplots/sys/pgfplotssysgeneric.code
.tex))
(/usr/share/texlive/texmf-dist/tex/generic/pgfplots/libs/pgfplotslibrary.code.t
ex)
(/usr/share/texlive/texmf-dist/tex/generic/pgfplots/oldpgfcompatib/pgfplotsoldp
gfsupp_loader.code.tex
(/usr/share/texlive/texmf-dist/tex/generic/pgf/libraries/pgflibraryfpu.code.tex
))
(/usr/share/texlive/texmf-dist/tex/generic/pgfplots/util/pgfplotsutil.code.tex
(/usr/share/texlive/texmf-dist/tex/generic/pgfplots/liststructure/pgfplotslists
tructure.code.tex)
(/usr/share/texlive/texmf-dist/tex/generic/pgfplots/liststructure/pgfplotslists
tructureext.code.tex)
(/usr/share/texlive/texmf-dist/tex/generic/pgfplots/liststructure/pgfplotsarray
.code.tex
\c@pgfplotsarray@tmp=\count281
)
(/usr/share/texlive/texmf-dist/tex/generic/pgfplots/liststructure/pgfplotsmatri
x.code.tex)
(/usr/share/texlive/texmf-dist/tex/generic/pgfplots/numtable/pgfplotstableshare
d.code.tex
\c@pgfplotstable@counta=\count282
\t@pgfplotstable@a=\toks39
)
(/usr/share/texlive/texmf-dist/tex/generic/pgfplots/liststructure/pgfplotsdeque
.code.tex)
(/usr/share/texlive/texmf-dist/tex/generic/pgfplots/util/pgfplotsbinary.code.te
x
(/usr/share/texlive/texmf-dist/tex/generic/pgfplots/util/pgfplotsbinary.data.co
de.tex))
(/usr/share/texlive/texmf-dist/tex/generic/pgfplots/util/pgfplotsutil.verb.code
.tex)
(/usr/share/texlive/texmf-dist/tex/generic/pgfplots/libs/pgflibrarypgfplots.sur
fshading.code.tex
\c@pgfplotslibrarysurf@no=\count283

(/usr/share/texlive/texmf-dist/tex/generic/pgfplots/sys/pgflibrarypgfplots.surf
shading.pgfsys-pdftex.def)))
(/usr/share/texlive/texmf-dist/tex/generic/pgfplots/util/pgfplotscolormap.code.
tex
(/usr/share/texlive/texmf-dist/tex/generic/pgfplots/util/pgfplotscolor.code.tex
))
(/usr/share/texlive/texmf-dist/tex/generic/pgfplots/pgfplotsstackedplots.code.t
ex)
(/usr/share/texlive/texmf-dist/tex/generic/pgfplots/pgfplotsplothandlers.code.t
ex
(/usr/share/texlive/texmf-dist/tex/generic/pgfplots/pgfplotsmeshplothandler.cod
e.tex
(/usr/share/texlive/texmf-dist/tex/generic/pgfplots/pgfplotsmeshplotimage.code.
tex)))
(/usr/share/texlive/texmf-dist/tex/generic/pgfplots/pgfplots.scaling.code.tex)
(/usr/share/texlive/texmf-dist/tex/generic/pgfplots/pgfplotscoordprocessing.cod
e.tex)
(/usr/share/texlive/texmf-dist/tex/generic/pgfplots/pgfplots.errorbars.code.tex
) (/usr/share/texlive/texmf-dist/tex/generic/pgfplots/pgfplots.markers.code.tex
) (/usr/share/texlive/texmf-dist/tex/generic/pgfplots/pgfplotsticks.code.tex)
(/usr/share/texlive/texmf-dist/tex/generic/pgfplots/pgfplots.paths.code.tex)
(/usr/share/texlive/texmf-dist/tex/generic/pgf/frontendlayer/tikz/libraries/tik
zlibrarydecorations.code.tex
(/usr/share/texlive/texmf-dist/tex/generic/pgf/modules/pgfmoduledecorations.cod
e.tex
\pgfdecoratedcompleteddistance=\dimen263
\pgfdecoratedremainingdistance=\dimen264
\pgfdecoratedinputsegmentcompleteddistance=\dimen265
\pgfdecoratedinputsegmentremainingdistance=\dimen266
\pgf@decorate@distancetomove=\dimen267
\pgf@decorate@repeatstate=\count284
\pgfdecorationsegmentamplitude=\dimen268
\pgfdecorationsegmentlength=\dimen269
)
\tikz@lib@dec@box=\box58
)
(/usr/share/texlive/texmf-dist/tex/generic/pgf/frontendlayer/tikz/libraries/tik
zlibrarydecorations.pathmorphing.code.tex
(/usr/share/texlive/texmf-dist/tex/generic/pgf/libraries/decorations/pgflibrary
decorations.pathmorphing.code.tex))
(/usr/share/texlive/texmf-dist/tex/generic/pgf/frontendlayer/tikz/libraries/tik
zlibrarydecorations.pathreplacing.code.tex
(/usr/share/texlive/texmf-dist/tex/generic/pgf/libraries/decorations/pgflibrary
decorations.pathreplacing.code.tex))
\pgfplots@numplots=\count285
\pgfplots@xmin@reg=\dimen270
\pgfplots@xmax@reg=\dimen271
\pgfplots@ymin@reg=\dimen272
\pgfplots@ymax@reg=\dimen273
\pgfplots@zmin@reg=\dimen274
\pgfplots@zmax@reg=\dimen275
)
(/usr/share/texlive/texmf-dist/tex/generic/pgf/frontendlayer/tikz/libraries/tik
zlibraryplotmarks.code.tex
File: tikzlibraryplotmarks.code.tex 2020/01/08 v3.1.5b (3.1.5b)

(/usr/share/texlive/texmf-dist/tex/generic/pgf/libraries/pgflibraryplotmarks.co
de.tex
File: pgflibraryplotmarks.code.tex 2020/01/08 v3.1.5b (3.1.5b)
)))
(/usr/share/texlive/texmf-dist/tex/generic/pgfplots/libs/tikzlibrarypgfplots.fi
llbetween.code.tex
(/usr/share/texlive/texmf-dist/tex/generic/pgfplots/pgfcontrib/tikzlibraryfillb
etween.code.tex
(/usr/share/texlive/texmf-dist/tex/generic/pgf/frontendlayer/tikz/libraries/tik
zlibraryintersections.code.tex
(/usr/share/texlive/texmf-dist/tex/generic/pgf/libraries/pgflibraryintersection
s.code.tex
\pgf@intersect@solutions=\count286
))
(/usr/share/texlive/texmf-dist/tex/generic/pgfplots/pgfcontrib/tikzlibrarydecor
ations.softclip.code.tex
(/usr/share/texlive/texmf-dist/tex/generic/pgfplots/pgfcontrib/pgflibraryfillbe
tween.code.tex)))
(/usr/share/texlive/texmf-dist/tex/generic/pgfplots/libs/tikzlibrarypgfplots.de
corations.softclip.code.tex))
(/usr/share/texlive/texmf-dist/tex/latex/physics/physics.sty
Package: physics 

(/usr/share/texlive/texmf-dist/tex/latex/l3packages/xparse/xparse.sty
(/usr/share/texlive/texmf-dist/tex/latex/l3kernel/expl3.sty
Package: expl3 2020-02-14 L3 programming layer (loader) 

(/usr/share/texlive/texmf-dist/tex/latex/l3backend/l3backend-pdfmode.def
File: l3backend-pdfmode.def 2020-02-03 L3 backend support: PDF mode
\l__kernel_color_stack_int=\count287
\l__pdf_internal_box=\box59
))
Package: xparse 2020-02-14 L3 Experimental document command parser
\l__xparse_current_arg_int=\count288
\g__xparse_grabber_int=\count289
\l__xparse_m_args_int=\count290
\l__xparse_v_nesting_int=\count291
))
(./Diffeq.aux
LaTeX Font Info:    Trying to load font information for T2A+cmr on input line 4
.
 (/usr/share/texlive/texmf-dist/tex/latex/cyrillic/t2acmr.fd
File: t2acmr.fd 2001/08/11 v1.0a Computer Modern Cyrillic font definitions
))
\openout1 = `Diffeq.aux'.

LaTeX Font Info:    Checking defaults for OML/cmm/m/it on input line 30.
LaTeX Font Info:    ... okay on input line 30.
LaTeX Font Info:    Checking defaults for OMS/cmsy/m/n on input line 30.
LaTeX Font Info:    ... okay on input line 30.
LaTeX Font Info:    Checking defaults for OT1/cmr/m/n on input line 30.
LaTeX Font Info:    ... okay on input line 30.
LaTeX Font Info:    Checking defaults for T1/cmr/m/n on input line 30.
LaTeX Font Info:    ... okay on input line 30.
LaTeX Font Info:    Checking defaults for TS1/cmr/m/n on input line 30.
LaTeX Font Info:    ... okay on input line 30.
LaTeX Font Info:    Checking defaults for OMX/cmex/m/n on input line 30.
LaTeX Font Info:    ... okay on input line 30.
LaTeX Font Info:    Checking defaults for U/cmr/m/n on input line 30.
LaTeX Font Info:    ... okay on input line 30.
LaTeX Font Info:    Checking defaults for T2A/cmr/m/n on input line 30.
LaTeX Font Info:    ... okay on input line 30.

*geometry* driver: auto-detecting
*geometry* detected driver: pdftex
*geometry* verbose mode - [ preamble ] result:
* driver: pdftex
* paper: a4paper
* layout: <same size as paper>
* layoutoffset:(h,v)=(0.0pt,0.0pt)
* modes: 
* h-part:(L,W,R)=(72.26999pt, 452.9679pt, 72.26999pt)
* v-part:(T,H,B)=(72.26999pt, 700.50687pt, 72.26999pt)
* \paperwidth=597.50787pt
* \paperheight=845.04684pt
* \textwidth=452.9679pt
* \textheight=700.50687pt
* \oddsidemargin=0.0pt
* \evensidemargin=0.0pt
* \topmargin=-39.0pt
* \headheight=14.0pt
* \headsep=25.0pt
* \topskip=14.0pt
* \footskip=30.0pt
* \marginparwidth=15.0pt
* \marginparsep=10.0pt
* \columnsep=10.0pt
* \skip\footins=12.0pt plus 4.0pt minus 2.0pt
* \hoffset=0.0pt
* \voffset=0.0pt
* \mag=1000
* \@twocolumnfalse
* \@twosidefalse
* \@mparswitchfalse
* \@reversemarginfalse
* (1in=72.27pt=25.4mm, 1cm=28.453pt)

(/usr/share/texlive/texmf-dist/tex/context/base/mkii/supp-pdf.mkii
[Loading MPS to PDF converter (version 2006.09.02).]
\scratchcounter=\count292
\scratchdimen=\dimen276
\scratchbox=\box60
\nofMPsegments=\count293
\nofMParguments=\count294
\everyMPshowfont=\toks40
\MPscratchCnt=\count295
\MPscratchDim=\dimen277
\MPnumerator=\count296
\makeMPintoPDFobject=\count297
\everyMPtoPDFconversion=\toks41
) (/usr/share/texlive/texmf-dist/tex/latex/epstopdf-pkg/epstopdf-base.sty
Package: epstopdf-base 2020-01-24 v2.11 Base part for package epstopdf
Package epstopdf-base Info: Redefining graphics rule for `.eps' on input line 4
85.

(/usr/share/texlive/texmf-dist/tex/latex/latexconfig/epstopdf-sys.cfg
File: epstopdf-sys.cfg 2010/07/13 v1.3 Configuration of (r)epstopdf for TeX Liv
e
))
ABD: EveryShipout initializing macros

Package pgfplots Warning: running in backwards compatibility mode (unsuitable t
ick labels; missing features). Consider writing \pgfplotsset{compat=1.16} into 
your preamble.
 on input line 30.

[1

{/var/lib/texmf/fonts/map/pdftex/updmap/pdftex.map}] (./Diffeq.toc
LaTeX Font Info:    Trying to load font information for U+msa on input line 3.

(/usr/share/texlive/texmf-dist/tex/latex/amsfonts/umsa.fd
File: umsa.fd 2013/01/14 v3.01 AMS symbols A
)
LaTeX Font Info:    Trying to load font information for U+msb on input line 3.

(/usr/share/texlive/texmf-dist/tex/latex/amsfonts/umsb.fd
File: umsb.fd 2013/01/14 v3.01 AMS symbols B
))
\tf@toc=\write4
\openout4 = `Diffeq.toc'.

 [1]
Overfull \hbox (12.45071pt too wide) in paragraph at lines 45--45
[]\T2A/cmr/bx/n/20.74 Диференцiальнi рiв-ня-н-ня пер-шо-го по-ряд-ку 
 []


Overfull \hbox (29.855pt too wide) in paragraph at lines 47--49
\T2A/cmr/bx/n/14.4 Диференцiальним рiв-ня-н-ням пер-шо-го по-ряд-ку \T2A/cmr/m/
n/14.4 на-зи-ва-№-ться на-сту-пний
 []


Overfull \hbox (17.70181pt too wide) in paragraph at lines 51--65
\T2A/cmr/bx/n/14.4 Definition 1.1.3. \T2A/cmr/m/n/14.4 Гра-фi-ком розв'язку $\O
ML/cmm/m/it/14.4 y \OT1/cmr/m/n/14.4 = \OML/cmm/m/it/14.4 '\OT1/cmr/m/n/14.4 (\
OML/cmm/m/it/14.4 x\OT1/cmr/m/n/14.4 )$ \T2A/cmr/m/n/14.4 на-зи-ва-№-ться \T2A/
cmr/bx/n/14.4 iн-те-граль-ною
 []


Overfull \hbox (9.45924pt too wide) in paragraph at lines 51--65
\T2A/cmr/m/n/14.4 Якщо $\OML/cmm/m/it/14.4 y \OT1/cmr/m/n/14.4 = \OML/cmm/m/it/
14.4 '\OT1/cmr/m/n/14.4 (\OML/cmm/m/it/14.4 x\OT1/cmr/m/n/14.4 )$ \T2A/cmr/m/n/
14.4 - розв'язок рiв-ня-н-ня (1), то $\OML/cmm/m/it/14.4 k \OT1/cmr/m/n/14.4 = 
[]$ \T2A/cmr/m/n/14.4 - ку-то-вий ко-е-фi-цi-№нт
 []


Overfull \hbox (3.2674pt too wide) in paragraph at lines 67--69
\T2A/cmr/m/n/14.4 роз-гля-да-тись як не-яв-на фун-кцiя $\OML/cmm/m/it/14.4 F\OT
1/cmr/m/n/14.4 (\OML/cmm/m/it/14.4 x; y\OT1/cmr/m/n/14.4 ) = 0$\T2A/cmr/m/n/14.
4 . То-дi рiв-ня-н-ня (1) за-пи-су-ють
 []

[2]
Underfull \hbox (badness 10000) in paragraph at lines 85--97

 []


Overfull \hbox (27.45792pt too wide) in paragraph at lines 107--125
\T2A/cmr/m/n/14.4 Розглянемо ви-па-док, ко-ли $\OML/cmm/m/it/14.4 M[]\OT1/cmr/m
/n/14.4 (\OML/cmm/m/it/14.4 y\OT1/cmr/m/n/14.4 ) \OMS/cmsy/m/n/14.4 6^^Q \OT1/c
mr/m/n/14.4 0$\T2A/cmr/m/n/14.4 , $\OML/cmm/m/it/14.4 N[]\OT1/cmr/m/n/14.4 (\OM
L/cmm/m/it/14.4 x\OT1/cmr/m/n/14.4 ) \OMS/cmsy/m/n/14.4 6^^Q \OT1/cmr/m/n/14.4 
0$\T2A/cmr/m/n/14.4 . То-дi рiв-ня-н-ня пе-ре-пи-ше-ться
 []

[3]
Underfull \hbox (badness 10000) in paragraph at lines 130--144

 []

[4]
Overfull \hbox (12.49759pt too wide) in paragraph at lines 174--202
\T2A/cmr/m/n/14.4 Наступним кро-ком бу-де зна-йти $\OML/cmm/m/it/14.4 y[]$\T2A/
cmr/m/n/14.4 . Це мо-жна зро-би-ти, якщо в по-ча-тко-ве
 []


Underfull \hbox (badness 10000) in paragraph at lines 174--202

 []

[5]
Underfull \hbox (badness 10000) in paragraph at lines 207--234

 []


Underfull \hbox (badness 10000) in paragraph at lines 207--234

 []

[6]
Overfull \hbox (2.93872pt too wide) in paragraph at lines 239--241
\T2A/cmr/m/n/14.4 Оскiльки ми "хо-че-мо"  зве-сти це рiв-ня-н-ня до одно-рi-дно
Ё, то нам не-об-хi-дно
 []

[7]
Underfull \hbox (badness 10000) in paragraph at lines 243--306

 []


Underfull \hbox (badness 10000) in paragraph at lines 243--306

 []

[8]
Overfull \hbox (13.98172pt too wide) in paragraph at lines 325--331
\T2A/cmr/bx/n/14.4 Lemma 1.3.3. \T2A/cmr/m/n/14.4 Фун-кцiя $\OML/cmm/m/it/14.4 
y\OT1/cmr/m/n/14.4 (\OML/cmm/m/it/14.4 x\OT1/cmr/m/n/14.4 )$ \T2A/cmr/m/n/14.4 
- розв'язок за-да-чi Ко-шi $ \OMS/cmsy/m/n/14.4 ([]) $ $\OML/cmm/m/it/14.4 y\OT
1/cmr/m/n/14.4 (\OML/cmm/m/it/14.4 x\OT1/cmr/m/n/14.4 )$ \T2A/cmr/m/n/14.4 за-д
о-вiль-ня№
 []

[9]
Overfull \hbox (28.27824pt too wide) in paragraph at lines 333--397
\OML/cmm/m/it/14.4 y[]\OT1/cmr/m/n/14.4 (\OML/cmm/m/it/14.4 t\OT1/cmr/m/n/14.4 
) = \OML/cmm/m/it/14.4 f\OT1/cmr/m/n/14.4 (\OML/cmm/m/it/14.4 t; y\OT1/cmr/m/n/
14.4 (\OML/cmm/m/it/14.4 t\OT1/cmr/m/n/14.4 )) \OMS/cmsy/m/n/14.4 ) [][] \OML/c
mm/m/it/14.4 y[]\OT1/cmr/m/n/14.4 (\OML/cmm/m/it/14.4 t\OT1/cmr/m/n/14.4 ) \OML
/cmm/m/it/14.4 dt \OT1/cmr/m/n/14.4 = [][] \OML/cmm/m/it/14.4 f\OT1/cmr/m/n/14.
4 (\OML/cmm/m/it/14.4 t; y\OT1/cmr/m/n/14.4 (\OML/cmm/m/it/14.4 t\OT1/cmr/m/n/1
4.4 )) \OML/cmm/m/it/14.4 dt \OMS/cmsy/m/n/14.4 ) \OML/cmm/m/it/14.4 y\OT1/cmr/
m/n/14.4 (\OML/cmm/m/it/14.4 x\OT1/cmr/m/n/14.4 ) = \OML/cmm/m/it/14.4 y[] \OT1
/cmr/m/n/14.4 + [][] \OML/cmm/m/it/14.4 f\OT1/cmr/m/n/14.4 (\OML/cmm/m/it/14.4 
t; y\OT1/cmr/m/n/14.4 (\OML/cmm/m/it/14.4 t\OT1/cmr/m/n/14.4 )) \OML/cmm/m/it/1
4.4 dt$ 
 []


Underfull \hbox (badness 10000) in paragraph at lines 333--397

 []


Underfull \hbox (badness 10000) in paragraph at lines 333--397

 []


Overfull \hbox (17.58046pt too wide) in paragraph at lines 333--397
\T2A/cmr/m/n/14.4 Оскiльки $\OML/cmm/m/it/14.4 f \OMS/cmsy/m/n/14.4 2 \OML/cmm/
m/it/14.4 C\OT1/cmr/m/n/14.4 (^^E)$\T2A/cmr/m/n/14.4 , то во-на вза-га-лi № обм
е-же-ною, то-му $\OMS/cmsy/m/n/14.4 9\OML/cmm/m/it/14.4 M \OT1/cmr/m/n/14.4 = [
] \OMS/cmsy/m/n/14.4 j\OML/cmm/m/it/14.4 f\OT1/cmr/m/n/14.4 (\OML/cmm/m/it/14.4
 x; y\OT1/cmr/m/n/14.4 )\OMS/cmsy/m/n/14.4 j$ 
 []


Overfull \hbox (19.8704pt too wide) in paragraph at lines 333--397
\T2A/cmr/m/n/14.4 За при-пу-ще-н-ням, $\OML/cmm/m/it/14.4 y[]$ \T2A/cmr/m/n/14.
4 вже ле-жить в за-да-но-му пря-мо-ку-тни-ку. То-му $\OML/cmm/m/it/14.4 f\OT1/c
mr/m/n/14.4 (\OML/cmm/m/it/14.4 x; y[]\OT1/cmr/m/n/14.4 (\OML/cmm/m/it/14.4 x\O
T1/cmr/m/n/14.4 ))$
 []


Underfull \hbox (badness 10000) in paragraph at lines 333--397

 []


Overfull \hbox (57.55356pt too wide) in paragraph at lines 333--397
\OMS/cmsy/m/n/14.4 j\OML/cmm/m/it/14.4 y[]\OT1/cmr/m/n/14.4 (\OML/cmm/m/it/14.4
 x\OT1/cmr/m/n/14.4 ) \OMS/cmsy/m/n/14.4 ^^@ \OML/cmm/m/it/14.4 y[]\OT1/cmr/m/n
/14.4 (\OML/cmm/m/it/14.4 x\OT1/cmr/m/n/14.4 )\OMS/cmsy/m/n/14.4 j \OT1/cmr/m/n
/14.4 = [] \OMS/cmsy/m/n/14.4 ^^T [] ^^T
 []


Underfull \hbox (badness 10000) in paragraph at lines 333--397

 []


Underfull \hbox (badness 10000) in paragraph at lines 333--397

 []


Underfull \hbox (badness 10000) in paragraph at lines 333--397

 []


Overfull \hbox (63.91536pt too wide) in paragraph at lines 333--397
\OML/cmm/m/it/14.4 y[]\OT1/cmr/m/n/14.4 (\OML/cmm/m/it/14.4 x\OT1/cmr/m/n/14.4 
) = [] \OML/cmm/m/it/14.4 y[]\OT1/cmr/m/n/14.4 (\OML/cmm/m/it/14.4 x\OT1/cmr/m/
n/14.4 ) = [] [] = \OML/cmm/m/it/14.4 y[] \OT1/cmr/m/n/14.4 + [][] \OML/cmm/m/i
t/14.4 f\OT1/cmr/m/n/14.4 (\OML/cmm/m/it/14.4 t; [] y[]\OT1/cmr/m/n/14.4 (\OML/
cmm/m/it/14.4 t\OT1/cmr/m/n/14.4 )) \OML/cmm/m/it/14.4 dt \OT1/cmr/m/n/14.4 =
 []


Overfull \hbox (19.81633pt too wide) in paragraph at lines 333--397
\OMS/cmsy/m/n/14.4 j\OML/cmm/m/it/14.4 z\OT1/cmr/m/n/14.4 (\OML/cmm/m/it/14.4 x
\OT1/cmr/m/n/14.4 )\OMS/cmsy/m/n/14.4 j \OT1/cmr/m/n/14.4 = [] \OMS/cmsy/m/n/14
.4 ^^T [] ^^T
 []

[10] [11] [12]
Overfull \hbox (18.40698pt too wide) in paragraph at lines 406--414
\T2A/cmr/bx/n/14.4 Задачею Ко-шi з по-ча-тко-вою умо-вою $\OT1/cmr/m/n/14.4 (\O
ML/cmm/m/it/14.4 x[]; y[]; y[]; []  ; y[]\OT1/cmr/m/n/14.4 )$ \T2A/cmr/m/n/14.4
 на-зи-ва-№-ться
 []

[13]
Overfull \hbox (43.6886pt too wide) in paragraph at lines 441--458
\OMS/cmsy/m/n/14.4 ^^T j\OML/cmm/m/it/14.4 L[]\OT1/cmr/m/n/14.4 (\OML/cmm/m/it/
14.4 y[] \OMS/cmsy/m/n/14.4 ^^@ \OML/cmm/m/it/14.4 y[]\OT1/cmr/m/n/14.4 )\OMS/c
msy/m/n/14.4 j \OT1/cmr/m/n/14.4 + [] + \OMS/cmsy/m/n/14.4 j\OML/cmm/m/it/14.4 
L[]\OT1/cmr/m/n/14.4 (\OML/cmm/m/it/14.4 y[] \OMS/cmsy/m/n/14.4 ^^@ \OML/cmm/m/
it/14.4 y[]\OT1/cmr/m/n/14.4 )\OMS/cmsy/m/n/14.4 j ^^T \OML/cmm/m/it/14.4 L []$

 []


Underfull \hbox (badness 10000) in paragraph at lines 466--474

 []


Underfull \hbox (badness 10000) in paragraph at lines 466--474

 []

[14]
Underfull \hbox (badness 10000) in paragraph at lines 489--501

 []

[15] [16] [17]
Overfull \hbox (20.53786pt too wide) in paragraph at lines 542--566
\T2A/cmr/bx/n/14.4 Розв'язком \T2A/cmr/m/n/14.4 на-зи-ва-№-ться фун-кцiя $\OML/
cmm/m/it/14.4 ' \OMS/cmsy/m/n/14.4 2 \OML/cmm/m/it/14.4 C[]\OT1/cmr/m/n/14.4 (\
OML/cmm/m/it/14.4 J\OT1/cmr/m/n/14.4 )$\T2A/cmr/m/n/14.4 , $\OML/cmm/m/it/14.4 
J \OMS/cmsy/m/n/14.4 ^^Z \OML/cmm/m/it/14.4 I$\T2A/cmr/m/n/14.4 , якщо во-на за
-до-воль-ня№
 []


Underfull \hbox (badness 10000) in paragraph at lines 542--566

 []


Overfull \hbox (28.60506pt too wide) in paragraph at lines 542--566
\T2A/cmr/m/n/14.4 то-чки умов Ко-шi. От-же, фун-кцiя пiд умо-вою Лi-пши-ця. А з
на-чить, спра-цьо-ву№
 []

[18]
Overfull \hbox (12.1086pt too wide) in paragraph at lines 609--849
[]\OML/cmm/m/it/14.4 e[]e[] [] e[] [] \OT1/cmr/m/n/14.4 = \OML/cmm/m/it/14.4 e[
]D[]\OT1/cmr/m/n/14.4 (\OML/cmm/m/it/14.4 ^^U[]; ^^U[]; [] ; ^^U[]\OT1/cmr/m/n/
14.4 )$ 
 []


Underfull \hbox (badness 10000) in paragraph at lines 609--849

 []


Overfull \hbox (2.32288pt too wide) in paragraph at lines 609--849
\T2A/cmr/bx/n/14.4 Remark 3.1.5. \T2A/cmr/m/n/14.4 Якщо $\OML/cmm/m/it/14.4 W\O
T1/cmr/m/n/14.4 [\OML/cmm/m/it/14.4 f[]; [] ; f[]\OT1/cmr/m/n/14.4 ] \OMS/cmsy/
m/n/14.4 ^^Q \OT1/cmr/m/n/14.4 0$\T2A/cmr/m/n/14.4 , то $\OMS/cmsy/m/n/14.4 f\O
ML/cmm/m/it/14.4 f[]; [] ; f[]\OMS/cmsy/m/n/14.4 g$ $[]$ \T2A/cmr/m/n/14.4 бу-т
и лi-нiй-но
 []


Overfull \hbox (52.44234pt too wide) in paragraph at lines 609--849
[]$ \T2A/cmr/m/n/14.4 ма№ не-три-вi-аль-нi розв'язки 
 []


Overfull \hbox (7.80168pt too wide) in paragraph at lines 609--849
\T2A/cmr/m/n/14.4 Якщо про-ди-фе-рен-цi-ю-ва-ти $\OT1/cmr/m/n/14.4 (\OML/cmm/m/
it/14.4 n \OMS/cmsy/m/n/14.4 ^^@ \OT1/cmr/m/n/14.4 1)$ \T2A/cmr/m/n/14.4 раз та
 всю-ди $\OML/cmm/m/it/14.4 x \OT1/cmr/m/n/14.4 = \OML/cmm/m/it/14.4 x[]$\T2A/c
mr/m/n/14.4 , то мо-жна отри-ма-ти,
 []


Overfull \hbox (13.42154pt too wide) in paragraph at lines 609--849
\T2A/cmr/m/n/14.4 Тодi $\OMS/cmsy/m/n/14.4 f\OML/cmm/m/it/14.4 y[]; y[]; [] ; y
[]\OMS/cmsy/m/n/14.4 g$ \T2A/cmr/m/n/14.4 утво-рю-ють лi-нiй-ний ба-зис в про-с
то-рi розв'язкiв на-шо-го
 []


Overfull \hbox (6.92627pt too wide) in paragraph at lines 609--849
\T2A/cmr/m/n/14.4 Задана $\OMS/cmsy/m/n/14.4 f\OML/cmm/m/it/14.4 y[]; [] ; y[]\
OMS/cmsy/m/n/14.4 g$ \T2A/cmr/m/n/14.4 - фун-да-мен-таль-на си-сте-ма розв'язкi
в на-шо-го рiв-ня-н-ня
 []

[19] [20] [21] [22] [23]
Overfull \hbox (49.36856pt too wide) in paragraph at lines 851--935
\OT1/cmr/m/n/14.4 + [] + [] + [] =$ 
 []


Underfull \hbox (badness 10000) in paragraph at lines 851--935

 []


Overfull \hbox (18.13873pt too wide) in paragraph at lines 851--935
[] \OMS/cmsy/m/n/14.4 ^^@ \OML/cmm/m/it/14.4 a[]\OT1/cmr/m/n/14.4 (\OML/cmm/m/i
t/14.4 x\OT1/cmr/m/n/14.4 ) [] = \OMS/cmsy/m/n/14.4 ^^@\OML/cmm/m/it/14.4 a[]\O
T1/cmr/m/n/14.4 (\OML/cmm/m/it/14.4 x\OT1/cmr/m/n/14.4 )\OML/cmm/m/it/14.4 W\OT
1/cmr/m/n/14.4 [\OML/cmm/m/it/14.4 y[]; [] ; y[]\OT1/cmr/m/n/14.4 ](\OML/cmm/m/
it/14.4 x\OT1/cmr/m/n/14.4 )$ 
 []


Overfull \hbox (16.55902pt too wide) in paragraph at lines 851--935
\T2A/cmr/m/n/14.4 Взагалi, тут мав би бу-ти знак $\OMS/cmsy/m/n/14.4 ^^F$\T2A/c
mr/m/n/14.4 , але якщо пiд-ста-ви-ти $\OML/cmm/m/it/14.4 x \OT1/cmr/m/n/14.4 = 
\OML/cmm/m/it/14.4 x[]$\T2A/cmr/m/n/14.4 , то за-ли-ши-ться
 []


Overfull \hbox (14.19778pt too wide) in paragraph at lines 851--935
\T2A/cmr/m/n/14.4 Метод розв'язку лi-нiй-них одно-рi-дних ди-фе-рен-цi-аль-них 
рiв-нянь най-ча-стi-ше
 []


Overfull \hbox (27.4496pt too wide) in paragraph at lines 851--935
\T2A/cmr/m/n/14.4 дру-го-го по-ряд-ку са-ме ба-зу-№-ться на те-о-ре-мi Острогра
дського-Якобi. Спо-ча-тку
 []


Underfull \hbox (badness 10000) in paragraph at lines 851--935

 []


Underfull \hbox (badness 10000) in paragraph at lines 851--935

 []

[24] [25]
Underfull \hbox (badness 10000) in paragraph at lines 940--1022

 []


Overfull \hbox (16.31299pt too wide) in paragraph at lines 940--1022
\T2A/cmr/m/n/14.4 Для не-о-дно-рi-дних рiв-нянь iсну№ по-ки №ди-ний за-галь-них
 ви-хiд, як розв'язати
 []


Underfull \hbox (badness 10000) in paragraph at lines 940--1022

 []


Overfull \hbox (29.95946pt too wide) in paragraph at lines 940--1022
\OML/cmm/m/it/14.4 y[] \OT1/cmr/m/n/14.4 = \OML/cmm/m/it/14.4 c[]\OT1/cmr/m/n/1
4.4 (\OML/cmm/m/it/14.4 x\OT1/cmr/m/n/14.4 )\OML/cmm/m/it/14.4 y[]\OT1/cmr/m/n/
14.4 (\OML/cmm/m/it/14.4 x\OT1/cmr/m/n/14.4 ) + \OML/cmm/m/it/14.4 c[]\OT1/cmr/
m/n/14.4 (\OML/cmm/m/it/14.4 x\OT1/cmr/m/n/14.4 )\OML/cmm/m/it/14.4 y[]\OT1/cmr
/m/n/14.4 (\OML/cmm/m/it/14.4 x\OT1/cmr/m/n/14.4 ) + [] + \OML/cmm/m/it/14.4 c[
]\OT1/cmr/m/n/14.4 (\OML/cmm/m/it/14.4 x\OT1/cmr/m/n/14.4 )\OML/cmm/m/it/14.4 y
[]\OT1/cmr/m/n/14.4 (\OML/cmm/m/it/14.4 x\OT1/cmr/m/n/14.4 ) + \OML/cmm/m/it/14
.4 c[]\OT1/cmr/m/n/14.4 (\OML/cmm/m/it/14.4 x\OT1/cmr/m/n/14.4 )\OML/cmm/m/it/1
4.4 y[]\OT1/cmr/m/n/14.4 (\OML/cmm/m/it/14.4 x\OT1/cmr/m/n/14.4 ) []
 []


Overfull \hbox (7.9826pt too wide) in paragraph at lines 940--1022
[] \OT1/cmr/m/n/14.4 +
 []


Underfull \hbox (badness 10000) in paragraph at lines 940--1022

 []


Overfull \hbox (40.75551pt too wide) in paragraph at lines 940--1022
\T2A/cmr/m/n/14.4 розв'язок, оскiль-ки де-тер-мi-нант ма-три-цi ко-е-фi-цi-№н-т
iв - де-тер-мi-нант Врон-сько-го
 []


Underfull \hbox (badness 10000) in paragraph at lines 940--1022

 []

[26] [27] [28]
Underfull \hbox (badness 10000) in paragraph at lines 1027--1046

 []


Overfull \hbox (1.42067pt too wide) in paragraph at lines 1027--1046
\T2A/cmr/bx/n/14.4 Деяка iн-фор-ма-цiя про ком-пле-ксно-зна-чнi фун-кцiЁ в по-л
i дiй-сних
 []


Underfull \hbox (badness 10000) in paragraph at lines 1027--1046

 []


Overfull \hbox (0.18452pt too wide) in paragraph at lines 1027--1046
\T2A/cmr/bx/n/14.4 Definition 3.3.1. Ха-ра-кте-ри-сти-чним мно-го-чле-ном \T2A/
cmr/m/n/14.4 бу-де-мо на-зи-ва-ти
 []


Overfull \hbox (48.95522pt too wide) in paragraph at lines 1048--1149
\T2A/cmr/bx/n/14.4 Proposition 3.3.2. $\OML/cmm/m/it/14.4 e[]$ \T2A/cmr/m/n/14.
4 - ко-рiнь рiв-ня-н-ня $ \OMS/cmsy/m/n/14.4 ([]) $ $\OML/cmm/m/it/14.4 ^^U \OM
S/cmsy/m/n/14.4 2 \U/msb/m/n/14.4 C$ \T2A/cmr/m/n/14.4 - ко-рiнь ха-ра-кте-ри-с
ти-чно-го
 []


Underfull \hbox (badness 10000) in paragraph at lines 1048--1149

 []


Underfull \hbox (badness 10000) in paragraph at lines 1048--1149

 []


Overfull \hbox (34.05984pt too wide) in paragraph at lines 1048--1149
\T2A/cmr/m/n/14.4 Згiдно з \T2A/cmr/bx/n/14.4 Ex. 3.1.3.\T2A/cmr/m/n/14.4 , та-
ка си-сте-ма № лi-нiй-но НЕ-за-ле-жною. Оскiль-ки $\OML/cmm/m/it/14.4 ^^V[]; []
 ; ^^V[] \OMS/cmsy/m/n/14.4 2
 []


Overfull \hbox (27.71147pt too wide) in paragraph at lines 1048--1149
\T2A/cmr/m/n/14.4 № фун-да-мен-таль-ною си-сте-мою розв'язкiв. При-чо-му $\OML/
cmm/m/it/14.4 ^^V[]; [] ; ^^V[] \OMS/cmsy/m/n/14.4 2 \U/msb/m/n/14.4 R$ \T2A/cm
r/m/n/14.4 з кра-тнi-стю
 []


Underfull \hbox (badness 10000) in paragraph at lines 1048--1149

 []


Overfull \hbox (8.27602pt too wide) in paragraph at lines 1048--1149
\T2A/cmr/bx/n/14.4 Lemma 1. \T2A/cmr/m/n/14.4 Якщо $\OML/cmm/m/it/14.4 ^^U[] \O
MS/cmsy/m/n/14.4 2 \U/msb/m/n/14.4 C$ \T2A/cmr/m/n/14.4 - ко-рiнь кра-тно-стi $
\OML/cmm/m/it/14.4 s[]$ \T2A/cmr/m/n/14.4 ха-ра-кте-ри-сти-чно-го по-лi-но-ма
 []


Overfull \hbox (1.2085pt too wide) in paragraph at lines 1048--1149
\OML/cmm/m/it/14.4 L [] \OT1/cmr/m/n/14.4 = [] [] =$ 
 []


Overfull \hbox (69.58226pt too wide) in paragraph at lines 1048--1149
\OT1/cmr/m/n/14.4 = \OML/cmm/m/it/14.4 D[] [] [][] [] [] C[]P[]\OT1/cmr/m/n/14.
4 (\OML/cmm/m/it/14.4 ^^U\OT1/cmr/m/n/14.4 )(\OML/cmm/m/it/14.4 e[]\OT1/cmr/m/n
/14.4 )[][][] = [] \OML/cmm/m/it/14.4 C[]P[]\OT1/cmr/m/n/14.4 (\OML/cmm/m/it/14
.4 ^^U[]\OT1/cmr/m/n/14.4 )\OML/cmm/m/it/14.4 ^^U[]e[]$ 
 []


Underfull \hbox (badness 10000) in paragraph at lines 1048--1149

 []


Underfull \hbox (badness 10000) in paragraph at lines 1048--1149

 []


Overfull \hbox (4.9826pt too wide) in paragraph at lines 1048--1149
[] [] \OT1/cmr/m/n/14.4 = [] \OML/cmm/m/it/14.4 C[]f[]\OT1/cmr/m/n/14.4 (\OML/c
mm/m/it/14.4 x\OT1/cmr/m/n/14.4 )(\OML/cmm/m/it/14.4 ^^U[] \OMS/cmsy/m/n/14.4 ^
^@ \OML/cmm/m/it/14.4 ^^U[]\OT1/cmr/m/n/14.4 )[]\OML/cmm/m/it/14.4 e[] [] []e[]
$ 
 []


Overfull \hbox (50.30215pt too wide) in paragraph at lines 1048--1149
\OML/cmm/m/it/14.4 ^^U[] \OT1/cmr/m/n/14.4 = 2\OML/cmm/m/it/14.4 i; ^^U[] \OT1/
cmr/m/n/14.4 = \OMS/cmsy/m/n/14.4 ^^@\OT1/cmr/m/n/14.4 2\OML/cmm/m/it/14.4 i$ \
T2A/cmr/m/n/14.4 - кра-тно-стi 2, то-му тут си-сте-ма: $\OMS/cmsy/m/n/14.4 f[] 
\OT1/cmr/m/n/14.4 2\OML/cmm/m/it/14.4 x; [] \OT1/cmr/m/n/14.4 2\OML/cmm/m/it/14
.4 x; x [] \OT1/cmr/m/n/14.4 2\OML/cmm/m/it/14.4 x; x [] \OT1/cmr/m/n/14.4 2\OM
L/cmm/m/it/14.4 x\OMS/cmsy/m/n/14.4 g$ 
 []


Underfull \hbox (badness 10000) in paragraph at lines 1048--1149

 []

[29] [30] [31] [32]
Overfull \hbox (14.16254pt too wide) in paragraph at lines 1150--1150
[]\T2A/cmr/bx/n/17.28 Неоднорiдне рiв-ня-н-ня з по-стiй-ни-ми ко-е-фi-цi-№н-та-
ми 
 []


Overfull \hbox (15.17938pt too wide) in paragraph at lines 1154--1177
\T2A/cmr/m/n/14.4 В на-шо-му ви-пад-ку ми бу-де-мо роз-гля-да-ти $\OML/cmm/m/it
/14.4 b\OT1/cmr/m/n/14.4 (\OML/cmm/m/it/14.4 x\OT1/cmr/m/n/14.4 ) = \OML/cmm/m/
it/14.4 e[]\OT1/cmr/m/n/14.4 ([])$\T2A/cmr/m/n/14.4 .
 []


Underfull \hbox (badness 10000) in paragraph at lines 1154--1177

 []

[33] [34]
Overfull \hbox (13.98213pt too wide) in paragraph at lines 1179--1179
[]\T2A/cmr/bx/n/20.74 Диференцiальнi рiв-ня-н-ня, що не по-тра-пи-ли 
 []


Overfull \hbox (1.27823pt too wide) in paragraph at lines 1184--1187
\T2A/cmr/m/n/14.4 Якщо $\OML/cmm/m/it/14.4 b \OT1/cmr/m/n/14.4 = 0$\T2A/cmr/m/n
/14.4 , то то-дi ми при-йде-мо до рiв-ня-н-ня з вiд-окрем-ле-ни-ми змiн-ни-ми 
 []


Underfull \hbox (badness 10000) in paragraph at lines 1189--1200

 []


Overfull \hbox (8.1732pt too wide) in paragraph at lines 1214--1240
\T2A/cmr/bx/n/14.4 Remark. \T2A/cmr/m/n/14.4 Ква-зi-о-дно-рi-днi рiв-ня-н-ня мо
-жуть ско-ро-ти-ти область ви-зна-че-н-ня.
 []


Underfull \hbox (badness 10000) in paragraph at lines 1214--1240

 []

[35]
Underfull \hbox (badness 10000) in paragraph at lines 1245--1257

 []

[36]
Underfull \hbox (badness 10000) in paragraph at lines 1271--1302

 []

[37] [38]
Underfull \hbox (badness 10000) in paragraph at lines 1323--1340

 []


Underfull \hbox (badness 10000) in paragraph at lines 1345--1354

 []

[39] [40]
Underfull \hbox (badness 10000) in paragraph at lines 1388--1393

 []


Underfull \hbox (badness 10000) in paragraph at lines 1407--1410

 []


Underfull \hbox (badness 10000) in paragraph at lines 1419--1432

 []

[41]
Overfull \hbox (14.98077pt too wide) in paragraph at lines 1434--1469
\T2A/cmr/m/n/14.4 Проте зав-жди мо-жна зве-сти до пов-них ди-фе-рен-цi-а-лах шл
я-хом до-мно-же-н-ня
 []


Overfull \hbox (5.224pt too wide) in paragraph at lines 1434--1469
\T2A/cmr/bx/n/14.4 Definition. \T2A/cmr/m/n/14.4 Фун-кцiя $\OML/cmm/m/it/14.4 ^
^V\OT1/cmr/m/n/14.4 (\OML/cmm/m/it/14.4 x; y\OT1/cmr/m/n/14.4 )$ \T2A/cmr/m/n/1
4.4 на-зи-ва-№-ться \T2A/cmr/bx/n/14.4 iн-те-гру-валь-ним мно-жни-ком\T2A/cmr/m
/n/14.4 ,
 []


Underfull \hbox (badness 10000) in paragraph at lines 1434--1469

 []

[42] [43] (./Diffeq.aux) ) 
Here is how much of TeX's memory you used:
 25872 strings out of 481239
 640563 string characters out of 5920376
 1039507 words of memory out of 5000000
 40693 multiletter control sequences out of 15000+600000
 548144 words of font info for 65 fonts, out of 8000000 for 9000
 1141 hyphenation exceptions out of 8191
 68i,16n,98p,734b,609s stack positions out of 5000i,500n,10000p,200000b,80000s
{/usr/share/texmf/fonts/enc/dvips/cm-super/cm-super-t
2a.enc}</usr/share/texlive/texmf-dist/fonts/type1/public/amsfonts/cm/cmbsy10.pf
b></usr/share/texlive/texmf-dist/fonts/type1/public/amsfonts/cm/cmex10.pfb></us
r/share/texlive/texmf-dist/fonts/type1/public/amsfonts/cm/cmmi10.pfb></usr/shar
e/texlive/texmf-dist/fonts/type1/public/amsfonts/cm/cmmi12.pfb></usr/share/texl
ive/texmf-dist/fonts/type1/public/amsfonts/cm/cmmi7.pfb></usr/share/texlive/tex
mf-dist/fonts/type1/public/amsfonts/cm/cmr10.pfb></usr/share/texlive/texmf-dist
/fonts/type1/public/amsfonts/cm/cmr12.pfb></usr/share/texlive/texmf-dist/fonts/
type1/public/amsfonts/cm/cmr17.pfb></usr/share/texlive/texmf-dist/fonts/type1/p
ublic/amsfonts/cm/cmr7.pfb></usr/share/texlive/texmf-dist/fonts/type1/public/am
sfonts/cm/cmsy10.pfb></usr/share/texlive/texmf-dist/fonts/type1/public/amsfonts
/cm/cmsy7.pfb></usr/share/texlive/texmf-dist/fonts/type1/public/amsfonts/symbol
s/msam10.pfb></usr/share/texlive/texmf-dist/fonts/type1/public/amsfonts/symbols
/msbm10.pfb></usr/share/texmf/fonts/type1/public/cm-super/sfbx1440.pfb></usr/sh
are/texmf/fonts/type1/public/cm-super/sfbx1728.pfb></usr/share/texmf/fonts/type
1/public/cm-super/sfbx2074.pfb></usr/share/texmf/fonts/type1/public/cm-super/sf
rm1000.pfb></usr/share/texmf/fonts/type1/public/cm-super/sfrm1440.pfb></usr/sha
re/texmf/fonts/type1/public/cm-super/sfti1440.pfb>
Output written on Diffeq.pdf (44 pages, 379581 bytes).
PDF statistics:
 228 PDF objects out of 1000 (max. 8388607)
 161 compressed objects within 2 object streams
 0 named destinations out of 1000 (max. 500000)
 13 words of extra memory for PDF output out of 10000 (max. 10000000)

