\BOOKMARK [1][-]{section.1}{\376\377\004\020\004\073\004\063\004\065\004\061\004\100\004\060\000\040\004\062\004\070\004\101\004\073\004\076\004\062\004\073\004\065\004\075\004\114}{}% 1
\BOOKMARK [2][-]{subsection.1.1}{\376\377\004\036\004\101\004\075\004\076\004\062\004\060}{section.1}% 2
\BOOKMARK [2][-]{subsection.1.2}{\376\377\004\006\004\075\004\102\004\065\004\100\004\077\004\100\004\065\004\102\004\060\004\106\004\126\004\117\000\040\004\104\004\076\004\100\004\074\004\103\004\073\000\040\004\060\004\073\004\063\004\065\004\061\004\100\004\070\000\040\004\062\004\070\004\101\004\073\004\076\004\062\004\073\004\065\004\075\004\114}{section.1}% 3
\BOOKMARK [2][-]{subsection.1.3}{\376\377\004\036\004\101\004\075\004\076\004\062\004\075\004\126\000\040\004\102\004\076\004\102\004\076\004\066\004\075\004\076\004\101\004\102\004\126}{section.1}% 4
\BOOKMARK [2][-]{subsection.1.4}{\376\377\004\024\004\103\004\060\004\073\004\114\004\075\004\126\004\101\004\102\004\114\000,\000\040\004\103\004\067\004\060\004\063\004\060\004\073\004\114\004\075\004\065\004\075\004\065\000\040\004\077\004\100\004\060\004\062\004\070\004\073\004\076\000\040\004\064\004\065\000\040\004\034\004\076\004\100\004\063\004\060\004\075\004\060}{section.1}% 5
\BOOKMARK [2][-]{subsection.1.5}{\376\377\004\033\004\076\004\063\004\126\004\107\004\075\004\070\004\071\000\040\004\075\004\060\004\101\004\073\004\126\004\064\004\076\004\072\000,\000\040\004\073\004\076\004\063\004\126\004\107\004\075\004\060\000\040\004\065\004\072\004\062\004\126\004\062\004\060\004\073\004\065\004\075\004\102\004\075\004\126\004\101\004\102\004\114}{section.1}% 6
\BOOKMARK [2][-]{subsection.1.6}{\376\377\004\042\004\100\004\076\004\110\004\072\004\070\000\040\004\077\004\100\004\076\000\040\004\077\004\100\004\065\004\064\004\070\004\072\004\060\004\102\004\070\000\040\004\102\004\060\000\040\004\072\004\062\004\060\004\075\004\102\004\076\004\100\004\070}{section.1}% 7
\BOOKMARK [1][-]{section.2}{\376\377\004\042\004\065\004\076\004\100\004\126\004\117\000\040\004\074\004\075\004\076\004\066\004\070\004\075}{}% 8
\BOOKMARK [2][-]{subsection.2.1}{\376\377\004\036\004\101\004\075\004\076\004\062\004\060}{section.2}% 9
\BOOKMARK [2][-]{subsection.2.2}{\376\377\004\036\004\101\004\075\004\076\004\062\004\075\004\126\000\040\004\076\004\077\004\065\004\100\004\060\004\106\004\126}{section.2}% 10
\BOOKMARK [2][-]{subsection.2.3}{\376\377\004\036\004\101\004\075\004\076\004\062\004\075\004\126\000\040\004\102\004\076\004\102\004\076\004\066\004\075\004\076\004\101\004\102\004\126}{section.2}% 11
\BOOKMARK [2][-]{subsection.2.4}{\376\377\004\057\004\072\000\040\004\064\004\076\004\062\004\076\004\064\004\070\004\102\004\070\000\040\004\067\004\060\004\072\004\076\004\075\004\070\000\040\004\060\004\073\004\063\004\065\004\061\004\100\004\070\000\040\004\074\004\075\004\076\004\066\004\070\004\075}{section.2}% 12
\BOOKMARK [3][-]{subsubsection.2.4.1}{\376\377\004\034\004\076\004\064\004\065\004\073\004\114\004\075\004\065\000\040\004\064\004\076\004\062\004\065\004\064\004\065\004\075\004\075\004\117}{subsection.2.4}% 13
\BOOKMARK [3][-]{subsubsection.2.4.2}{\376\377\004\020\004\072\004\101\004\126\004\076\004\074\004\060\004\102\004\070\004\107\004\075\004\065\000\040\004\064\004\076\004\062\004\065\004\064\004\065\004\075\004\075\004\117}{subsection.2.4}% 14
\BOOKMARK [3][-]{subsubsection.2.4.3}{\376\377\004\024\004\126\004\060\004\063\004\100\004\060\004\074\004\060\000\040\004\022\004\065\004\075\004\075\004\060}{subsection.2.4}% 15
\BOOKMARK [2][-]{subsection.2.5}{\376\377\004\041\004\072\004\126\004\075\004\107\004\065\004\075\004\075\004\126\000\040\004\074\004\075\004\076\004\066\004\070\004\075\004\070\000.\000\040\004\037\004\076\004\102\004\103\004\066\004\075\004\126\004\101\004\102\004\114}{section.2}% 16
\BOOKMARK [2][-]{subsection.2.6}{\376\377\004\024\004\065\004\072\004\060\004\100\004\102\004\126\004\062\000\040\004\064\004\076\004\061\004\103\004\102\004\076\004\072}{section.2}% 17
\BOOKMARK [2][-]{subsection.2.7}{\376\377\004\040\004\076\004\067\004\062\000'\004\117\004\067\004\076\004\072\000\040\004\064\004\065\004\117\004\072\004\070\004\105\000\040\004\100\004\126\004\062\004\075\004\117\004\075\004\114}{section.2}% 18
\BOOKMARK [1][-]{section.3}{\376\377\004\042\004\065\004\076\004\100\004\126\004\117\000\040\004\062\004\126\004\064\004\075\004\076\004\110\004\065\004\075\004\114}{}% 19
\BOOKMARK [2][-]{subsection.3.1}{\376\377\004\036\004\101\004\075\004\076\004\062\004\060}{section.3}% 20
\BOOKMARK [2][-]{subsection.3.2}{\376\377\004\036\004\101\004\075\004\076\004\062\004\075\004\126\000\040\004\076\004\077\004\065\004\100\004\060\004\106\004\126\004\127}{section.3}% 21
\BOOKMARK [2][-]{subsection.3.3}{\376\377\004\022\004\073\004\060\004\101\004\102\004\070\004\062\004\076\004\101\004\102\004\126\000\040\004\061\004\126\004\075\004\060\004\100\004\075\004\070\004\105\000\040\004\062\004\126\004\064\004\075\004\076\004\110\004\065\004\075\004\114}{section.3}% 22
\BOOKMARK [2][-]{subsection.3.4}{\376\377\004\042\004\100\004\060\004\075\004\067\004\070\004\102\004\070\004\062\004\075\004\065\000\040\004\067\004\060\004\074\004\070\004\072\004\060\004\075\004\075\004\117}{section.3}% 23
\BOOKMARK [2][-]{subsection.3.5}{\376\377\004\022\004\126\004\064\004\075\004\076\004\110\004\065\004\075\004\075\004\117\000\040\004\065\004\072\004\062\004\126\004\062\004\060\004\073\004\065\004\075\004\102\004\075\004\076\004\101\004\102\004\126}{section.3}% 24
\BOOKMARK [2][-]{subsection.3.6}{\376\377\004\022\004\126\004\064\004\075\004\076\004\110\004\065\004\075\004\075\004\117\000\040\004\077\004\076\004\100\004\117\004\064\004\072\004\103}{section.3}% 25
\BOOKMARK [2][-]{subsection.3.7}{\376\377\004\040\004\076\004\067\004\061\004\070\004\102\004\102\004\117\000\040\004\074\004\075\004\076\004\066\004\070\004\075\000,\000\040\004\104\004\060\004\072\004\102\004\076\004\100\000-\004\074\004\075\004\076\004\066\004\070\004\075\004\070}{section.3}% 26
\BOOKMARK [2][-]{subsection.3.8}{\376\377\004\044\004\103\004\075\004\072\004\106\004\126\004\117\000\040\004\117\004\072\000\040\004\076\004\072\004\100\004\065\004\074\004\070\004\071\000\040\004\062\004\070\004\077\004\060\004\064\004\076\004\072\000\040\004\062\004\126\004\064\004\075\004\076\004\110\004\065\004\075\004\075\004\117}{section.3}% 27
